Removing conda version miniforge3-24.7.1
Loading conda version miniforge3-24.7.1
                             train_auc_mean  train_auc_std  val_auc_mean  val_auc_std  test_auc_mean  test_auc_std
dataset model     readout                                                                                         
BACE    gat       attention          0.6667         0.0973        0.6471       0.0811         0.6022        0.0561
                  max                0.8146         0.0184        0.7356       0.0398         0.7083        0.0293
                  mean               0.6856         0.1271        0.6512       0.1482         0.6315        0.0958
                  sum                0.7021         0.0053        0.6427       0.0474         0.6443        0.0344
        gcn       attention          0.7318         0.0327        0.7100       0.0488         0.6273        0.0548
                  max                0.8225         0.0268        0.7512       0.0350         0.7273        0.0285
                  mean               0.5964         0.0772        0.5955       0.0711         0.5651        0.0860
                  sum                0.7080         0.0054        0.6494       0.0402         0.6308        0.0118
        gin       attention          0.9044         0.0346        0.8581       0.0345         0.7986        0.0440
                  max                0.9212         0.0234        0.8306       0.0201         0.8000        0.0383
                  mean               0.9329         0.0235        0.8671       0.0385         0.8324        0.0435
                  sum                0.9377         0.0149        0.8580       0.0358         0.8106        0.0425
        graphsage attention          0.6708         0.0774        0.6423       0.0569         0.5798        0.0693
                  max                0.8704         0.0179        0.8056       0.0428         0.7746        0.0344
                  mean               0.8406         0.0125        0.7919       0.0197         0.7730        0.0318
                  sum                0.7518         0.0951        0.6820       0.0999         0.7020        0.1084
BBBP    gat       attention          0.4926         0.1261           NaN          NaN            NaN           NaN
                  max                0.4961         0.0585           NaN          NaN            NaN           NaN
                  mean               0.4723         0.1482           NaN          NaN            NaN           NaN
                  sum                0.4607         0.2017           NaN          NaN            NaN           NaN
        gcn       attention          0.4892         0.1126           NaN          NaN            NaN           NaN
                  max                0.5151         0.0207           NaN          NaN            NaN           NaN
                  mean               0.6298         0.0776        0.9852          NaN            NaN           NaN
                  sum                0.5790         0.2238           NaN          NaN            NaN           NaN
        gin       attention          0.4920         0.0547           NaN          NaN            NaN           NaN
                  max                0.5446         0.0332           NaN          NaN            NaN           NaN
                  mean               0.5648         0.0679           NaN          NaN            NaN           NaN
                  sum                0.5802         0.2040           NaN          NaN            NaN           NaN
        graphsage attention          0.4792         0.0715           NaN          NaN            NaN           NaN
                  max                0.5190         0.0787           NaN          NaN            NaN           NaN
                  mean               0.4623         0.0730           NaN          NaN            NaN           NaN
                  sum                0.4379         0.2315           NaN          NaN            NaN           NaN
