Removing conda version miniforge3-24.7.1
Loading conda version miniforge3-24.7.1
                             train_auc_mean  train_auc_std  val_auc_mean  val_auc_std  test_auc_mean  test_auc_std
dataset model     readout                                                                                         
BACE    gat       attention          0.6812         0.0688        0.6501       0.0700         0.5949        0.0775
                  max                0.7988         0.0326        0.7297       0.0490         0.6869        0.0250
                  mean               0.7001         0.1034        0.6565       0.1117         0.6020        0.0791
                  sum                0.6883         0.0470        0.6499       0.0509         0.6218        0.0429
        gcn       attention          0.6704         0.0703        0.6430       0.0585         0.5825        0.0680
                  max                0.8232         0.0354        0.7440       0.0478         0.7246        0.0464
                  mean               0.6593         0.0942        0.6338       0.0844         0.5841        0.0803
                  sum                0.7129         0.0220        0.6711       0.0441         0.6249        0.0135
        gin       attention          0.9257         0.0233        0.8581       0.0303         0.8210        0.0412
                  max                0.9287         0.0315        0.8366       0.0401         0.7963        0.0473
                  mean               0.9308         0.0254        0.8619       0.0432         0.8365        0.0424
                  sum                0.9146         0.0200        0.8459       0.0402         0.8113        0.0392
        graphsage attention          0.7211         0.0533        0.6609       0.0565         0.6341        0.0568
                  max                0.8743         0.0101        0.8003       0.0436         0.7952        0.0563
                  mean               0.7911         0.1128        0.7594       0.0971         0.7287        0.1101
                  sum                0.7171         0.0518        0.6662       0.0536         0.6457        0.0682
BBBP    gat       attention          0.4926         0.1261           NaN          NaN            NaN           NaN
                  max                0.4961         0.0585           NaN          NaN            NaN           NaN
                  mean               0.4723         0.1482           NaN          NaN            NaN           NaN
                  sum                0.4607         0.2017           NaN          NaN            NaN           NaN
        gcn       attention          0.4892         0.1126           NaN          NaN            NaN           NaN
                  max                0.5151         0.0207           NaN          NaN            NaN           NaN
                  mean               0.6298         0.0776        0.9852          NaN            NaN           NaN
                  sum                0.5790         0.2238           NaN          NaN            NaN           NaN
        gin       attention          0.4920         0.0547           NaN          NaN            NaN           NaN
                  max                0.5446         0.0332           NaN          NaN            NaN           NaN
                  mean               0.5648         0.0679           NaN          NaN            NaN           NaN
                  sum                0.5802         0.2040           NaN          NaN            NaN           NaN
        graphsage attention          0.4792         0.0715           NaN          NaN            NaN           NaN
                  max                0.5190         0.0787           NaN          NaN            NaN           NaN
                  mean               0.4623         0.0730           NaN          NaN            NaN           NaN
                  sum                0.4379         0.2315           NaN          NaN            NaN           NaN
