Task 133: BBBP / graphsage / sum / seed 2
[run_single] device=cuda  model=graphsage  readout=sum  seed=2
Dataset: BBBP  |  2039 molecules  |  1 task(s)
Loaded existing scaffold split from ./data/splits/BBBP_scaffold_seed2.json
Split  train=1631  val=203  test=205
Model: graphsage  |  readout=sum  |  params=76,545

Training BBBP_graphsage_sum_seed2 for up to 100 epochs ...
  Epoch    1 | loss 0.8422 | val_auc 0.1099 *
  Epoch    2 | loss 0.6088 | val_auc 0.2118 *
  Epoch    3 | loss 0.6083 | val_auc 0.2426 *
  Epoch   10 | loss 0.5775 | val_auc 0.7331
  Epoch   20 | loss 0.5159 | val_auc 0.8445
  Epoch   30 | loss 0.4806 | val_auc 0.9137 *
  Epoch   40 | loss 0.4422 | val_auc 0.9156
  Epoch   50 | loss 0.4084 | val_auc 0.9270
  Epoch   60 | loss 0.3765 | val_auc 0.9394
  Epoch   70 | loss 0.3476 | val_auc 0.9107
  Epoch   80 | loss 0.3427 | val_auc 0.9450
  Epoch   90 | loss 0.3250 | val_auc 0.9512
  Epoch  100 | loss 0.3122 | val_auc 0.9359

============================================================
  BBBP_graphsage_sum_seed2
  train_auc=0.9246  val_auc=0.9624  test_auc=0.9316  (best epoch 83)
  Saved → results/BBBP_graphsage_sum_seed2_metrics.json
============================================================
