Task 67: BACE / gin / max / seed 6
[run_single] device=cpu  model=gin  readout=max  seed=6
Dataset: BACE  |  1513 molecules  |  1 task(s)
Loaded existing scaffold split from ./data/splits/BACE_scaffold_seed6.json
Split  train=1209  val=151  test=153
Model: gin  |  readout=max  |  params=92,932

Training BACE_gin_max_seed6 for up to 100 epochs ...
  Epoch    1 | loss 0.6902 | val_auc 0.6082 *
  Epoch    2 | loss 0.6535 | val_auc 0.6688 *
  Epoch    3 | loss 0.6212 | val_auc 0.6868 *
  Epoch   10 | loss 0.5199 | val_auc 0.8192 *
  Epoch   20 | loss 0.4510 | val_auc 0.8097
  Epoch   30 | loss 0.4197 | val_auc 0.8298
  Epoch   40 | loss 0.3864 | val_auc 0.8708
  Early stopping at epoch 45  (best val_auc=0.8830 at epoch 25)

============================================================
  BACE_gin_max_seed6
  train_auc=0.8894  val_auc=0.8830  test_auc=0.7630  (best epoch 25)
  Saved → results/BACE_gin_max_seed6_metrics.json
============================================================
