Task 17: BACE / gcn / sum / seed 6
[run_single] device=cuda  model=gcn  readout=sum  seed=6
Dataset: BACE  |  1513 molecules  |  1 task(s)
  class balance — train: 0.46 pos  val: 0.46 pos  test: 0.46 pos
Saved scaffold split (1209/151/153) to ./data/splits/BACE_scaffold_seed6.json
Split  train=1209  val=151  test=153
Model: gcn  |  readout=sum  |  params=42,625

Training BACE_gcn_sum_seed6 for up to 100 epochs ...
  Epoch    1 | loss 0.7983 | val_auc 0.3376 *
  Epoch    2 | loss 0.7016 | val_auc 0.6935 *
  Epoch    3 | loss 0.6937 | val_auc 0.3349
  Epoch   10 | loss 0.6898 | val_auc 0.6997
  Epoch   20 | loss 0.6850 | val_auc 0.6983
  Epoch   30 | loss 0.6809 | val_auc 0.6274
  Epoch   40 | loss 0.6614 | val_auc 0.6398
  Early stopping at epoch 44  (best val_auc=0.7084 at epoch 24)

============================================================
  BACE_gcn_sum_seed6
  train_auc=0.7171  val_auc=0.7084  test_auc=0.5577  (best epoch 24)
  Saved → results/BACE_gcn_sum_seed6_metrics.json
============================================================
