Task 24: BACE / gin / attention / seed 2
[run_single] device=cuda  model=gin  readout=attention  seed=2
Dataset: BACE  |  1513 molecules  |  1 task(s)
Loaded existing scaffold split from ./data/splits/BACE_scaffold_seed2.json
Split  train=1210  val=151  test=152
Model: gin  |  readout=attention  |  params=109,573

Training BACE_gin_attention_seed2 for up to 100 epochs ...
  Epoch    1 | loss 0.6837 | val_auc 0.5645 *
  Epoch    2 | loss 0.6681 | val_auc 0.6113 *
  Epoch    3 | loss 0.6330 | val_auc 0.6183 *
  Epoch   10 | loss 0.5464 | val_auc 0.6610
  Epoch   20 | loss 0.4773 | val_auc 0.7022
  Epoch   30 | loss 0.4402 | val_auc 0.7457
  Epoch   40 | loss 0.4154 | val_auc 0.7621
  Epoch   50 | loss 0.4050 | val_auc 0.7863
  Epoch   60 | loss 0.3850 | val_auc 0.7898
  Epoch   70 | loss 0.3512 | val_auc 0.7712
  Early stopping at epoch 77  (best val_auc=0.8376 at epoch 57)

============================================================
  BACE_gin_attention_seed2
  train_auc=0.9175  val_auc=0.8376  test_auc=0.8477  (best epoch 57)
  Saved → results/BACE_gin_attention_seed2_metrics.json
============================================================
