Task 147: BBBP / graphsage / max / seed 6
[run_single] device=cuda  model=graphsage  readout=max  seed=6
Dataset: BBBP  |  2039 molecules  |  1 task(s)
Loaded existing scaffold split from ./data/splits/BBBP_scaffold_seed6.json
Split  train=1631  val=203  test=205
Model: graphsage  |  readout=max  |  params=76,545

Training BBBP_graphsage_max_seed6 for up to 100 epochs ...
  Epoch    1 | loss 0.5840 | val_auc 0.2759 *
  Epoch    2 | loss 0.5585 | val_auc 0.5822 *
  Epoch    3 | loss 0.5558 | val_auc 0.6043 *
  Epoch   10 | loss 0.5085 | val_auc 0.7475
  Epoch   20 | loss 0.4735 | val_auc 0.8101 *
  Epoch   30 | loss 0.4512 | val_auc 0.8826 *
  Epoch   40 | loss 0.4216 | val_auc 0.8726
  Epoch   50 | loss 0.3886 | val_auc 0.9130
  Epoch   60 | loss 0.3716 | val_auc 0.9248
  Epoch   70 | loss 0.3552 | val_auc 0.9397
  Epoch   80 | loss 0.3538 | val_auc 0.9158
  Early stopping at epoch 84  (best val_auc=0.9427 at epoch 64)

============================================================
  BBBP_graphsage_max_seed6
  train_auc=0.8928  val_auc=0.9427  test_auc=0.9364  (best epoch 64)
  Saved → results/BBBP_graphsage_max_seed6_metrics.json
============================================================
