Task 7: BACE / gcn / max / seed 0
[run_single] device=cuda  model=gcn  readout=max  seed=0
Dataset: BACE  |  1513 molecules  |  1 task(s)
Loaded existing scaffold split from ./data/splits/BACE_scaffold_seed0.json
Split  train=1210  val=151  test=152
Model: gcn  |  readout=max  |  params=42,625

Training BACE_gcn_max_seed0 for up to 100 epochs ...
  Epoch    1 | loss 0.6953 | val_auc 0.5102 *
  Epoch    2 | loss 0.6926 | val_auc 0.5567 *
  Epoch    3 | loss 0.6892 | val_auc 0.4949
  Epoch   10 | loss 0.6722 | val_auc 0.5720 *
  Epoch   20 | loss 0.6476 | val_auc 0.6333 *
  Epoch   30 | loss 0.6182 | val_auc 0.6847
  Epoch   40 | loss 0.6129 | val_auc 0.7075
  Epoch   50 | loss 0.5876 | val_auc 0.7384
  Epoch   60 | loss 0.5707 | val_auc 0.7559
  Epoch   70 | loss 0.5488 | val_auc 0.7758
  Epoch   80 | loss 0.5629 | val_auc 0.7559
  Epoch   90 | loss 0.5357 | val_auc 0.7586
  Epoch  100 | loss 0.5221 | val_auc 0.7312

============================================================
  BACE_gcn_max_seed0
  train_auc=0.8534  val_auc=0.7914  test_auc=0.6966  (best epoch 89)
  Saved → results/BACE_gcn_max_seed0_metrics.json
============================================================
