Task 21: BACE / gcn / max / seed 9
[run_single] device=cuda  model=gcn  readout=max  seed=9
Dataset: BACE  |  1513 molecules  |  1 task(s)
Loaded existing scaffold split from ./data/splits/BACE_scaffold_seed9.json
Split  train=1210  val=151  test=152
Model: gcn  |  readout=max  |  params=42,625

Training BACE_gcn_max_seed9 for up to 100 epochs ...
  Epoch    1 | loss 0.7007 | val_auc 0.5382 *
  Epoch    2 | loss 0.6926 | val_auc 0.4970
  Epoch    3 | loss 0.6896 | val_auc 0.5403 *
  Epoch   10 | loss 0.6789 | val_auc 0.5989
  Epoch   20 | loss 0.6512 | val_auc 0.6395 *
  Epoch   30 | loss 0.6322 | val_auc 0.6977 *
  Epoch   40 | loss 0.6239 | val_auc 0.7091
  Epoch   50 | loss 0.6111 | val_auc 0.7395
  Epoch   60 | loss 0.5970 | val_auc 0.7392
  Epoch   70 | loss 0.5842 | val_auc 0.7301
  Epoch   80 | loss 0.5821 | val_auc 0.7341
  Epoch   90 | loss 0.5540 | val_auc 0.7247
  Epoch  100 | loss 0.5312 | val_auc 0.7075

============================================================
  BACE_gcn_max_seed9
  train_auc=0.8243  val_auc=0.7758  test_auc=0.6714  (best epoch 81)
  Saved → results/BACE_gcn_max_seed9_metrics.json
============================================================
