Task 32: BBBP / gcn / attention / seed 1
[run_single] device=cuda  model=gcn  readout=attention  seed=1
Dataset: BBBP  |  2039 molecules  |  1 task(s)
Loaded existing scaffold split from ./data/splits/BBBP_scaffold_seed1.json
Split  train=1631  val=203  test=205
Model: gcn  |  readout=attention  |  params=59,266

Training BBBP_gcn_attention_seed1 for up to 100 epochs ...
  Epoch    1 | loss 0.5721 | val_auc 0.5977 *
  Epoch    2 | loss 0.5433 | val_auc 0.8961 *
  Epoch    3 | loss 0.5406 | val_auc 0.9068 *
  Epoch   10 | loss 0.5067 | val_auc 0.9168
  Epoch   20 | loss 0.4879 | val_auc 0.9261 *
  Epoch   30 | loss 0.4606 | val_auc 0.9276
  Epoch   40 | loss 0.4445 | val_auc 0.9244
  Epoch   50 | loss 0.4435 | val_auc 0.9330
  Early stopping at epoch 53  (best val_auc=0.9412 at epoch 33)

============================================================
  BBBP_gcn_attention_seed1
  train_auc=0.7837  val_auc=0.9412  test_auc=0.9282  (best epoch 33)
  Saved → results/BBBP_gcn_attention_seed1_metrics.json
============================================================
