Task 157: BACE / graphsage / attention / seed 6
[run_single] device=cuda  model=graphsage  readout=attention  seed=6
Dataset: BACE  |  1513 molecules  |  1 task(s)
Loaded existing scaffold split from ./data/splits/BACE_scaffold_seed6.json
Split  train=1209  val=151  test=153
Model: graphsage  |  readout=attention  |  params=93,186

Training BACE_graphsage_attention_seed6 for up to 100 epochs ...
  Epoch    1 | loss 0.6946 | val_auc 0.5394 *
  Epoch    2 | loss 0.6897 | val_auc 0.5847 *
  Epoch    3 | loss 0.6916 | val_auc 0.6242 *
  Epoch   10 | loss 0.6785 | val_auc 0.6700 *
  Epoch   20 | loss 0.6355 | val_auc 0.7110 *
  Epoch   30 | loss 0.6079 | val_auc 0.7453 *
  Epoch   40 | loss 0.5917 | val_auc 0.7674 *
  Epoch   50 | loss 0.5773 | val_auc 0.7515
  Epoch   60 | loss 0.5672 | val_auc 0.7702
  Early stopping at epoch 68  (best val_auc=0.7999 at epoch 48)

============================================================
  BACE_graphsage_attention_seed6
  train_auc=0.7833  val_auc=0.7999  test_auc=0.7102  (best epoch 48)
  Saved → results/BACE_graphsage_attention_seed6_metrics.json
============================================================
