Task 5: BACE / gcn / sum / seed 1
[run_single] device=cuda  model=gcn  readout=sum  seed=1
Dataset: BACE  |  1513 molecules  |  1 task(s)
  class balance — train: 0.52 pos  val: 0.21 pos  test: 0.21 pos
Saved scaffold split (1210/151/152) to ./data/splits/BACE_scaffold_seed1.json
Split  train=1210  val=151  test=152
Model: gcn  |  readout=sum  |  params=42,625

Training BACE_gcn_sum_seed1 for up to 100 epochs ...
  Epoch    1 | loss 0.8111 | val_auc 0.5876 *
  Epoch    2 | loss 0.6964 | val_auc 0.5409
  Epoch    3 | loss 0.6890 | val_auc 0.5763
  Epoch   10 | loss 0.6830 | val_auc 0.5782
  Epoch   20 | loss 0.6676 | val_auc 0.5513
  Epoch   30 | loss 0.6708 | val_auc 0.5462
  Early stopping at epoch 37  (best val_auc=0.6030 at epoch 17)

============================================================
  BACE_gcn_sum_seed1
  train_auc=0.7062  val_auc=0.6030  test_auc=0.6440  (best epoch 17)
  Saved → results/BACE_gcn_sum_seed1_metrics.json
============================================================
