Task 10: BBBP / gcn / mean / seed 9
[run_single] device=cuda  model=gcn  readout=mean  seed=9
Dataset: BBBP  |  2039 molecules  |  1 task(s)
  class balance — train: 0.77 pos  val: 0.77 pos  test: 0.76 pos
Saved scaffold split (1631/203/205) to ./data/splits/BBBP_scaffold_seed9.json
Split  train=1631  val=203  test=205
Model: gcn  |  readout=mean  |  params=42,625

Training BBBP_gcn_mean_seed9 for up to 100 epochs ...
  Epoch    1 | loss 0.5776 | val_auc 0.6562 *
  Epoch    2 | loss 0.5582 | val_auc 0.8631 *
  Epoch    3 | loss 0.5505 | val_auc 0.8943 *
  Epoch   10 | loss 0.5197 | val_auc 0.8763
  Epoch   20 | loss 0.4931 | val_auc 0.8998
  Epoch   30 | loss 0.4769 | val_auc 0.9070
  Epoch   40 | loss 0.4532 | val_auc 0.9152
  Epoch   50 | loss 0.4608 | val_auc 0.9169
  Epoch   60 | loss 0.4296 | val_auc 0.9101
  Epoch   70 | loss 0.4110 | val_auc 0.9090
  Epoch   80 | loss 0.4006 | val_auc 0.9017
  Early stopping at epoch 84  (best val_auc=0.9205 at epoch 64)

============================================================
  BBBP_gcn_mean_seed9
  train_auc=0.8419  val_auc=0.9205  test_auc=0.9300  (best epoch 64)
  Saved → results/BBBP_gcn_mean_seed9_metrics.json
============================================================
