Task 1: BBBP / gcn / mean / seed 0
[run_single] device=cpu  model=gcn  readout=mean  seed=0
Dataset: BBBP  |  2039 molecules  |  1 task(s)
Loaded existing scaffold split from ./data/splits/BBBP_scaffold_seed0.json
Split  train=1631  val=203  test=205
Model: gcn  |  readout=mean  |  params=42,625

Training BBBP_gcn_mean_seed0 for up to 100 epochs ...
  Epoch    1 | loss 0.5776 | val_auc 0.3560 *
  Epoch    2 | loss 0.5532 | val_auc 0.5824 *
  Epoch    3 | loss 0.5506 | val_auc 0.8440 *
  Epoch   10 | loss 0.5199 | val_auc 0.9420 *
  Epoch   20 | loss 0.4941 | val_auc 0.9584 *
  Epoch   30 | loss 0.4883 | val_auc 0.9634 *
  Epoch   40 | loss 0.4720 | val_auc 0.9506
  Epoch   50 | loss 0.4586 | val_auc 0.9603
  Early stopping at epoch 52  (best val_auc=0.9654 at epoch 32)

============================================================
  BBBP_gcn_mean_seed0
  train_auc=0.7684  val_auc=0.9654  test_auc=0.8569  (best epoch 32)
  Saved → results/BBBP_gcn_mean_seed0_metrics.json
============================================================
