Task 9: BBBP / gcn / mean / seed 8
[run_single] device=cuda  model=gcn  readout=mean  seed=8
Dataset: BBBP  |  2039 molecules  |  1 task(s)
  class balance — train: 0.77 pos  val: 0.77 pos  test: 0.76 pos
Saved scaffold split (1631/203/205) to ./data/splits/BBBP_scaffold_seed8.json
Split  train=1631  val=203  test=205
Model: gcn  |  readout=mean  |  params=42,625

Training BBBP_gcn_mean_seed8 for up to 100 epochs ...
  Epoch    1 | loss 0.5870 | val_auc 0.3395 *
  Epoch    2 | loss 0.5551 | val_auc 0.5052 *
  Epoch    3 | loss 0.5470 | val_auc 0.7878 *
  Epoch   10 | loss 0.5295 | val_auc 0.8936
  Epoch   20 | loss 0.4974 | val_auc 0.8961
  Epoch   30 | loss 0.4869 | val_auc 0.9075 *
  Epoch   40 | loss 0.4669 | val_auc 0.9056
  Epoch   50 | loss 0.4562 | val_auc 0.9111
  Epoch   60 | loss 0.4518 | val_auc 0.9077
  Epoch   70 | loss 0.4374 | val_auc 0.8968
  Early stopping at epoch 78  (best val_auc=0.9205 at epoch 58)

============================================================
  BBBP_gcn_mean_seed8
  train_auc=0.7917  val_auc=0.9205  test_auc=0.9339  (best epoch 58)
  Saved → results/BBBP_gcn_mean_seed8_metrics.json
============================================================
