Task 54: BACE / gin / sum / seed 3
[run_single] device=cuda  model=gin  readout=sum  seed=3
Dataset: BACE  |  1513 molecules  |  1 task(s)
Loaded existing scaffold split from ./data/splits/BACE_scaffold_seed3.json
Split  train=1209  val=151  test=153
Model: gin  |  readout=sum  |  params=92,932

Training BACE_gin_sum_seed3 for up to 100 epochs ...
  Epoch    1 | loss 0.7631 | val_auc 0.5193 *
  Epoch    2 | loss 0.6643 | val_auc 0.6078 *
  Epoch    3 | loss 0.6514 | val_auc 0.6379 *
  Epoch   10 | loss 0.5430 | val_auc 0.6835
  Epoch   20 | loss 0.4691 | val_auc 0.7704
  Epoch   30 | loss 0.4281 | val_auc 0.7101
  Epoch   40 | loss 0.4307 | val_auc 0.7856
  Epoch   50 | loss 0.4047 | val_auc 0.8226
  Epoch   60 | loss 0.3982 | val_auc 0.8180
  Epoch   70 | loss 0.3582 | val_auc 0.8436
  Epoch   80 | loss 0.3635 | val_auc 0.8013
  Epoch   90 | loss 0.3457 | val_auc 0.8745
  Early stopping at epoch 96  (best val_auc=0.8954 at epoch 76)

============================================================
  BACE_gin_sum_seed3
  train_auc=0.9431  val_auc=0.8954  test_auc=0.8923  (best epoch 76)
  Saved → results/BACE_gin_sum_seed3_metrics.json
============================================================
