Task 35: BACE / gat / attention / seed 1
[run_single] device=cuda  model=gat  readout=attention  seed=1
Dataset: BACE  |  1513 molecules  |  1 task(s)
Loaded existing scaffold split from ./data/splits/BACE_scaffold_seed1.json
Split  train=1210  val=151  test=152
Model: gat  |  readout=attention  |  params=60,034

Training BACE_gat_attention_seed1 for up to 100 epochs ...
  Epoch    1 | loss 0.6928 | val_auc 0.4640 *
  Epoch    2 | loss 0.6965 | val_auc 0.4626
  Epoch    3 | loss 0.6936 | val_auc 0.4835 *
  Epoch   10 | loss 0.6798 | val_auc 0.5094 *
  Epoch   20 | loss 0.6633 | val_auc 0.5226
  Epoch   30 | loss 0.6515 | val_auc 0.5659
  Epoch   40 | loss 0.6341 | val_auc 0.5806
  Epoch   50 | loss 0.6295 | val_auc 0.6481 *
  Epoch   60 | loss 0.6123 | val_auc 0.6876 *
  Epoch   70 | loss 0.6033 | val_auc 0.6253
  Epoch   80 | loss 0.6025 | val_auc 0.6395
  Early stopping at epoch 80  (best val_auc=0.6876 at epoch 60)

============================================================
  BACE_gat_attention_seed1
  train_auc=0.7465  val_auc=0.6876  test_auc=0.6510  (best epoch 60)
  Saved → results/BACE_gat_attention_seed1_metrics.json
============================================================
