Task 17: BACE / gin / sum / seed 1
[run_single] device=cuda  model=gin  readout=sum  seed=1
Dataset: BACE  |  1513 molecules  |  1 task(s)
Loaded existing scaffold split from ./data/splits/BACE_scaffold_seed1.json
Split  train=1210  val=151  test=152
Model: gin  |  readout=sum  |  params=92,932

Training BACE_gin_sum_seed1 for up to 100 epochs ...
  Epoch    1 | loss 0.7528 | val_auc 0.6591 *
  Epoch    2 | loss 0.6672 | val_auc 0.6258
  Epoch    3 | loss 0.6410 | val_auc 0.6016
  Epoch   10 | loss 0.5524 | val_auc 0.7207
  Epoch   20 | loss 0.4724 | val_auc 0.7495
  Epoch   30 | loss 0.4618 | val_auc 0.8194 *
  Epoch   40 | loss 0.4068 | val_auc 0.8304
  Epoch   50 | loss 0.3957 | val_auc 0.7849
  Epoch   60 | loss 0.3729 | val_auc 0.8000
  Early stopping at epoch 69  (best val_auc=0.8312 at epoch 49)

============================================================
  BACE_gin_sum_seed1
  train_auc=0.9288  val_auc=0.8312  test_auc=0.8310  (best epoch 49)
  Saved → results/BACE_gin_sum_seed1_metrics.json
============================================================
