Task 116: BBBP / gat / attention / seed 5
[run_single] device=cpu  model=gat  readout=attention  seed=5
Dataset: BBBP  |  2039 molecules  |  1 task(s)
Loaded existing scaffold split from ./data/splits/BBBP_scaffold_seed5.json
Split  train=1631  val=203  test=205
Model: gat  |  readout=attention  |  params=60,034

Training BBBP_gat_attention_seed5 for up to 100 epochs ...
  Epoch    1 | loss 0.5822 | val_auc 0.3178 *
  Epoch    2 | loss 0.5546 | val_auc 0.5342 *
  Epoch    3 | loss 0.5484 | val_auc 0.7199 *
  Epoch   10 | loss 0.5149 | val_auc 0.8902 *
  Epoch   20 | loss 0.4975 | val_auc 0.9191 *
  Epoch   30 | loss 0.4639 | val_auc 0.9078
  Epoch   40 | loss 0.4376 | val_auc 0.9255
  Epoch   50 | loss 0.4208 | val_auc 0.9232
  Early stopping at epoch 51  (best val_auc=0.9317 at epoch 31)

============================================================
  BBBP_gat_attention_seed5
  train_auc=0.7908  val_auc=0.9317  test_auc=0.8749  (best epoch 31)
  Saved → results/BBBP_gat_attention_seed5_metrics.json
============================================================
