Task 40: BBBP / gcn / attention / seed 9
[run_single] device=cuda  model=gcn  readout=attention  seed=9
Dataset: BBBP  |  2039 molecules  |  1 task(s)
Loaded existing scaffold split from ./data/splits/BBBP_scaffold_seed9.json
Split  train=1631  val=203  test=205
Model: gcn  |  readout=attention  |  params=59,266

Training BBBP_gcn_attention_seed9 for up to 100 epochs ...
  Epoch    1 | loss 0.5574 | val_auc 0.8157 *
  Epoch    2 | loss 0.5478 | val_auc 0.8942 *
  Epoch    3 | loss 0.5447 | val_auc 0.8726
  Epoch   10 | loss 0.5064 | val_auc 0.9138 *
  Epoch   20 | loss 0.4875 | val_auc 0.9161
  Epoch   30 | loss 0.4765 | val_auc 0.9202
  Epoch   40 | loss 0.4434 | val_auc 0.9281
  Epoch   50 | loss 0.4354 | val_auc 0.9325
  Epoch   60 | loss 0.4198 | val_auc 0.9251
  Epoch   70 | loss 0.4118 | val_auc 0.9205
  Early stopping at epoch 78  (best val_auc=0.9351 at epoch 58)

============================================================
  BBBP_gcn_attention_seed9
  train_auc=0.8200  val_auc=0.9351  test_auc=0.9186  (best epoch 58)
  Saved → results/BBBP_gcn_attention_seed9_metrics.json
============================================================
