Task 142: BBBP / graphsage / max / seed 1
[run_single] device=cuda  model=graphsage  readout=max  seed=1
Dataset: BBBP  |  2039 molecules  |  1 task(s)
Loaded existing scaffold split from ./data/splits/BBBP_scaffold_seed1.json
Split  train=1631  val=203  test=205
Model: graphsage  |  readout=max  |  params=76,545

Training BBBP_graphsage_max_seed1 for up to 100 epochs ...
  Epoch    1 | loss 0.6151 | val_auc 0.2036 *
  Epoch    2 | loss 0.5612 | val_auc 0.2519 *
  Epoch    3 | loss 0.5590 | val_auc 0.6240 *
  Epoch   10 | loss 0.5124 | val_auc 0.8044
  Epoch   20 | loss 0.4964 | val_auc 0.8715 *
  Epoch   30 | loss 0.4738 | val_auc 0.9033 *
  Epoch   40 | loss 0.4239 | val_auc 0.9165
  Epoch   50 | loss 0.4201 | val_auc 0.9272
  Epoch   60 | loss 0.3868 | val_auc 0.9188
  Epoch   70 | loss 0.3666 | val_auc 0.9254
  Epoch   80 | loss 0.3515 | val_auc 0.9317
  Epoch   90 | loss 0.3253 | val_auc 0.9424 *
  Epoch  100 | loss 0.3221 | val_auc 0.9317

============================================================
  BBBP_graphsage_max_seed1
  train_auc=0.9258  val_auc=0.9434  test_auc=0.9592  (best epoch 92)
  Saved → results/BBBP_graphsage_max_seed1_metrics.json
============================================================
