Task 108: BACE / graphsage / attention / seed 5
[run_single] device=cuda  model=graphsage  readout=attention  seed=5
Dataset: BACE  |  1513 molecules  |  1 task(s)
Loaded existing scaffold split from ./data/splits/BACE_scaffold_seed5.json
Split  train=1210  val=151  test=152
Model: graphsage  |  readout=attention  |  params=93,186

Training BACE_graphsage_attention_seed5 for up to 100 epochs ...
  Epoch    1 | loss 0.7055 | val_auc 0.4999 *
  Epoch    2 | loss 0.6937 | val_auc 0.5175 *
  Epoch    3 | loss 0.6947 | val_auc 0.5142
  Epoch   10 | loss 0.6879 | val_auc 0.5333
  Epoch   20 | loss 0.6666 | val_auc 0.5661
  Epoch   30 | loss 0.6408 | val_auc 0.5653
  Epoch   40 | loss 0.6147 | val_auc 0.5901
  Epoch   50 | loss 0.6063 | val_auc 0.5993
  Epoch   60 | loss 0.5874 | val_auc 0.6130
  Epoch   70 | loss 0.5870 | val_auc 0.6109
  Early stopping at epoch 76  (best val_auc=0.6394 at epoch 56)

============================================================
  BACE_graphsage_attention_seed5
  train_auc=0.7750  val_auc=0.6394  test_auc=0.6891  (best epoch 56)
  Saved → results/BACE_graphsage_attention_seed5_metrics.json
============================================================
