Task 156: BBBP / graphsage / attention / seed 5
[run_single] device=cuda  model=graphsage  readout=attention  seed=5
Dataset: BBBP  |  2039 molecules  |  1 task(s)
Loaded existing scaffold split from ./data/splits/BBBP_scaffold_seed5.json
Split  train=1631  val=203  test=205
Model: graphsage  |  readout=attention  |  params=93,186

Training BBBP_graphsage_attention_seed5 for up to 100 epochs ...
  Epoch    1 | loss 0.5698 | val_auc 0.4351 *
  Epoch    2 | loss 0.5572 | val_auc 0.6702 *
  Epoch    3 | loss 0.5442 | val_auc 0.8620 *
  Epoch   10 | loss 0.5114 | val_auc 0.9007
  Epoch   20 | loss 0.5031 | val_auc 0.9218 *
  Epoch   30 | loss 0.4610 | val_auc 0.9384 *
  Epoch   40 | loss 0.4254 | val_auc 0.9356
  Epoch   50 | loss 0.4038 | val_auc 0.9489
  Epoch   60 | loss 0.3692 | val_auc 0.9330
  Early stopping at epoch 63  (best val_auc=0.9516 at epoch 43)

============================================================
  BBBP_graphsage_attention_seed5
  train_auc=0.8478  val_auc=0.9516  test_auc=0.9044  (best epoch 43)
  Saved → results/BBBP_graphsage_attention_seed5_metrics.json
============================================================
