Task 59: BACE / gin / sum / seed 8
[run_single] device=cuda  model=gin  readout=sum  seed=8
Dataset: BACE  |  1513 molecules  |  1 task(s)
Loaded existing scaffold split from ./data/splits/BACE_scaffold_seed8.json
Split  train=1209  val=151  test=153
Model: gin  |  readout=sum  |  params=92,932

Training BACE_gin_sum_seed8 for up to 100 epochs ...
  Epoch    1 | loss 0.7001 | val_auc 0.5889 *
  Epoch    2 | loss 0.6382 | val_auc 0.6596 *
  Epoch    3 | loss 0.6266 | val_auc 0.6366
  Epoch   10 | loss 0.5578 | val_auc 0.6554
  Epoch   20 | loss 0.4983 | val_auc 0.8142 *
  Epoch   30 | loss 0.4574 | val_auc 0.8443 *
  Epoch   40 | loss 0.4135 | val_auc 0.7962
  Epoch   50 | loss 0.4240 | val_auc 0.8409
  Early stopping at epoch 55  (best val_auc=0.8535 at epoch 35)

============================================================
  BACE_gin_sum_seed8
  train_auc=0.9060  val_auc=0.8535  test_auc=0.8224  (best epoch 35)
  Saved → results/BACE_gin_sum_seed8_metrics.json
============================================================
