Task 99: BACE / graphsage / max / seed 3
[run_single] device=cuda  model=graphsage  readout=max  seed=3
Dataset: BACE  |  1513 molecules  |  1 task(s)
Loaded existing scaffold split from ./data/splits/BACE_scaffold_seed3.json
Split  train=1210  val=151  test=152
Model: graphsage  |  readout=max  |  params=76,545

Training BACE_graphsage_max_seed3 for up to 100 epochs ...
  Epoch    1 | loss 0.7081 | val_auc 0.4384 *
  Epoch    2 | loss 0.6984 | val_auc 0.5059 *
  Epoch    3 | loss 0.6881 | val_auc 0.4305
  Epoch   10 | loss 0.6730 | val_auc 0.4876
  Epoch   20 | loss 0.6520 | val_auc 0.5664 *
  Epoch   30 | loss 0.6192 | val_auc 0.6441 *
  Epoch   40 | loss 0.5818 | val_auc 0.7046 *
  Epoch   50 | loss 0.5399 | val_auc 0.7079
  Epoch   60 | loss 0.5246 | val_auc 0.7003
  Epoch   70 | loss 0.5048 | val_auc 0.7347
  Epoch   80 | loss 0.5039 | val_auc 0.7180
  Epoch   90 | loss 0.4817 | val_auc 0.7411
  Epoch  100 | loss 0.4767 | val_auc 0.7320

============================================================
  BACE_graphsage_max_seed3
  train_auc=0.8730  val_auc=0.7699  test_auc=0.8258  (best epoch 91)
  Saved → results/BACE_graphsage_max_seed3_metrics.json
============================================================
