Task 71: BACE / gat / max / seed 3
[run_single] device=cuda  model=gat  readout=max  seed=3
Dataset: BACE  |  1513 molecules  |  1 task(s)
Loaded existing scaffold split from ./data/splits/BACE_scaffold_seed3.json
Split  train=1210  val=151  test=152
Model: gat  |  readout=max  |  params=43,393

Training BACE_gat_max_seed3 for up to 100 epochs ...
  Epoch    1 | loss 0.7106 | val_auc 0.5191 *
  Epoch    2 | loss 0.6928 | val_auc 0.4253
  Epoch    3 | loss 0.6966 | val_auc 0.4535
  Epoch   10 | loss 0.6854 | val_auc 0.4454
  Epoch   20 | loss 0.6669 | val_auc 0.5642 *
  Epoch   30 | loss 0.6519 | val_auc 0.6323
  Epoch   40 | loss 0.6461 | val_auc 0.6444
  Epoch   50 | loss 0.6423 | val_auc 0.6664
  Epoch   60 | loss 0.6009 | val_auc 0.6583
  Epoch   70 | loss 0.5879 | val_auc 0.6430
  Epoch   80 | loss 0.5918 | val_auc 0.6583
  Epoch   90 | loss 0.5648 | val_auc 0.6540
  Epoch  100 | loss 0.5556 | val_auc 0.6266

============================================================
  BACE_gat_max_seed3
  train_auc=0.8174  val_auc=0.6849  test_auc=0.7049  (best epoch 81)
  Saved → results/BACE_gat_max_seed3_metrics.json
============================================================
