Task 80: BACE / gat / attention / seed 5
[run_single] device=cuda  model=gat  readout=attention  seed=5
Dataset: BACE  |  1513 molecules  |  1 task(s)
Loaded existing scaffold split from ./data/splits/BACE_scaffold_seed5.json
Split  train=1210  val=151  test=152
Model: gat  |  readout=attention  |  params=60,034

Training BACE_gat_attention_seed5 for up to 100 epochs ...
  Epoch    1 | loss 0.6970 | val_auc 0.5903 *
  Epoch    2 | loss 0.6952 | val_auc 0.5083
  Epoch    3 | loss 0.6910 | val_auc 0.5140
  Epoch   10 | loss 0.6870 | val_auc 0.5164
  Epoch   20 | loss 0.6642 | val_auc 0.5965 *
  Epoch   30 | loss 0.6549 | val_auc 0.6832 *
  Epoch   40 | loss 0.6481 | val_auc 0.6731
  Epoch   50 | loss 0.6345 | val_auc 0.6806
  Early stopping at epoch 59  (best val_auc=0.6910 at epoch 39)

============================================================
  BACE_gat_attention_seed5
  train_auc=0.7034  val_auc=0.6910  test_auc=0.6253  (best epoch 39)
  Saved → results/BACE_gat_attention_seed5_metrics.json
============================================================
