Task 40: BACE / gin / sum / seed 7
[run_single] device=cuda  model=gin  readout=sum  seed=7
Dataset: BACE  |  1513 molecules  |  1 task(s)
Loaded existing scaffold split from ./data/splits/BACE_scaffold_seed7.json
Split  train=1210  val=151  test=152
Model: gin  |  readout=sum  |  params=92,932

Training BACE_gin_sum_seed7 for up to 100 epochs ...
  Epoch    1 | loss 0.7177 | val_auc 0.7218 *
  Epoch    2 | loss 0.6492 | val_auc 0.6513
  Epoch    3 | loss 0.6361 | val_auc 0.7352 *
  Epoch   10 | loss 0.5471 | val_auc 0.8003
  Epoch   20 | loss 0.4931 | val_auc 0.8226
  Epoch   30 | loss 0.4356 | val_auc 0.8702
  Epoch   40 | loss 0.4311 | val_auc 0.7683
  Epoch   50 | loss 0.3723 | val_auc 0.8207
  Epoch   60 | loss 0.3639 | val_auc 0.8360
  Early stopping at epoch 67  (best val_auc=0.8941 at epoch 47)

============================================================
  BACE_gin_sum_seed7
  train_auc=0.9252  val_auc=0.8941  test_auc=0.7570  (best epoch 47)
  Saved → results/BACE_gin_sum_seed7_metrics.json
============================================================
