Task 24: BACE / gcn / max / seed 3
[run_single] device=cuda  model=gcn  readout=max  seed=3
Dataset: BACE  |  1513 molecules  |  1 task(s)
Loaded existing scaffold split from ./data/splits/BACE_scaffold_seed3.json
Split  train=1209  val=151  test=153
Model: gcn  |  readout=max  |  params=42,625

Training BACE_gcn_max_seed3 for up to 100 epochs ...
  Epoch    1 | loss 0.7005 | val_auc 0.5468 *
  Epoch    2 | loss 0.6909 | val_auc 0.5620 *
  Epoch    3 | loss 0.6886 | val_auc 0.5380
  Epoch   10 | loss 0.6652 | val_auc 0.5394
  Epoch   20 | loss 0.6492 | val_auc 0.5764 *
  Epoch   30 | loss 0.6447 | val_auc 0.6317 *
  Epoch   40 | loss 0.6217 | val_auc 0.6992
  Epoch   50 | loss 0.6022 | val_auc 0.7503 *
  Epoch   60 | loss 0.5874 | val_auc 0.7296
  Epoch   70 | loss 0.5616 | val_auc 0.7082
  Epoch   80 | loss 0.5591 | val_auc 0.7506
  Early stopping at epoch 83  (best val_auc=0.7720 at epoch 63)

============================================================
  BACE_gcn_max_seed3
  train_auc=0.8074  val_auc=0.7720  test_auc=0.7201  (best epoch 63)
  Saved → results/BACE_gcn_max_seed3_metrics.json
============================================================
