Task 76: BACE / gat / max / seed 8
[run_single] device=cuda  model=gat  readout=max  seed=8
Dataset: BACE  |  1513 molecules  |  1 task(s)
Loaded existing scaffold split from ./data/splits/BACE_scaffold_seed8.json
Split  train=1210  val=151  test=152
Model: gat  |  readout=max  |  params=43,393

Training BACE_gat_max_seed8 for up to 100 epochs ...
  Epoch    1 | loss 0.7128 | val_auc 0.5917 *
  Epoch    2 | loss 0.6872 | val_auc 0.5239
  Epoch    3 | loss 0.6949 | val_auc 0.4755
  Epoch   10 | loss 0.6839 | val_auc 0.5790
  Epoch   20 | loss 0.6745 | val_auc 0.6040
  Epoch   30 | loss 0.6650 | val_auc 0.6194
  Epoch   40 | loss 0.6475 | val_auc 0.6223
  Epoch   50 | loss 0.6453 | val_auc 0.6538 *
  Epoch   60 | loss 0.6152 | val_auc 0.6390
  Epoch   70 | loss 0.6169 | val_auc 0.6341
  Early stopping at epoch 70  (best val_auc=0.6538 at epoch 50)

============================================================
  BACE_gat_max_seed8
  train_auc=0.7333  val_auc=0.6538  test_auc=0.6764  (best epoch 50)
  Saved → results/BACE_gat_max_seed8_metrics.json
============================================================
