Task 32: BACE / gat / max / seed 1
[run_single] device=cuda  model=gat  readout=max  seed=1
Dataset: BACE  |  1513 molecules  |  1 task(s)
Loaded existing scaffold split from ./data/splits/BACE_scaffold_seed1.json
Split  train=1210  val=151  test=152
Model: gat  |  readout=max  |  params=43,393

Training BACE_gat_max_seed1 for up to 100 epochs ...
  Epoch    1 | loss 0.7101 | val_auc 0.4411 *
  Epoch    2 | loss 0.6874 | val_auc 0.4556 *
  Epoch    3 | loss 0.6877 | val_auc 0.4519
  Epoch   10 | loss 0.6874 | val_auc 0.4788
  Epoch   20 | loss 0.6664 | val_auc 0.5433
  Epoch   30 | loss 0.6482 | val_auc 0.5957 *
  Epoch   40 | loss 0.6340 | val_auc 0.6030
  Epoch   50 | loss 0.6011 | val_auc 0.6249
  Epoch   60 | loss 0.5770 | val_auc 0.6661 *
  Epoch   70 | loss 0.5674 | val_auc 0.6984 *
  Epoch   80 | loss 0.5517 | val_auc 0.6922
  Epoch   90 | loss 0.5813 | val_auc 0.6957
  Epoch  100 | loss 0.5529 | val_auc 0.6914

============================================================
  BACE_gat_max_seed1
  train_auc=0.8244  val_auc=0.7207  test_auc=0.7203  (best epoch 98)
  Saved → results/BACE_gat_max_seed1_metrics.json
============================================================
