Task 144: BBBP / graphsage / max / seed 3
[run_single] device=cuda  model=graphsage  readout=max  seed=3
Dataset: BBBP  |  2039 molecules  |  1 task(s)
Loaded existing scaffold split from ./data/splits/BBBP_scaffold_seed3.json
Split  train=1631  val=203  test=205
Model: graphsage  |  readout=max  |  params=76,545

Training BBBP_graphsage_max_seed3 for up to 100 epochs ...
  Epoch    1 | loss 0.5684 | val_auc 0.2400 *
  Epoch    2 | loss 0.5476 | val_auc 0.4022 *
  Epoch    3 | loss 0.5468 | val_auc 0.7796 *
  Epoch   10 | loss 0.5562 | val_auc 0.8028
  Epoch   20 | loss 0.4901 | val_auc 0.9313 *
  Epoch   30 | loss 0.4632 | val_auc 0.9474 *
  Epoch   40 | loss 0.4391 | val_auc 0.9628
  Epoch   50 | loss 0.4066 | val_auc 0.9445
  Early stopping at epoch 57  (best val_auc=0.9645 at epoch 37)

============================================================
  BBBP_graphsage_max_seed3
  train_auc=0.8238  val_auc=0.9645  test_auc=0.9088  (best epoch 37)
  Saved → results/BBBP_graphsage_max_seed3_metrics.json
============================================================
