Task 114: BBBP / gat / attention / seed 3
[run_single] device=cuda  model=gat  readout=attention  seed=3
Dataset: BBBP  |  2039 molecules  |  1 task(s)
Loaded existing scaffold split from ./data/splits/BBBP_scaffold_seed3.json
Split  train=1631  val=203  test=205
Model: gat  |  readout=attention  |  params=60,034

Training BBBP_gat_attention_seed3 for up to 100 epochs ...
  Epoch    1 | loss 0.5724 | val_auc 0.4029 *
  Epoch    2 | loss 0.5467 | val_auc 0.7315 *
  Epoch    3 | loss 0.5409 | val_auc 0.9055 *
  Epoch   10 | loss 0.5081 | val_auc 0.9731 *
  Epoch   20 | loss 0.4908 | val_auc 0.9802
  Epoch   30 | loss 0.4421 | val_auc 0.9770
  Epoch   40 | loss 0.4368 | val_auc 0.9815
  Epoch   50 | loss 0.4271 | val_auc 0.9853
  Epoch   60 | loss 0.4077 | val_auc 0.9872
  Early stopping at epoch 69  (best val_auc=0.9891 at epoch 49)

============================================================
  BBBP_gat_attention_seed3
  train_auc=0.8431  val_auc=0.9891  test_auc=0.8456  (best epoch 49)
  Saved → results/BBBP_gat_attention_seed3_metrics.json
============================================================
