Task 2: BACE / gcn / mean / seed 4
[run_single] device=cuda  model=gcn  readout=mean  seed=4
Dataset: BACE  |  1513 molecules  |  1 task(s)
  class balance — train: 0.52 pos  val: 0.21 pos  test: 0.21 pos
Saved scaffold split (1210/151/152) to ./data/splits/BACE_scaffold_seed4.json
Split  train=1210  val=151  test=152
Model: gcn  |  readout=mean  |  params=42,625

Training BACE_gcn_mean_seed4 for up to 100 epochs ...
  Epoch    1 | loss 0.6943 | val_auc 0.5102 *
  Epoch    2 | loss 0.6939 | val_auc 0.5142 *
  Epoch    3 | loss 0.6948 | val_auc 0.5285 *
  Epoch   10 | loss 0.6779 | val_auc 0.5156
  Epoch   20 | loss 0.6701 | val_auc 0.5269
  Epoch   30 | loss 0.6554 | val_auc 0.5341
  Epoch   40 | loss 0.6472 | val_auc 0.5702 *
  Epoch   50 | loss 0.6288 | val_auc 0.5742
  Epoch   60 | loss 0.6114 | val_auc 0.6102
  Epoch   70 | loss 0.6132 | val_auc 0.6073
  Epoch   80 | loss 0.5994 | val_auc 0.6401
  Epoch   90 | loss 0.5886 | val_auc 0.6583
  Epoch  100 | loss 0.5648 | val_auc 0.6556

============================================================
  BACE_gcn_mean_seed4
  train_auc=0.7752  val_auc=0.6806  test_auc=0.6935  (best epoch 89)
  Saved → results/BACE_gcn_mean_seed4_metrics.json
============================================================
