Task 160: BBBP / graphsage / attention / seed 9
[run_single] device=cuda  model=graphsage  readout=attention  seed=9
Dataset: BBBP  |  2039 molecules  |  1 task(s)
Loaded existing scaffold split from ./data/splits/BBBP_scaffold_seed9.json
Split  train=1631  val=203  test=205
Model: graphsage  |  readout=attention  |  params=93,186

Training BBBP_graphsage_attention_seed9 for up to 100 epochs ...
  Epoch    1 | loss 0.5682 | val_auc 0.4828 *
  Epoch    2 | loss 0.5493 | val_auc 0.8202 *
  Epoch    3 | loss 0.5453 | val_auc 0.8403 *
  Epoch   10 | loss 0.5080 | val_auc 0.8712 *
  Epoch   20 | loss 0.4976 | val_auc 0.8804
  Epoch   30 | loss 0.4633 | val_auc 0.9115 *
  Epoch   40 | loss 0.4027 | val_auc 0.9231 *
  Epoch   50 | loss 0.3911 | val_auc 0.9206
  Epoch   60 | loss 0.3595 | val_auc 0.9233
  Epoch   70 | loss 0.3563 | val_auc 0.9176
  Epoch   80 | loss 0.3325 | val_auc 0.9333
  Epoch   90 | loss 0.3188 | val_auc 0.9336
  Epoch  100 | loss 0.3094 | val_auc 0.9336

============================================================
  BBBP_graphsage_attention_seed9
  train_auc=0.9324  val_auc=0.9446  test_auc=0.9121  (best epoch 94)
  Saved → results/BBBP_graphsage_attention_seed9_metrics.json
============================================================
