Task 14: BBBP / gcn / sum / seed 3
[run_single] device=cuda  model=gcn  readout=sum  seed=3
Dataset: BBBP  |  2039 molecules  |  1 task(s)
  class balance — train: 0.77 pos  val: 0.77 pos  test: 0.76 pos
Saved scaffold split (1631/203/205) to ./data/splits/BBBP_scaffold_seed3.json
Split  train=1631  val=203  test=205
Model: gcn  |  readout=sum  |  params=42,625

Training BBBP_gcn_sum_seed3 for up to 100 epochs ...
  Epoch    1 | loss 0.6784 | val_auc 0.2500 *
  Epoch    2 | loss 0.6137 | val_auc 0.2901 *
  Epoch    3 | loss 0.5931 | val_auc 0.6151 *
  Epoch   10 | loss 0.5473 | val_auc 0.8842
  Epoch   20 | loss 0.5189 | val_auc 0.9553
  Epoch   30 | loss 0.4915 | val_auc 0.9716
  Epoch   40 | loss 0.4651 | val_auc 0.9782
  Epoch   50 | loss 0.4471 | val_auc 0.9812
  Epoch   60 | loss 0.4110 | val_auc 0.9705
  Epoch   70 | loss 0.4081 | val_auc 0.9742
  Early stopping at epoch 74  (best val_auc=0.9890 at epoch 54)

============================================================
  BBBP_gcn_sum_seed3
  train_auc=0.8171  val_auc=0.9890  test_auc=0.8656  (best epoch 54)
  Saved → results/BBBP_gcn_sum_seed3_metrics.json
============================================================
