Task 94: BBBP / gat / sum / seed 3
[run_single] device=cuda  model=gat  readout=sum  seed=3
Dataset: BBBP  |  2039 molecules  |  1 task(s)
Loaded existing scaffold split from ./data/splits/BBBP_scaffold_seed3.json
Split  train=1631  val=203  test=205
Model: gat  |  readout=sum  |  params=43,393

Training BBBP_gat_sum_seed3 for up to 100 epochs ...
  Epoch    1 | loss 0.8459 | val_auc 0.1448 *
  Epoch    2 | loss 0.6240 | val_auc 0.1414
  Epoch    3 | loss 0.6228 | val_auc 0.2605 *
  Epoch   10 | loss 0.5755 | val_auc 0.9052 *
  Epoch   20 | loss 0.5397 | val_auc 0.8873
  Epoch   30 | loss 0.5187 | val_auc 0.9154
  Epoch   40 | loss 0.5079 | val_auc 0.9573
  Epoch   50 | loss 0.4876 | val_auc 0.9591
  Epoch   60 | loss 0.4729 | val_auc 0.9568
  Epoch   70 | loss 0.4625 | val_auc 0.9570
  Epoch   80 | loss 0.4485 | val_auc 0.9705
  Epoch   90 | loss 0.4533 | val_auc 0.9707
  Epoch  100 | loss 0.4555 | val_auc 0.9704

============================================================
  BBBP_gat_sum_seed3
  train_auc=0.8335  val_auc=0.9840  test_auc=0.8242  (best epoch 93)
  Saved → results/BBBP_gat_sum_seed3_metrics.json
============================================================
