Task 14: BACE / gin / mean / seed 1
[run_single] device=cuda  model=gin  readout=mean  seed=1
Dataset: BACE  |  1513 molecules  |  1 task(s)
Loaded existing scaffold split from ./data/splits/BACE_scaffold_seed1.json
Split  train=1210  val=151  test=152
Model: gin  |  readout=mean  |  params=92,932

Training BACE_gin_mean_seed1 for up to 100 epochs ...
  Epoch    1 | loss 0.6921 | val_auc 0.5608 *
  Epoch    2 | loss 0.6615 | val_auc 0.6425 *
  Epoch    3 | loss 0.6274 | val_auc 0.5855
  Epoch   10 | loss 0.5293 | val_auc 0.7226
  Epoch   20 | loss 0.4565 | val_auc 0.7476
  Epoch   30 | loss 0.4176 | val_auc 0.8070
  Epoch   40 | loss 0.4090 | val_auc 0.7707
  Epoch   50 | loss 0.4034 | val_auc 0.8196
  Early stopping at epoch 57  (best val_auc=0.8272 at epoch 37)

============================================================
  BACE_gin_mean_seed1
  train_auc=0.9153  val_auc=0.8272  test_auc=0.8255  (best epoch 37)
  Saved → results/BACE_gin_mean_seed1_metrics.json
============================================================
