Task 41: BACE / gin / sum / seed 8
[run_single] device=cuda  model=gin  readout=sum  seed=8
Dataset: BACE  |  1513 molecules  |  1 task(s)
Loaded existing scaffold split from ./data/splits/BACE_scaffold_seed8.json
Split  train=1210  val=151  test=152
Model: gin  |  readout=sum  |  params=92,932

Training BACE_gin_sum_seed8 for up to 100 epochs ...
  Epoch    1 | loss 0.7432 | val_auc 0.5218 *
  Epoch    2 | loss 0.6658 | val_auc 0.5715 *
  Epoch    3 | loss 0.6501 | val_auc 0.6868 *
  Epoch   10 | loss 0.5542 | val_auc 0.7073 *
  Epoch   20 | loss 0.4725 | val_auc 0.7169
  Epoch   30 | loss 0.4562 | val_auc 0.7280
  Epoch   40 | loss 0.4228 | val_auc 0.7368
  Epoch   50 | loss 0.4044 | val_auc 0.7409
  Early stopping at epoch 54  (best val_auc=0.7812 at epoch 34)

============================================================
  BACE_gin_sum_seed8
  train_auc=0.8988  val_auc=0.7812  test_auc=0.8398  (best epoch 34)
  Saved → results/BACE_gin_sum_seed8_metrics.json
============================================================
