Task 84: BACE / gat / mean / seed 3
[run_single] device=cuda  model=gat  readout=mean  seed=3
Dataset: BACE  |  1513 molecules  |  1 task(s)
Loaded existing scaffold split from ./data/splits/BACE_scaffold_seed3.json
Split  train=1209  val=151  test=153
Model: gat  |  readout=mean  |  params=43,393

Training BACE_gat_mean_seed3 for up to 100 epochs ...
  Epoch    1 | loss 0.6894 | val_auc 0.5452 *
  Epoch    2 | loss 0.6942 | val_auc 0.5528 *
  Epoch    3 | loss 0.6936 | val_auc 0.5774 *
  Epoch   10 | loss 0.6745 | val_auc 0.4692
  Epoch   20 | loss 0.6277 | val_auc 0.5841 *
  Epoch   30 | loss 0.6071 | val_auc 0.6886 *
  Epoch   40 | loss 0.5825 | val_auc 0.7066
  Epoch   50 | loss 0.5638 | val_auc 0.7241
  Epoch   60 | loss 0.5527 | val_auc 0.7094
  Early stopping at epoch 66  (best val_auc=0.7777 at epoch 46)

============================================================
  BACE_gat_mean_seed3
  train_auc=0.8002  val_auc=0.7777  test_auc=0.6881  (best epoch 46)
  Saved → results/BACE_gat_mean_seed3_metrics.json
============================================================
