Task 70: BACE / gin / max / seed 9
[run_single] device=cpu  model=gin  readout=max  seed=9
Dataset: BACE  |  1513 molecules  |  1 task(s)
Loaded existing scaffold split from ./data/splits/BACE_scaffold_seed9.json
Split  train=1209  val=151  test=153
Model: gin  |  readout=max  |  params=92,932

Training BACE_gin_max_seed9 for up to 100 epochs ...
  Epoch    1 | loss 0.6911 | val_auc 0.6048 *
  Epoch    2 | loss 0.6560 | val_auc 0.6303 *
  Epoch    3 | loss 0.6429 | val_auc 0.7153 *
  Epoch   10 | loss 0.5312 | val_auc 0.7683
  Epoch   20 | loss 0.4517 | val_auc 0.8302
  Epoch   30 | loss 0.4123 | val_auc 0.8425
  Epoch   40 | loss 0.3778 | val_auc 0.8491
  Epoch   50 | loss 0.3842 | val_auc 0.8459
  Epoch   60 | loss 0.3604 | val_auc 0.8386
  Epoch   70 | loss 0.3426 | val_auc 0.8491
  Epoch   80 | loss 0.3242 | val_auc 0.8378
  Epoch   90 | loss 0.3130 | val_auc 0.8402
  Early stopping at epoch 95  (best val_auc=0.8632 at epoch 75)

============================================================
  BACE_gin_max_seed9
  train_auc=0.9274  val_auc=0.8632  test_auc=0.8059  (best epoch 75)
  Saved → results/BACE_gin_max_seed9_metrics.json
============================================================
