Task 57: BACE / gat / mean / seed 3
[run_single] device=cuda  model=gat  readout=mean  seed=3
Dataset: BACE  |  1513 molecules  |  1 task(s)
Loaded existing scaffold split from ./data/splits/BACE_scaffold_seed3.json
Split  train=1210  val=151  test=152
Model: gat  |  readout=mean  |  params=43,393

Training BACE_gat_mean_seed3 for up to 100 epochs ...
  Epoch    1 | loss 0.7015 | val_auc 0.5253 *
  Epoch    2 | loss 0.6947 | val_auc 0.4831
  Epoch    3 | loss 0.6946 | val_auc 0.5552 *
  Epoch   10 | loss 0.6828 | val_auc 0.4793
  Epoch   20 | loss 0.6717 | val_auc 0.5527
  Epoch   30 | loss 0.6404 | val_auc 0.5685
  Epoch   40 | loss 0.6165 | val_auc 0.6231
  Epoch   50 | loss 0.5981 | val_auc 0.7223 *
  Epoch   60 | loss 0.5615 | val_auc 0.6898
  Epoch   70 | loss 0.5647 | val_auc 0.6734
  Early stopping at epoch 70  (best val_auc=0.7223 at epoch 50)

============================================================
  BACE_gat_mean_seed3
  train_auc=0.7841  val_auc=0.7223  test_auc=0.6487  (best epoch 50)
  Saved → results/BACE_gat_mean_seed3_metrics.json
============================================================
