Task 64: BBBP / gin / max / seed 3
[run_single] device=cuda  model=gin  readout=max  seed=3
Dataset: BBBP  |  2039 molecules  |  1 task(s)
Loaded existing scaffold split from ./data/splits/BBBP_scaffold_seed3.json
Split  train=1631  val=203  test=205
Model: gin  |  readout=max  |  params=92,932

Training BBBP_gin_max_seed3 for up to 100 epochs ...
  Epoch    1 | loss 0.5614 | val_auc 0.6922 *
  Epoch    2 | loss 0.5168 | val_auc 0.8917 *
  Epoch    3 | loss 0.4707 | val_auc 0.9214 *
  Epoch   10 | loss 0.3754 | val_auc 0.9525
  Epoch   20 | loss 0.3419 | val_auc 0.9397
  Epoch   30 | loss 0.3104 | val_auc 0.9472
  Epoch   40 | loss 0.2738 | val_auc 0.9596
  Early stopping at epoch 47  (best val_auc=0.9746 at epoch 27)

============================================================
  BBBP_gin_max_seed3
  train_auc=0.8967  val_auc=0.9746  test_auc=0.9383  (best epoch 27)
  Saved → results/BBBP_gin_max_seed3_metrics.json
============================================================
