Task 78: BACE / gin / attention / seed 7
[run_single] device=cuda  model=gin  readout=attention  seed=7
Dataset: BACE  |  1513 molecules  |  1 task(s)
Loaded existing scaffold split from ./data/splits/BACE_scaffold_seed7.json
Split  train=1209  val=151  test=153
Model: gin  |  readout=attention  |  params=109,573

Training BACE_gin_attention_seed7 for up to 100 epochs ...
  Epoch    1 | loss 0.6838 | val_auc 0.4885 *
  Epoch    2 | loss 0.6586 | val_auc 0.6202 *
  Epoch    3 | loss 0.6306 | val_auc 0.6439 *
  Epoch   10 | loss 0.5138 | val_auc 0.7858 *
  Epoch   20 | loss 0.4547 | val_auc 0.7367
  Epoch   30 | loss 0.4265 | val_auc 0.8022
  Epoch   40 | loss 0.4058 | val_auc 0.8005
  Epoch   50 | loss 0.4083 | val_auc 0.7448
  Epoch   60 | loss 0.3890 | val_auc 0.7828
  Epoch   70 | loss 0.3558 | val_auc 0.8485
  Early stopping at epoch 78  (best val_auc=0.8630 at epoch 58)

============================================================
  BACE_gin_attention_seed7
  train_auc=0.9310  val_auc=0.8630  test_auc=0.8627  (best epoch 58)
  Saved → results/BACE_gin_attention_seed7_metrics.json
============================================================
