Task 5: BBBP / gcn / mean / seed 4
[run_single] device=cuda  model=gcn  readout=mean  seed=4
Dataset: BBBP  |  2039 molecules  |  1 task(s)
  class balance — train: 0.77 pos  val: 0.77 pos  test: 0.76 pos
Saved scaffold split (1631/203/205) to ./data/splits/BBBP_scaffold_seed4.json
Split  train=1631  val=203  test=205
Model: gcn  |  readout=mean  |  params=42,625

Training BBBP_gcn_mean_seed4 for up to 100 epochs ...
  Epoch    1 | loss 0.5981 | val_auc 0.4223 *
  Epoch    2 | loss 0.5535 | val_auc 0.6875 *
  Epoch    3 | loss 0.5532 | val_auc 0.9003 *
  Epoch   10 | loss 0.5202 | val_auc 0.8916
  Epoch   20 | loss 0.4916 | val_auc 0.9188
  Epoch   30 | loss 0.4751 | val_auc 0.9274
  Epoch   40 | loss 0.4749 | val_auc 0.9339
  Epoch   50 | loss 0.4472 | val_auc 0.9419
  Epoch   60 | loss 0.4312 | val_auc 0.9457
  Epoch   70 | loss 0.4306 | val_auc 0.9414
  Epoch   80 | loss 0.4199 | val_auc 0.9483
  Early stopping at epoch 87  (best val_auc=0.9565 at epoch 67)

============================================================
  BBBP_gcn_mean_seed4
  train_auc=0.8393  val_auc=0.9565  test_auc=0.9237  (best epoch 67)
  Saved → results/BBBP_gcn_mean_seed4_metrics.json
============================================================
