Task 42: BACE / gin / sum / seed 9
[run_single] device=cuda  model=gin  readout=sum  seed=9
Dataset: BACE  |  1513 molecules  |  1 task(s)
Loaded existing scaffold split from ./data/splits/BACE_scaffold_seed9.json
Split  train=1210  val=151  test=152
Model: gin  |  readout=sum  |  params=92,932

Training BACE_gin_sum_seed9 for up to 100 epochs ...
  Epoch    1 | loss 0.7387 | val_auc 0.5067 *
  Epoch    2 | loss 0.6751 | val_auc 0.7790 *
  Epoch    3 | loss 0.6554 | val_auc 0.6766
  Epoch   10 | loss 0.5815 | val_auc 0.7602
  Epoch   20 | loss 0.5091 | val_auc 0.7922
  Epoch   30 | loss 0.4635 | val_auc 0.8293
  Epoch   40 | loss 0.4223 | val_auc 0.8344
  Early stopping at epoch 48  (best val_auc=0.8758 at epoch 28)

============================================================
  BACE_gin_sum_seed9
  train_auc=0.9017  val_auc=0.8758  test_auc=0.7849  (best epoch 28)
  Saved → results/BACE_gin_sum_seed9_metrics.json
============================================================
