Task 7: BBBP / gcn / mean / seed 6
[run_single] device=cuda  model=gcn  readout=mean  seed=6
Dataset: BBBP  |  2039 molecules  |  1 task(s)
  class balance — train: 0.77 pos  val: 0.77 pos  test: 0.76 pos
Saved scaffold split (1631/203/205) to ./data/splits/BBBP_scaffold_seed6.json
Split  train=1631  val=203  test=205
Model: gcn  |  readout=mean  |  params=42,625

Training BBBP_gcn_mean_seed6 for up to 100 epochs ...
  Epoch    1 | loss 0.5727 | val_auc 0.8209 *
  Epoch    2 | loss 0.5495 | val_auc 0.8631 *
  Epoch    3 | loss 0.5453 | val_auc 0.8654 *
  Epoch   10 | loss 0.5021 | val_auc 0.8497
  Epoch   20 | loss 0.4886 | val_auc 0.8708
  Epoch   30 | loss 0.4837 | val_auc 0.8853 *
  Epoch   40 | loss 0.4938 | val_auc 0.8816
  Epoch   50 | loss 0.4529 | val_auc 0.8865
  Epoch   60 | loss 0.4392 | val_auc 0.8898
  Epoch   70 | loss 0.4232 | val_auc 0.8912
  Early stopping at epoch 71  (best val_auc=0.8996 at epoch 51)

============================================================
  BBBP_gcn_mean_seed6
  train_auc=0.8030  val_auc=0.8996  test_auc=0.9422  (best epoch 51)
  Saved → results/BBBP_gcn_mean_seed6_metrics.json
============================================================
