Task 110: BBBP / gat / max / seed 9
[run_single] device=cuda  model=gat  readout=max  seed=9
Dataset: BBBP  |  2039 molecules  |  1 task(s)
Loaded existing scaffold split from ./data/splits/BBBP_scaffold_seed9.json
Split  train=1631  val=203  test=205
Model: gat  |  readout=max  |  params=43,393

Training BBBP_gat_max_seed9 for up to 100 epochs ...
  Epoch    1 | loss 0.5793 | val_auc 0.6515 *
  Epoch    2 | loss 0.5460 | val_auc 0.7167 *
  Epoch    3 | loss 0.5392 | val_auc 0.7643 *
  Epoch   10 | loss 0.5107 | val_auc 0.8455 *
  Epoch   20 | loss 0.4840 | val_auc 0.8636 *
  Epoch   30 | loss 0.4695 | val_auc 0.8863 *
  Epoch   40 | loss 0.4654 | val_auc 0.9021 *
  Epoch   50 | loss 0.4523 | val_auc 0.9158
  Epoch   60 | loss 0.4356 | val_auc 0.9284 *
  Epoch   70 | loss 0.4396 | val_auc 0.9238
  Epoch   80 | loss 0.4157 | val_auc 0.9199
  Early stopping at epoch 87  (best val_auc=0.9321 at epoch 67)

============================================================
  BBBP_gat_max_seed9
  train_auc=0.8044  val_auc=0.9321  test_auc=0.9180  (best epoch 67)
  Saved → results/BBBP_gat_max_seed9_metrics.json
============================================================
