Task 159: BBBP / graphsage / attention / seed 8
[run_single] device=cuda  model=graphsage  readout=attention  seed=8
Dataset: BBBP  |  2039 molecules  |  1 task(s)
Loaded existing scaffold split from ./data/splits/BBBP_scaffold_seed8.json
Split  train=1631  val=203  test=205
Model: graphsage  |  readout=attention  |  params=93,186

Training BBBP_graphsage_attention_seed8 for up to 100 epochs ...
  Epoch    1 | loss 0.5558 | val_auc 0.6410 *
  Epoch    2 | loss 0.5514 | val_auc 0.8639 *
  Epoch    3 | loss 0.5444 | val_auc 0.8815 *
  Epoch   10 | loss 0.5069 | val_auc 0.8740
  Epoch   20 | loss 0.4868 | val_auc 0.9055 *
  Epoch   30 | loss 0.4374 | val_auc 0.8969
  Epoch   40 | loss 0.4083 | val_auc 0.8999
  Early stopping at epoch 44  (best val_auc=0.9190 at epoch 24)

============================================================
  BBBP_graphsage_attention_seed8
  train_auc=0.7936  val_auc=0.9190  test_auc=0.9239  (best epoch 24)
  Saved → results/BBBP_graphsage_attention_seed8_metrics.json
============================================================
