Task 136: BBBP / graphsage / sum / seed 5
[run_single] device=cuda  model=graphsage  readout=sum  seed=5
Dataset: BBBP  |  2039 molecules  |  1 task(s)
Loaded existing scaffold split from ./data/splits/BBBP_scaffold_seed5.json
Split  train=1631  val=203  test=205
Model: graphsage  |  readout=sum  |  params=76,545

Training BBBP_graphsage_sum_seed5 for up to 100 epochs ...
  Epoch    1 | loss 0.8046 | val_auc 0.1682 *
  Epoch    2 | loss 0.6169 | val_auc 0.2193 *
  Epoch    3 | loss 0.6188 | val_auc 0.2155
  Epoch   10 | loss 0.5555 | val_auc 0.8168
  Epoch   20 | loss 0.5244 | val_auc 0.8482
  Epoch   30 | loss 0.5008 | val_auc 0.8978
  Epoch   40 | loss 0.4750 | val_auc 0.9058
  Epoch   50 | loss 0.4086 | val_auc 0.9400
  Early stopping at epoch 58  (best val_auc=0.9572 at epoch 38)

============================================================
  BBBP_graphsage_sum_seed5
  train_auc=0.8134  val_auc=0.9572  test_auc=0.8892  (best epoch 38)
  Saved → results/BBBP_graphsage_sum_seed5_metrics.json
============================================================
