Task 116: BACE / gat / attention / seed 5
[run_single] device=cuda  model=gat  readout=attention  seed=5
Dataset: BACE  |  1513 molecules  |  1 task(s)
Loaded existing scaffold split from ./data/splits/BACE_scaffold_seed5.json
Split  train=1209  val=151  test=153
Model: gat  |  readout=attention  |  params=60,034

Training BACE_gat_attention_seed5 for up to 100 epochs ...
  Epoch    1 | loss 0.6907 | val_auc 0.5454 *
  Epoch    2 | loss 0.6931 | val_auc 0.5246
  Epoch    3 | loss 0.6900 | val_auc 0.5424
  Epoch   10 | loss 0.6735 | val_auc 0.5081
  Epoch   20 | loss 0.6561 | val_auc 0.6387 *
  Epoch   30 | loss 0.6481 | val_auc 0.6419 *
  Epoch   40 | loss 0.6305 | val_auc 0.6089
  Epoch   50 | loss 0.6104 | val_auc 0.6106
  Early stopping at epoch 52  (best val_auc=0.6516 at epoch 32)

============================================================
  BACE_gat_attention_seed5
  train_auc=0.7016  val_auc=0.6516  test_auc=0.6764  (best epoch 32)
  Saved → results/BACE_gat_attention_seed5_metrics.json
============================================================
