Task 15: BACE / gcn / max / seed 3
[run_single] device=cuda  model=gcn  readout=max  seed=3
Dataset: BACE  |  1513 molecules  |  1 task(s)
Loaded existing scaffold split from ./data/splits/BACE_scaffold_seed3.json
Split  train=1210  val=151  test=152
Model: gcn  |  readout=max  |  params=42,625

Training BACE_gcn_max_seed3 for up to 100 epochs ...
  Epoch    1 | loss 0.6966 | val_auc 0.5194 *
  Epoch    2 | loss 0.6940 | val_auc 0.4720
  Epoch    3 | loss 0.6899 | val_auc 0.5319 *
  Epoch   10 | loss 0.6731 | val_auc 0.5167
  Epoch   20 | loss 0.6516 | val_auc 0.5605 *
  Epoch   30 | loss 0.6353 | val_auc 0.5999
  Epoch   40 | loss 0.6033 | val_auc 0.6255
  Epoch   50 | loss 0.5879 | val_auc 0.6371
  Epoch   60 | loss 0.5897 | val_auc 0.6406
  Epoch   70 | loss 0.5531 | val_auc 0.6911 *
  Epoch   80 | loss 0.5445 | val_auc 0.6798
  Epoch   90 | loss 0.5411 | val_auc 0.6683
  Epoch  100 | loss 0.5387 | val_auc 0.6960

============================================================
  BACE_gcn_max_seed3
  train_auc=0.8648  val_auc=0.7051  test_auc=0.7740  (best epoch 99)
  Saved → results/BACE_gcn_max_seed3_metrics.json
============================================================
