Task 143: BACE / graphsage / max / seed 2
[run_single] device=cuda  model=graphsage  readout=max  seed=2
Dataset: BACE  |  1513 molecules  |  1 task(s)
Loaded existing scaffold split from ./data/splits/BACE_scaffold_seed2.json
Split  train=1209  val=151  test=153
Model: graphsage  |  readout=max  |  params=76,545

Training BACE_graphsage_max_seed2 for up to 100 epochs ...
  Epoch    1 | loss 0.7040 | val_auc 0.5643 *
  Epoch    2 | loss 0.6889 | val_auc 0.5659 *
  Epoch    3 | loss 0.6854 | val_auc 0.5758 *
  Epoch   10 | loss 0.6561 | val_auc 0.5940
  Epoch   20 | loss 0.6459 | val_auc 0.6455 *
  Epoch   30 | loss 0.5939 | val_auc 0.7204 *
  Epoch   40 | loss 0.5641 | val_auc 0.7529 *
  Epoch   50 | loss 0.5327 | val_auc 0.7907 *
  Epoch   60 | loss 0.5053 | val_auc 0.8017 *
  Epoch   70 | loss 0.4900 | val_auc 0.8035
  Epoch   80 | loss 0.4766 | val_auc 0.8001
  Epoch   90 | loss 0.4789 | val_auc 0.8171
  Epoch  100 | loss 0.4801 | val_auc 0.8040

============================================================
  BACE_graphsage_max_seed2
  train_auc=0.8908  val_auc=0.8210  test_auc=0.8286  (best epoch 93)
  Saved → results/BACE_graphsage_max_seed2_metrics.json
============================================================
