Task 16: BACE / gin / sum / seed 0
[run_single] device=cuda  model=gin  readout=sum  seed=0
Dataset: BACE  |  1513 molecules  |  1 task(s)
Loaded existing scaffold split from ./data/splits/BACE_scaffold_seed0.json
Split  train=1210  val=151  test=152
Model: gin  |  readout=sum  |  params=92,932

Training BACE_gin_sum_seed0 for up to 100 epochs ...
  Epoch    1 | loss 0.7843 | val_auc 0.5766 *
  Epoch    2 | loss 0.6716 | val_auc 0.5793 *
  Epoch    3 | loss 0.6451 | val_auc 0.6890 *
  Epoch   10 | loss 0.5463 | val_auc 0.7277
  Epoch   20 | loss 0.4830 | val_auc 0.8282 *
  Epoch   30 | loss 0.4384 | val_auc 0.8374
  Epoch   40 | loss 0.4303 | val_auc 0.8653
  Epoch   50 | loss 0.3856 | val_auc 0.7946
  Epoch   60 | loss 0.3635 | val_auc 0.8796
  Epoch   70 | loss 0.3502 | val_auc 0.8409
  Early stopping at epoch 74  (best val_auc=0.8987 at epoch 54)

============================================================
  BACE_gin_sum_seed0
  train_auc=0.9293  val_auc=0.8987  test_auc=0.7617  (best epoch 54)
  Saved → results/BACE_gin_sum_seed0_metrics.json
============================================================
