Task 19: BACE / gin / max / seed 0
[run_single] device=cuda  model=gin  readout=max  seed=0
Dataset: BACE  |  1513 molecules  |  1 task(s)
Loaded existing scaffold split from ./data/splits/BACE_scaffold_seed0.json
Split  train=1210  val=151  test=152
Model: gin  |  readout=max  |  params=92,932

Training BACE_gin_max_seed0 for up to 100 epochs ...
  Epoch    1 | loss 0.7017 | val_auc 0.5882 *
  Epoch    2 | loss 0.6697 | val_auc 0.6841 *
  Epoch    3 | loss 0.6410 | val_auc 0.6040
  Epoch   10 | loss 0.5479 | val_auc 0.7664 *
  Epoch   20 | loss 0.4695 | val_auc 0.8005
  Epoch   30 | loss 0.4307 | val_auc 0.8538 *
  Epoch   40 | loss 0.4287 | val_auc 0.8331
  Epoch   50 | loss 0.3910 | val_auc 0.8298
  Early stopping at epoch 50  (best val_auc=0.8538 at epoch 30)

============================================================
  BACE_gin_max_seed0
  train_auc=0.9023  val_auc=0.8538  test_auc=0.7577  (best epoch 30)
  Saved → results/BACE_gin_max_seed0_metrics.json
============================================================
