Task 18: BACE / gcn / max / seed 6
[run_single] device=cuda  model=gcn  readout=max  seed=6
Dataset: BACE  |  1513 molecules  |  1 task(s)
Loaded existing scaffold split from ./data/splits/BACE_scaffold_seed6.json
Split  train=1210  val=151  test=152
Model: gcn  |  readout=max  |  params=42,625

Training BACE_gcn_max_seed6 for up to 100 epochs ...
  Epoch    1 | loss 0.6965 | val_auc 0.6038 *
  Epoch    2 | loss 0.6927 | val_auc 0.5226
  Epoch    3 | loss 0.6900 | val_auc 0.5239
  Epoch   10 | loss 0.6826 | val_auc 0.6169 *
  Epoch   20 | loss 0.6364 | val_auc 0.6683
  Epoch   30 | loss 0.6240 | val_auc 0.7059 *
  Epoch   40 | loss 0.5950 | val_auc 0.6734
  Epoch   50 | loss 0.5852 | val_auc 0.6785
  Early stopping at epoch 50  (best val_auc=0.7059 at epoch 30)

============================================================
  BACE_gcn_max_seed6
  train_auc=0.7548  val_auc=0.7059  test_auc=0.6988  (best epoch 30)
  Saved → results/BACE_gcn_max_seed6_metrics.json
============================================================
