Task 103: BACE / graphsage / max / seed 7
[run_single] device=cuda  model=graphsage  readout=max  seed=7
Dataset: BACE  |  1513 molecules  |  1 task(s)
Loaded existing scaffold split from ./data/splits/BACE_scaffold_seed7.json
Split  train=1210  val=151  test=152
Model: graphsage  |  readout=max  |  params=76,545

Training BACE_graphsage_max_seed7 for up to 100 epochs ...
  Epoch    1 | loss 0.7164 | val_auc 0.4444 *
  Epoch    2 | loss 0.6939 | val_auc 0.3970
  Epoch    3 | loss 0.6920 | val_auc 0.4117
  Epoch   10 | loss 0.6770 | val_auc 0.5293
  Epoch   20 | loss 0.6567 | val_auc 0.6411 *
  Epoch   30 | loss 0.6314 | val_auc 0.7392 *
  Epoch   40 | loss 0.5969 | val_auc 0.7293
  Epoch   50 | loss 0.5532 | val_auc 0.7624
  Epoch   60 | loss 0.5430 | val_auc 0.7806 *
  Epoch   70 | loss 0.5184 | val_auc 0.7836
  Epoch   80 | loss 0.5012 | val_auc 0.7968
  Epoch   90 | loss 0.5026 | val_auc 0.8180
  Epoch  100 | loss 0.4979 | val_auc 0.8349

============================================================
  BACE_graphsage_max_seed7
  train_auc=0.8785  val_auc=0.8608  test_auc=0.7234  (best epoch 97)
  Saved → results/BACE_graphsage_max_seed7_metrics.json
============================================================
