Task 44: BACE / graphsage / max / seed 1
[run_single] device=cuda  model=graphsage  readout=max  seed=1
Dataset: BACE  |  1513 molecules  |  1 task(s)
Loaded existing scaffold split from ./data/splits/BACE_scaffold_seed1.json
Split  train=1210  val=151  test=152
Model: graphsage  |  readout=max  |  params=76,545

Training BACE_graphsage_max_seed1 for up to 100 epochs ...
  Epoch    1 | loss 0.7053 | val_auc 0.4558 *
  Epoch    2 | loss 0.6895 | val_auc 0.4452
  Epoch    3 | loss 0.6912 | val_auc 0.4376
  Epoch   10 | loss 0.6810 | val_auc 0.5665
  Epoch   20 | loss 0.6529 | val_auc 0.5742
  Epoch   30 | loss 0.6216 | val_auc 0.6591
  Epoch   40 | loss 0.5610 | val_auc 0.6860
  Epoch   50 | loss 0.5541 | val_auc 0.7290
  Epoch   60 | loss 0.5246 | val_auc 0.7315
  Epoch   70 | loss 0.4966 | val_auc 0.7723
  Epoch   80 | loss 0.5103 | val_auc 0.7874
  Epoch   90 | loss 0.4761 | val_auc 0.7836
  Epoch  100 | loss 0.4749 | val_auc 0.8212 *

============================================================
  BACE_graphsage_max_seed1
  train_auc=0.8819  val_auc=0.8212  test_auc=0.8070  (best epoch 100)
  Saved → results/BACE_graphsage_max_seed1_metrics.json
============================================================
