Task 155: BACE / graphsage / attention / seed 4
[run_single] device=cuda  model=graphsage  readout=attention  seed=4
Dataset: BACE  |  1513 molecules  |  1 task(s)
Loaded existing scaffold split from ./data/splits/BACE_scaffold_seed4.json
Split  train=1209  val=151  test=153
Model: graphsage  |  readout=attention  |  params=93,186

Training BACE_graphsage_attention_seed4 for up to 100 epochs ...
  Epoch    1 | loss 0.6937 | val_auc 0.5891 *
  Epoch    2 | loss 0.6917 | val_auc 0.5862
  Epoch    3 | loss 0.6888 | val_auc 0.6000 *
  Epoch   10 | loss 0.6710 | val_auc 0.6179 *
  Epoch   20 | loss 0.6378 | val_auc 0.6479 *
  Epoch   30 | loss 0.5997 | val_auc 0.6716
  Epoch   40 | loss 0.5794 | val_auc 0.6967
  Epoch   50 | loss 0.5768 | val_auc 0.6550
  Epoch   60 | loss 0.5525 | val_auc 0.7020
  Early stopping at epoch 69  (best val_auc=0.7455 at epoch 49)

============================================================
  BACE_graphsage_attention_seed4
  train_auc=0.7999  val_auc=0.7455  test_auc=0.7269  (best epoch 49)
  Saved → results/BACE_graphsage_attention_seed4_metrics.json
============================================================
