Task 134: BBBP / graphsage / sum / seed 3
[run_single] device=cpu  model=graphsage  readout=sum  seed=3
Dataset: BBBP  |  2039 molecules  |  1 task(s)
Loaded existing scaffold split from ./data/splits/BBBP_scaffold_seed3.json
Split  train=1631  val=203  test=205
Model: graphsage  |  readout=sum  |  params=76,545

Training BBBP_graphsage_sum_seed3 for up to 100 epochs ...
  Epoch    1 | loss 0.7464 | val_auc 0.2342 *
  Epoch    2 | loss 0.6096 | val_auc 0.4819 *
  Epoch    3 | loss 0.6091 | val_auc 0.4299
  Epoch   10 | loss 0.5466 | val_auc 0.9083 *
  Epoch   20 | loss 0.5199 | val_auc 0.9347
  Epoch   30 | loss 0.4896 | val_auc 0.9673
  Epoch   40 | loss 0.4372 | val_auc 0.9655
  Epoch   50 | loss 0.4141 | val_auc 0.9693
  Early stopping at epoch 52  (best val_auc=0.9839 at epoch 32)

============================================================
  BBBP_graphsage_sum_seed3
  train_auc=0.7996  val_auc=0.9839  test_auc=0.8853  (best epoch 32)
  Saved → results/BBBP_graphsage_sum_seed3_metrics.json
============================================================
