Task 101: BBBP / gat / max / seed 0
[run_single] device=cuda  model=gat  readout=max  seed=0
Dataset: BBBP  |  2039 molecules  |  1 task(s)
Loaded existing scaffold split from ./data/splits/BBBP_scaffold_seed0.json
Split  train=1631  val=203  test=205
Model: gat  |  readout=max  |  params=43,393

Training BBBP_gat_max_seed0 for up to 100 epochs ...
  Epoch    1 | loss 0.5857 | val_auc 0.3466 *
  Epoch    2 | loss 0.5803 | val_auc 0.6965 *
  Epoch    3 | loss 0.5592 | val_auc 0.8387 *
  Epoch   10 | loss 0.5304 | val_auc 0.8887 *
  Epoch   20 | loss 0.5175 | val_auc 0.8879
  Epoch   30 | loss 0.5120 | val_auc 0.8936 *
  Epoch   40 | loss 0.4920 | val_auc 0.8977
  Epoch   50 | loss 0.4757 | val_auc 0.9026
  Epoch   60 | loss 0.4820 | val_auc 0.9075 *
  Epoch   70 | loss 0.4641 | val_auc 0.9232
  Epoch   80 | loss 0.4732 | val_auc 0.9356
  Epoch   90 | loss 0.4523 | val_auc 0.9418
  Epoch  100 | loss 0.4338 | val_auc 0.9411

============================================================
  BBBP_gat_max_seed0
  train_auc=0.7652  val_auc=0.9483  test_auc=0.8875  (best epoch 93)
  Saved → results/BBBP_gat_max_seed0_metrics.json
============================================================
