Task 82: BACE / gat / attention / seed 7
[run_single] device=cuda  model=gat  readout=attention  seed=7
Dataset: BACE  |  1513 molecules  |  1 task(s)
Loaded existing scaffold split from ./data/splits/BACE_scaffold_seed7.json
Split  train=1210  val=151  test=152
Model: gat  |  readout=attention  |  params=60,034

Training BACE_gat_attention_seed7 for up to 100 epochs ...
  Epoch    1 | loss 0.6997 | val_auc 0.5054 *
  Epoch    2 | loss 0.6945 | val_auc 0.5441 *
  Epoch    3 | loss 0.6931 | val_auc 0.6110 *
  Epoch   10 | loss 0.6928 | val_auc 0.5925
  Epoch   20 | loss 0.6676 | val_auc 0.6047
  Epoch   30 | loss 0.6487 | val_auc 0.6383 *
  Epoch   40 | loss 0.6391 | val_auc 0.6610 *
  Epoch   50 | loss 0.6381 | val_auc 0.7233 *
  Epoch   60 | loss 0.6420 | val_auc 0.6956
  Epoch   70 | loss 0.6226 | val_auc 0.6942
  Epoch   80 | loss 0.6238 | val_auc 0.6829
  Epoch   90 | loss 0.6061 | val_auc 0.7200
  Epoch  100 | loss 0.6129 | val_auc 0.7261

============================================================
  BACE_gat_attention_seed7
  train_auc=0.7753  val_auc=0.7642  test_auc=0.6125  (best epoch 97)
  Saved → results/BACE_gat_attention_seed7_metrics.json
============================================================
