Task 106: BACE / graphsage / attention / seed 3
[run_single] device=cuda  model=graphsage  readout=attention  seed=3
Dataset: BACE  |  1513 molecules  |  1 task(s)
Loaded existing scaffold split from ./data/splits/BACE_scaffold_seed3.json
Split  train=1210  val=151  test=152
Model: graphsage  |  readout=attention  |  params=93,186

Training BACE_graphsage_attention_seed3 for up to 100 epochs ...
  Epoch    1 | loss 0.6973 | val_auc 0.5129 *
  Epoch    2 | loss 0.6929 | val_auc 0.5007
  Epoch    3 | loss 0.6916 | val_auc 0.4923
  Epoch   10 | loss 0.6764 | val_auc 0.4659
  Epoch   20 | loss 0.6616 | val_auc 0.5304
  Epoch   30 | loss 0.6306 | val_auc 0.5758
  Epoch   40 | loss 0.6262 | val_auc 0.5812
  Epoch   50 | loss 0.5949 | val_auc 0.5938
  Epoch   60 | loss 0.5788 | val_auc 0.6220
  Epoch   70 | loss 0.5801 | val_auc 0.6070
  Early stopping at epoch 73  (best val_auc=0.6422 at epoch 53)

============================================================
  BACE_graphsage_attention_seed3
  train_auc=0.7671  val_auc=0.6422  test_auc=0.7056  (best epoch 53)
  Saved → results/BACE_graphsage_attention_seed3_metrics.json
============================================================
