Task 127: BACE / graphsage / mean / seed 6
[run_single] device=cuda  model=graphsage  readout=mean  seed=6
Dataset: BACE  |  1513 molecules  |  1 task(s)
Loaded existing scaffold split from ./data/splits/BACE_scaffold_seed6.json
Split  train=1209  val=151  test=153
Model: graphsage  |  readout=mean  |  params=76,545

Training BACE_graphsage_mean_seed6 for up to 100 epochs ...
  Epoch    1 | loss 0.6915 | val_auc 0.6387 *
  Epoch    2 | loss 0.6923 | val_auc 0.6352
  Epoch    3 | loss 0.6898 | val_auc 0.6494 *
  Epoch   10 | loss 0.6575 | val_auc 0.6509 *
  Epoch   20 | loss 0.6432 | val_auc 0.6737
  Epoch   30 | loss 0.5889 | val_auc 0.7390
  Epoch   40 | loss 0.5592 | val_auc 0.7262
  Epoch   50 | loss 0.5256 | val_auc 0.7787 *
  Epoch   60 | loss 0.5088 | val_auc 0.7937
  Epoch   70 | loss 0.4930 | val_auc 0.7960
  Epoch   80 | loss 0.4887 | val_auc 0.7900
  Epoch   90 | loss 0.4894 | val_auc 0.8045
  Epoch  100 | loss 0.4726 | val_auc 0.8036

============================================================
  BACE_graphsage_mean_seed6
  train_auc=0.8796  val_auc=0.8215  test_auc=0.7742  (best epoch 86)
  Saved → results/BACE_graphsage_mean_seed6_metrics.json
============================================================
