Task 7: BACE / gcn / mean / seed 6
[run_single] device=cpu  model=gcn  readout=mean  seed=6
Dataset: BACE  |  1513 molecules  |  1 task(s)
  class balance — train: 0.46 pos  val: 0.46 pos  test: 0.46 pos
Saved scaffold split (1209/151/153) to ./data/splits/BACE_scaffold_seed6.json
Split  train=1209  val=151  test=153
Model: gcn  |  readout=mean  |  params=42,625

Training BACE_gcn_mean_seed6 for up to 100 epochs ...
  Epoch    1 | loss 0.6930 | val_auc 0.6006 *
  Epoch    2 | loss 0.6912 | val_auc 0.6006
  Epoch    3 | loss 0.6924 | val_auc 0.6016 *
  Epoch   10 | loss 0.6893 | val_auc 0.6306
  Epoch   20 | loss 0.6563 | val_auc 0.6340
  Epoch   30 | loss 0.6473 | val_auc 0.6400
  Early stopping at epoch 33  (best val_auc=0.6472 at epoch 13)

============================================================
  BACE_gcn_mean_seed6
  train_auc=0.6687  val_auc=0.6472  test_auc=0.4296  (best epoch 13)
  Saved → results/BACE_gcn_mean_seed6_metrics.json
============================================================
