Task 93: BBBP / gat / sum / seed 2
[run_single] device=cuda  model=gat  readout=sum  seed=2
Dataset: BBBP  |  2039 molecules  |  1 task(s)
Loaded existing scaffold split from ./data/splits/BBBP_scaffold_seed2.json
Split  train=1631  val=203  test=205
Model: gat  |  readout=sum  |  params=43,393

Training BBBP_gat_sum_seed2 for up to 100 epochs ...
  Epoch    1 | loss 0.8706 | val_auc 0.1646 *
  Epoch    2 | loss 0.6112 | val_auc 0.1697 *
  Epoch    3 | loss 0.6248 | val_auc 0.4655 *
  Epoch   10 | loss 0.6017 | val_auc 0.6182
  Epoch   20 | loss 0.5448 | val_auc 0.8294
  Epoch   30 | loss 0.5260 | val_auc 0.8423
  Epoch   40 | loss 0.5200 | val_auc 0.8269
  Epoch   50 | loss 0.5049 | val_auc 0.8478
  Epoch   60 | loss 0.5153 | val_auc 0.8639
  Epoch   70 | loss 0.4975 | val_auc 0.8815
  Epoch   80 | loss 0.5014 | val_auc 0.8872 *
  Epoch   90 | loss 0.4853 | val_auc 0.8783
  Epoch  100 | loss 0.4800 | val_auc 0.8843

============================================================
  BBBP_gat_sum_seed2
  train_auc=0.7570  val_auc=0.8912  test_auc=0.8938  (best epoch 86)
  Saved → results/BBBP_gat_sum_seed2_metrics.json
============================================================
