Task 68: BACE / gat / sum / seed 7
[run_single] device=cuda  model=gat  readout=sum  seed=7
Dataset: BACE  |  1513 molecules  |  1 task(s)
Loaded existing scaffold split from ./data/splits/BACE_scaffold_seed7.json
Split  train=1210  val=151  test=152
Model: gat  |  readout=sum  |  params=43,393

Training BACE_gat_sum_seed7 for up to 100 epochs ...
  Epoch    1 | loss 1.0340 | val_auc 0.3503 *
  Epoch    2 | loss 0.6929 | val_auc 0.6566 *
  Epoch    3 | loss 0.6893 | val_auc 0.6570 *
  Epoch   10 | loss 0.6849 | val_auc 0.6597
  Epoch   20 | loss 0.6864 | val_auc 0.6629
  Epoch   30 | loss 0.6860 | val_auc 0.6661
  Epoch   40 | loss 0.6852 | val_auc 0.6691
  Epoch   50 | loss 0.6907 | val_auc 0.6769 *
  Epoch   60 | loss 0.6694 | val_auc 0.6817 *
  Epoch   70 | loss 0.6815 | val_auc 0.6487
  Epoch   80 | loss 0.6619 | val_auc 0.6766
  Epoch   90 | loss 0.6598 | val_auc 0.7086 *
  Epoch  100 | loss 0.6433 | val_auc 0.7349

============================================================
  BACE_gat_sum_seed7
  train_auc=0.7391  val_auc=0.7513  test_auc=0.5833  (best epoch 97)
  Saved → results/BACE_gat_sum_seed7_metrics.json
============================================================
