Task 138: BBBP / graphsage / sum / seed 7
[run_single] device=cuda  model=graphsage  readout=sum  seed=7
Dataset: BBBP  |  2039 molecules  |  1 task(s)
Loaded existing scaffold split from ./data/splits/BBBP_scaffold_seed7.json
Split  train=1631  val=203  test=205
Model: graphsage  |  readout=sum  |  params=76,545

Training BBBP_graphsage_sum_seed7 for up to 100 epochs ...
  Epoch    1 | loss 0.8470 | val_auc 0.1035 *
  Epoch    2 | loss 0.6026 | val_auc 0.1316 *
  Epoch    3 | loss 0.6042 | val_auc 0.1380 *
  Epoch   10 | loss 0.5598 | val_auc 0.7795 *
  Epoch   20 | loss 0.5143 | val_auc 0.8107
  Epoch   30 | loss 0.5036 | val_auc 0.8362
  Epoch   40 | loss 0.4708 | val_auc 0.8678
  Epoch   50 | loss 0.4357 | val_auc 0.9156
  Epoch   60 | loss 0.3949 | val_auc 0.9160
  Epoch   70 | loss 0.3722 | val_auc 0.9345
  Epoch   80 | loss 0.3578 | val_auc 0.9216
  Epoch   90 | loss 0.3333 | val_auc 0.9630 *
  Epoch  100 | loss 0.3072 | val_auc 0.9456

============================================================
  BBBP_graphsage_sum_seed7
  train_auc=0.9168  val_auc=0.9630  test_auc=0.9530  (best epoch 90)
  Saved → results/BBBP_graphsage_sum_seed7_metrics.json
============================================================
