Task 109: BBBP / gat / max / seed 8
[run_single] device=cuda  model=gat  readout=max  seed=8
Dataset: BBBP  |  2039 molecules  |  1 task(s)
Loaded existing scaffold split from ./data/splits/BBBP_scaffold_seed8.json
Split  train=1631  val=203  test=205
Model: gat  |  readout=max  |  params=43,393

Training BBBP_gat_max_seed8 for up to 100 epochs ...
  Epoch    1 | loss 0.5821 | val_auc 0.3501 *
  Epoch    2 | loss 0.5593 | val_auc 0.7065 *
  Epoch    3 | loss 0.5494 | val_auc 0.7814 *
  Epoch   10 | loss 0.5271 | val_auc 0.8219
  Epoch   20 | loss 0.4998 | val_auc 0.8370 *
  Epoch   30 | loss 0.4795 | val_auc 0.8519
  Epoch   40 | loss 0.4778 | val_auc 0.8622
  Epoch   50 | loss 0.4469 | val_auc 0.8893 *
  Epoch   60 | loss 0.4447 | val_auc 0.8973
  Epoch   70 | loss 0.4387 | val_auc 0.8984
  Epoch   80 | loss 0.4189 | val_auc 0.8927
  Epoch   90 | loss 0.4202 | val_auc 0.9047
  Early stopping at epoch 94  (best val_auc=0.9113 at epoch 74)

============================================================
  BBBP_gat_max_seed8
  train_auc=0.8100  val_auc=0.9113  test_auc=0.9417  (best epoch 74)
  Saved → results/BBBP_gat_max_seed8_metrics.json
============================================================
