Task 75: BACE / gat / max / seed 7
[run_single] device=cuda  model=gat  readout=max  seed=7
Dataset: BACE  |  1513 molecules  |  1 task(s)
Loaded existing scaffold split from ./data/splits/BACE_scaffold_seed7.json
Split  train=1210  val=151  test=152
Model: gat  |  readout=max  |  params=43,393

Training BACE_gat_max_seed7 for up to 100 epochs ...
  Epoch    1 | loss 0.7083 | val_auc 0.4632 *
  Epoch    2 | loss 0.6944 | val_auc 0.4551
  Epoch    3 | loss 0.6904 | val_auc 0.4772 *
  Epoch   10 | loss 0.6835 | val_auc 0.3919
  Epoch   20 | loss 0.6831 | val_auc 0.6366 *
  Epoch   30 | loss 0.6730 | val_auc 0.6761 *
  Epoch   40 | loss 0.6316 | val_auc 0.7089
  Epoch   50 | loss 0.6224 | val_auc 0.7406
  Epoch   60 | loss 0.6063 | val_auc 0.7505
  Epoch   70 | loss 0.5779 | val_auc 0.8022 *
  Epoch   80 | loss 0.5760 | val_auc 0.7978
  Epoch   90 | loss 0.5557 | val_auc 0.7978
  Epoch  100 | loss 0.5760 | val_auc 0.7892

============================================================
  BACE_gat_max_seed7
  train_auc=0.8328  val_auc=0.8129  test_auc=0.6562  (best epoch 91)
  Saved → results/BACE_gat_max_seed7_metrics.json
============================================================
