Task 58: BBBP / gin / sum / seed 7
[run_single] device=cuda  model=gin  readout=sum  seed=7
Dataset: BBBP  |  2039 molecules  |  1 task(s)
Loaded existing scaffold split from ./data/splits/BBBP_scaffold_seed7.json
Split  train=1631  val=203  test=205
Model: gin  |  readout=sum  |  params=92,932

Training BBBP_gin_sum_seed7 for up to 100 epochs ...
  Epoch    1 | loss 0.5656 | val_auc 0.6911 *
  Epoch    2 | loss 0.4918 | val_auc 0.8044 *
  Epoch    3 | loss 0.4371 | val_auc 0.8632 *
  Epoch   10 | loss 0.3802 | val_auc 0.9216
  Epoch   20 | loss 0.3140 | val_auc 0.9089
  Epoch   30 | loss 0.2925 | val_auc 0.9182
  Epoch   40 | loss 0.2722 | val_auc 0.8800
  Epoch   50 | loss 0.2693 | val_auc 0.9067
  Early stopping at epoch 54  (best val_auc=0.9463 at epoch 34)

============================================================
  BBBP_gin_sum_seed7
  train_auc=0.9512  val_auc=0.9463  test_auc=0.9369  (best epoch 34)
  Saved → results/BBBP_gin_sum_seed7_metrics.json
============================================================
