Task 154: BBBP / graphsage / attention / seed 3
[run_single] device=cuda  model=graphsage  readout=attention  seed=3
Dataset: BBBP  |  2039 molecules  |  1 task(s)
Loaded existing scaffold split from ./data/splits/BBBP_scaffold_seed3.json
Split  train=1631  val=203  test=205
Model: graphsage  |  readout=attention  |  params=93,186

Training BBBP_graphsage_attention_seed3 for up to 100 epochs ...
  Epoch    1 | loss 0.5650 | val_auc 0.3438 *
  Epoch    2 | loss 0.5560 | val_auc 0.7358 *
  Epoch    3 | loss 0.5474 | val_auc 0.9010 *
  Epoch   10 | loss 0.4951 | val_auc 0.9562
  Epoch   20 | loss 0.4998 | val_auc 0.9641
  Epoch   30 | loss 0.4677 | val_auc 0.9798 *
  Epoch   40 | loss 0.4227 | val_auc 0.9724
  Epoch   50 | loss 0.3974 | val_auc 0.9664
  Early stopping at epoch 53  (best val_auc=0.9806 at epoch 33)

============================================================
  BBBP_graphsage_attention_seed3
  train_auc=0.8187  val_auc=0.9806  test_auc=0.8581  (best epoch 33)
  Saved → results/BBBP_graphsage_attention_seed3_metrics.json
============================================================
