Task 142: BACE / graphsage / max / seed 1
[run_single] device=cuda  model=graphsage  readout=max  seed=1
Dataset: BACE  |  1513 molecules  |  1 task(s)
Loaded existing scaffold split from ./data/splits/BACE_scaffold_seed1.json
Split  train=1209  val=151  test=153
Model: graphsage  |  readout=max  |  params=76,545

Training BACE_graphsage_max_seed1 for up to 100 epochs ...
  Epoch    1 | loss 0.6995 | val_auc 0.4784 *
  Epoch    2 | loss 0.6955 | val_auc 0.5143 *
  Epoch    3 | loss 0.6880 | val_auc 0.5186 *
  Epoch   10 | loss 0.6730 | val_auc 0.6158 *
  Epoch   20 | loss 0.6516 | val_auc 0.6174
  Epoch   30 | loss 0.6073 | val_auc 0.7073 *
  Epoch   40 | loss 0.5707 | val_auc 0.7633 *
  Epoch   50 | loss 0.5304 | val_auc 0.7752 *
  Epoch   60 | loss 0.5161 | val_auc 0.7906 *
  Epoch   70 | loss 0.4967 | val_auc 0.7918
  Epoch   80 | loss 0.4915 | val_auc 0.8178 *
  Epoch   90 | loss 0.4587 | val_auc 0.8339 *
  Epoch  100 | loss 0.4553 | val_auc 0.8434 *

============================================================
  BACE_graphsage_max_seed1
  train_auc=0.8976  val_auc=0.8434  test_auc=0.8062  (best epoch 100)
  Saved → results/BACE_graphsage_max_seed1_metrics.json
============================================================
