Task 84: BBBP / gat / mean / seed 3
[run_single] device=cuda  model=gat  readout=mean  seed=3
Dataset: BBBP  |  2039 molecules  |  1 task(s)
Loaded existing scaffold split from ./data/splits/BBBP_scaffold_seed3.json
Split  train=1631  val=203  test=205
Model: gat  |  readout=mean  |  params=43,393

Training BBBP_gat_mean_seed3 for up to 100 epochs ...
  Epoch    1 | loss 0.5700 | val_auc 0.5228 *
  Epoch    2 | loss 0.5527 | val_auc 0.7857 *
  Epoch    3 | loss 0.5506 | val_auc 0.9384 *
  Epoch   10 | loss 0.5083 | val_auc 0.9606 *
  Epoch   20 | loss 0.4829 | val_auc 0.9705 *
  Epoch   30 | loss 0.4451 | val_auc 0.9786 *
  Epoch   40 | loss 0.4409 | val_auc 0.9730
  Epoch   50 | loss 0.4145 | val_auc 0.9785
  Early stopping at epoch 51  (best val_auc=0.9802 at epoch 31)

============================================================
  BBBP_gat_mean_seed3
  train_auc=0.8086  val_auc=0.9802  test_auc=0.8353  (best epoch 31)
  Saved → results/BBBP_gat_mean_seed3_metrics.json
============================================================
