Task 55: BACE / gin / sum / seed 4
[run_single] device=cuda  model=gin  readout=sum  seed=4
Dataset: BACE  |  1513 molecules  |  1 task(s)
Loaded existing scaffold split from ./data/splits/BACE_scaffold_seed4.json
Split  train=1209  val=151  test=153
Model: gin  |  readout=sum  |  params=92,932

Training BACE_gin_sum_seed4 for up to 100 epochs ...
  Epoch    1 | loss 0.7872 | val_auc 0.5656 *
  Epoch    2 | loss 0.6618 | val_auc 0.5394
  Epoch    3 | loss 0.6354 | val_auc 0.6638 *
  Epoch   10 | loss 0.5657 | val_auc 0.7345
  Epoch   20 | loss 0.4796 | val_auc 0.7515
  Epoch   30 | loss 0.4161 | val_auc 0.7943
  Epoch   40 | loss 0.4205 | val_auc 0.8540 *
  Epoch   50 | loss 0.3927 | val_auc 0.8172
  Epoch   60 | loss 0.3801 | val_auc 0.8443
  Early stopping at epoch 69  (best val_auc=0.8641 at epoch 49)

============================================================
  BACE_gin_sum_seed4
  train_auc=0.9352  val_auc=0.8641  test_auc=0.8597  (best epoch 49)
  Saved → results/BACE_gin_sum_seed4_metrics.json
============================================================
