Task 105: BACE / graphsage / max / seed 9
[run_single] device=cuda  model=graphsage  readout=max  seed=9
Dataset: BACE  |  1513 molecules  |  1 task(s)
Loaded existing scaffold split from ./data/splits/BACE_scaffold_seed9.json
Split  train=1210  val=151  test=152
Model: graphsage  |  readout=max  |  params=76,545

Training BACE_graphsage_max_seed9 for up to 100 epochs ...
  Epoch    1 | loss 0.7088 | val_auc 0.5726 *
  Epoch    2 | loss 0.6931 | val_auc 0.5274
  Epoch    3 | loss 0.6905 | val_auc 0.5755 *
  Epoch   10 | loss 0.6695 | val_auc 0.6016
  Epoch   20 | loss 0.6577 | val_auc 0.6192
  Epoch   30 | loss 0.6303 | val_auc 0.6940 *
  Epoch   40 | loss 0.5796 | val_auc 0.7118
  Epoch   50 | loss 0.5635 | val_auc 0.6901
  Epoch   60 | loss 0.5414 | val_auc 0.7328
  Epoch   70 | loss 0.5356 | val_auc 0.7739
  Epoch   80 | loss 0.5013 | val_auc 0.7938
  Epoch   90 | loss 0.5248 | val_auc 0.7777
  Epoch  100 | loss 0.5000 | val_auc 0.8212

============================================================
  BACE_graphsage_max_seed9
  train_auc=0.8707  val_auc=0.8505  test_auc=0.7055  (best epoch 94)
  Saved → results/BACE_graphsage_max_seed9_metrics.json
============================================================
