Task 26: BACE / gat / mean / seed 1
[run_single] device=cuda  model=gat  readout=mean  seed=1
Dataset: BACE  |  1513 molecules  |  1 task(s)
Loaded existing scaffold split from ./data/splits/BACE_scaffold_seed1.json
Split  train=1210  val=151  test=152
Model: gat  |  readout=mean  |  params=43,393

Training BACE_gat_mean_seed1 for up to 100 epochs ...
  Epoch    1 | loss 0.6934 | val_auc 0.4409 *
  Epoch    2 | loss 0.6923 | val_auc 0.4444 *
  Epoch    3 | loss 0.6867 | val_auc 0.4492 *
  Epoch   10 | loss 0.6820 | val_auc 0.4613
  Epoch   20 | loss 0.6492 | val_auc 0.5196
  Epoch   30 | loss 0.6314 | val_auc 0.6220
  Epoch   40 | loss 0.6189 | val_auc 0.5573
  Epoch   50 | loss 0.5765 | val_auc 0.6788
  Epoch   60 | loss 0.5546 | val_auc 0.7688 *
  Epoch   70 | loss 0.5403 | val_auc 0.7863 *
  Epoch   80 | loss 0.5327 | val_auc 0.7632
  Epoch   90 | loss 0.5285 | val_auc 0.7723
  Epoch  100 | loss 0.5217 | val_auc 0.7938

============================================================
  BACE_gat_mean_seed1
  train_auc=0.8312  val_auc=0.8218  test_auc=0.7419  (best epoch 89)
  Saved → results/BACE_gat_mean_seed1_metrics.json
============================================================
