Task 112: BBBP / gat / attention / seed 1
[run_single] device=cuda  model=gat  readout=attention  seed=1
Dataset: BBBP  |  2039 molecules  |  1 task(s)
Loaded existing scaffold split from ./data/splits/BBBP_scaffold_seed1.json
Split  train=1631  val=203  test=205
Model: gat  |  readout=attention  |  params=60,034

Training BBBP_gat_attention_seed1 for up to 100 epochs ...
  Epoch    1 | loss 0.5737 | val_auc 0.4472 *
  Epoch    2 | loss 0.5545 | val_auc 0.8340 *
  Epoch    3 | loss 0.5462 | val_auc 0.8747 *
  Epoch   10 | loss 0.5124 | val_auc 0.8834
  Epoch   20 | loss 0.4880 | val_auc 0.8790
  Epoch   30 | loss 0.4608 | val_auc 0.8869 *
  Epoch   40 | loss 0.4391 | val_auc 0.8961
  Epoch   50 | loss 0.4295 | val_auc 0.9034
  Epoch   60 | loss 0.4151 | val_auc 0.9081 *
  Epoch   70 | loss 0.4119 | val_auc 0.9059
  Epoch   80 | loss 0.3962 | val_auc 0.9138
  Epoch   90 | loss 0.3891 | val_auc 0.9214 *
  Epoch  100 | loss 0.3904 | val_auc 0.9118

============================================================
  BBBP_gat_attention_seed1
  train_auc=0.8901  val_auc=0.9214  test_auc=0.9309  (best epoch 90)
  Saved → results/BBBP_gat_attention_seed1_metrics.json
============================================================
