Task 126: BBBP / graphsage / mean / seed 5
[run_single] device=cuda  model=graphsage  readout=mean  seed=5
Dataset: BBBP  |  2039 molecules  |  1 task(s)
Loaded existing scaffold split from ./data/splits/BBBP_scaffold_seed5.json
Split  train=1631  val=203  test=205
Model: graphsage  |  readout=mean  |  params=76,545

Training BBBP_graphsage_mean_seed5 for up to 100 epochs ...
  Epoch    1 | loss 0.5689 | val_auc 0.4261 *
  Epoch    2 | loss 0.5553 | val_auc 0.7662 *
  Epoch    3 | loss 0.5588 | val_auc 0.8624 *
  Epoch   10 | loss 0.5147 | val_auc 0.9107 *
  Epoch   20 | loss 0.4815 | val_auc 0.9289 *
  Epoch   30 | loss 0.4718 | val_auc 0.9449 *
  Epoch   40 | loss 0.4507 | val_auc 0.9480
  Epoch   50 | loss 0.4128 | val_auc 0.9393
  Early stopping at epoch 56  (best val_auc=0.9564 at epoch 36)

============================================================
  BBBP_graphsage_mean_seed5
  train_auc=0.8063  val_auc=0.9564  test_auc=0.8858  (best epoch 36)
  Saved → results/BBBP_graphsage_mean_seed5_metrics.json
============================================================
