Task 130: BACE / graphsage / mean / seed 9
[run_single] device=cuda  model=graphsage  readout=mean  seed=9
Dataset: BACE  |  1513 molecules  |  1 task(s)
Loaded existing scaffold split from ./data/splits/BACE_scaffold_seed9.json
Split  train=1209  val=151  test=153
Model: graphsage  |  readout=mean  |  params=76,545

Training BACE_graphsage_mean_seed9 for up to 100 epochs ...
  Epoch    1 | loss 0.6937 | val_auc 0.5855 *
  Epoch    2 | loss 0.6911 | val_auc 0.5619
  Epoch    3 | loss 0.6921 | val_auc 0.5640
  Epoch   10 | loss 0.6777 | val_auc 0.5726
  Epoch   20 | loss 0.6520 | val_auc 0.5940 *
  Epoch   30 | loss 0.6263 | val_auc 0.6170
  Epoch   40 | loss 0.6315 | val_auc 0.6637 *
  Epoch   50 | loss 0.5883 | val_auc 0.6849
  Epoch   60 | loss 0.5674 | val_auc 0.7096
  Epoch   70 | loss 0.5526 | val_auc 0.7241
  Epoch   80 | loss 0.5219 | val_auc 0.7367
  Epoch   90 | loss 0.5053 | val_auc 0.7794
  Epoch  100 | loss 0.5042 | val_auc 0.7759

============================================================
  BACE_graphsage_mean_seed9
  train_auc=0.8647  val_auc=0.7982  test_auc=0.7709  (best epoch 92)
  Saved → results/BACE_graphsage_mean_seed9_metrics.json
============================================================
