Task 130: BBBP / graphsage / mean / seed 9
[run_single] device=cuda  model=graphsage  readout=mean  seed=9
Dataset: BBBP  |  2039 molecules  |  1 task(s)
Loaded existing scaffold split from ./data/splits/BBBP_scaffold_seed9.json
Split  train=1631  val=203  test=205
Model: graphsage  |  readout=mean  |  params=76,545

Training BBBP_graphsage_mean_seed9 for up to 100 epochs ...
  Epoch    1 | loss 0.5653 | val_auc 0.5431 *
  Epoch    2 | loss 0.5474 | val_auc 0.8667 *
  Epoch    3 | loss 0.5475 | val_auc 0.8582
  Epoch   10 | loss 0.5021 | val_auc 0.8749 *
  Epoch   20 | loss 0.4906 | val_auc 0.8920
  Epoch   30 | loss 0.4474 | val_auc 0.9100 *
  Epoch   40 | loss 0.4182 | val_auc 0.9229 *
  Epoch   50 | loss 0.3999 | val_auc 0.9208
  Epoch   60 | loss 0.3669 | val_auc 0.9154
  Early stopping at epoch 63  (best val_auc=0.9270 at epoch 43)

============================================================
  BBBP_graphsage_mean_seed9
  train_auc=0.8741  val_auc=0.9270  test_auc=0.9458  (best epoch 43)
  Saved → results/BBBP_graphsage_mean_seed9_metrics.json
============================================================
