Task 49: BBBP / gin / mean / seed 8
[run_single] device=cuda  model=gin  readout=mean  seed=8
Dataset: BBBP  |  2039 molecules  |  1 task(s)
Loaded existing scaffold split from ./data/splits/BBBP_scaffold_seed8.json
Split  train=1631  val=203  test=205
Model: gin  |  readout=mean  |  params=92,932

Training BBBP_gin_mean_seed8 for up to 100 epochs ...
  Epoch    1 | loss 0.5547 | val_auc 0.8351 *
  Epoch    2 | loss 0.4866 | val_auc 0.8587 *
  Epoch    3 | loss 0.4683 | val_auc 0.7399
  Epoch   10 | loss 0.3610 | val_auc 0.9221
  Epoch   20 | loss 0.3329 | val_auc 0.9375
  Epoch   30 | loss 0.2893 | val_auc 0.9246
  Epoch   40 | loss 0.2801 | val_auc 0.8841
  Epoch   50 | loss 0.2608 | val_auc 0.9247
  Epoch   60 | loss 0.2470 | val_auc 0.9255
  Early stopping at epoch 68  (best val_auc=0.9685 at epoch 48)

============================================================
  BBBP_gin_mean_seed8
  train_auc=0.9540  val_auc=0.9685  test_auc=0.9294  (best epoch 48)
  Saved → results/BBBP_gin_mean_seed8_metrics.json
============================================================
