Task 144: BACE / graphsage / max / seed 3
[run_single] device=cuda  model=graphsage  readout=max  seed=3
Dataset: BACE  |  1513 molecules  |  1 task(s)
Loaded existing scaffold split from ./data/splits/BACE_scaffold_seed3.json
Split  train=1209  val=151  test=153
Model: graphsage  |  readout=max  |  params=76,545

Training BACE_graphsage_max_seed3 for up to 100 epochs ...
  Epoch    1 | loss 0.7167 | val_auc 0.5710 *
  Epoch    2 | loss 0.6880 | val_auc 0.5930 *
  Epoch    3 | loss 0.6918 | val_auc 0.6112 *
  Epoch   10 | loss 0.6653 | val_auc 0.6520 *
  Epoch   20 | loss 0.6473 | val_auc 0.6510
  Epoch   30 | loss 0.6188 | val_auc 0.6794
  Epoch   40 | loss 0.5760 | val_auc 0.7278 *
  Epoch   50 | loss 0.5395 | val_auc 0.7395
  Epoch   60 | loss 0.5202 | val_auc 0.7582
  Epoch   70 | loss 0.5037 | val_auc 0.7923 *
  Epoch   80 | loss 0.4859 | val_auc 0.7877
  Epoch   90 | loss 0.4911 | val_auc 0.7982
  Epoch  100 | loss 0.4674 | val_auc 0.7870

============================================================
  BACE_graphsage_max_seed3
  train_auc=0.8676  val_auc=0.8142  test_auc=0.7933  (best epoch 83)
  Saved → results/BACE_graphsage_max_seed3_metrics.json
============================================================
