Task 108: BBBP / gat / max / seed 7
[run_single] device=cuda  model=gat  readout=max  seed=7
Dataset: BBBP  |  2039 molecules  |  1 task(s)
Loaded existing scaffold split from ./data/splits/BBBP_scaffold_seed7.json
Split  train=1631  val=203  test=205
Model: gat  |  readout=max  |  params=43,393

Training BBBP_gat_max_seed7 for up to 100 epochs ...
  Epoch    1 | loss 0.5830 | val_auc 0.5835 *
  Epoch    2 | loss 0.5570 | val_auc 0.7405 *
  Epoch    3 | loss 0.5552 | val_auc 0.7728 *
  Epoch   10 | loss 0.5172 | val_auc 0.8512 *
  Epoch   20 | loss 0.4978 | val_auc 0.8415
  Epoch   30 | loss 0.5007 | val_auc 0.8612 *
  Epoch   40 | loss 0.4740 | val_auc 0.8827 *
  Epoch   50 | loss 0.4661 | val_auc 0.9074 *
  Epoch   60 | loss 0.4382 | val_auc 0.9190
  Epoch   70 | loss 0.4307 | val_auc 0.9322
  Epoch   80 | loss 0.4240 | val_auc 0.9363 *
  Epoch   90 | loss 0.4269 | val_auc 0.9354
  Epoch  100 | loss 0.4080 | val_auc 0.9367

============================================================
  BBBP_gat_max_seed7
  train_auc=0.8191  val_auc=0.9378  test_auc=0.9203  (best epoch 89)
  Saved → results/BBBP_gat_max_seed7_metrics.json
============================================================
