Task 140: BBBP / graphsage / sum / seed 9
[run_single] device=cuda  model=graphsage  readout=sum  seed=9
Dataset: BBBP  |  2039 molecules  |  1 task(s)
Loaded existing scaffold split from ./data/splits/BBBP_scaffold_seed9.json
Split  train=1631  val=203  test=205
Model: graphsage  |  readout=sum  |  params=76,545

Training BBBP_graphsage_sum_seed9 for up to 100 epochs ...
  Epoch    1 | loss 0.9046 | val_auc 0.1199 *
  Epoch    2 | loss 0.6089 | val_auc 0.1466 *
  Epoch    3 | loss 0.6035 | val_auc 0.1934 *
  Epoch   10 | loss 0.5473 | val_auc 0.8918 *
  Epoch   20 | loss 0.5149 | val_auc 0.8099
  Epoch   30 | loss 0.4670 | val_auc 0.9023
  Epoch   40 | loss 0.4405 | val_auc 0.9239
  Epoch   50 | loss 0.4086 | val_auc 0.9244
  Epoch   60 | loss 0.3755 | val_auc 0.9055
  Early stopping at epoch 61  (best val_auc=0.9351 at epoch 41)

============================================================
  BBBP_graphsage_sum_seed9
  train_auc=0.8370  val_auc=0.9351  test_auc=0.9490  (best epoch 41)
  Saved → results/BBBP_graphsage_sum_seed9_metrics.json
============================================================
