Task 15: BACE / gin / mean / seed 2
[run_single] device=cuda  model=gin  readout=mean  seed=2
Dataset: BACE  |  1513 molecules  |  1 task(s)
Loaded existing scaffold split from ./data/splits/BACE_scaffold_seed2.json
Split  train=1210  val=151  test=152
Model: gin  |  readout=mean  |  params=92,932

Training BACE_gin_mean_seed2 for up to 100 epochs ...
  Epoch    1 | loss 0.6887 | val_auc 0.6124 *
  Epoch    2 | loss 0.6482 | val_auc 0.6688 *
  Epoch    3 | loss 0.6272 | val_auc 0.6290
  Epoch   10 | loss 0.5274 | val_auc 0.6930
  Epoch   20 | loss 0.4720 | val_auc 0.7548
  Epoch   30 | loss 0.4318 | val_auc 0.7984
  Epoch   40 | loss 0.4183 | val_auc 0.7642
  Epoch   50 | loss 0.3695 | val_auc 0.7890
  Epoch   60 | loss 0.3684 | val_auc 0.8016
  Epoch   70 | loss 0.3593 | val_auc 0.8419
  Epoch   80 | loss 0.3434 | val_auc 0.8250
  Epoch   90 | loss 0.3413 | val_auc 0.8258
  Epoch  100 | loss 0.3141 | val_auc 0.8366

============================================================
  BACE_gin_mean_seed2
  train_auc=0.9595  val_auc=0.8702  test_auc=0.8789  (best epoch 96)
  Saved → results/BACE_gin_mean_seed2_metrics.json
============================================================
