Task 21: BACE / gin / max / seed 2
[run_single] device=cuda  model=gin  readout=max  seed=2
Dataset: BACE  |  1513 molecules  |  1 task(s)
Loaded existing scaffold split from ./data/splits/BACE_scaffold_seed2.json
Split  train=1210  val=151  test=152
Model: gin  |  readout=max  |  params=92,932

Training BACE_gin_max_seed2 for up to 100 epochs ...
  Epoch    1 | loss 0.6884 | val_auc 0.6992 *
  Epoch    2 | loss 0.6602 | val_auc 0.6134
  Epoch    3 | loss 0.6509 | val_auc 0.6212
  Epoch   10 | loss 0.5477 | val_auc 0.6976
  Epoch   20 | loss 0.4563 | val_auc 0.7245
  Epoch   30 | loss 0.4364 | val_auc 0.7672
  Epoch   40 | loss 0.3973 | val_auc 0.6688
  Epoch   50 | loss 0.3583 | val_auc 0.7720
  Epoch   60 | loss 0.3373 | val_auc 0.7688
  Epoch   70 | loss 0.3294 | val_auc 0.7594
  Epoch   80 | loss 0.3379 | val_auc 0.7962
  Epoch   90 | loss 0.3045 | val_auc 0.7922
  Early stopping at epoch 92  (best val_auc=0.8204 at epoch 72)

============================================================
  BACE_gin_max_seed2
  train_auc=0.9474  val_auc=0.8204  test_auc=0.8323  (best epoch 72)
  Saved → results/BACE_gin_max_seed2_metrics.json
============================================================
