Task 26: BACE / gcn / max / seed 5
[run_single] device=cuda  model=gcn  readout=max  seed=5
Dataset: BACE  |  1513 molecules  |  1 task(s)
Loaded existing scaffold split from ./data/splits/BACE_scaffold_seed5.json
Split  train=1209  val=151  test=153
Model: gcn  |  readout=max  |  params=42,625

Training BACE_gcn_max_seed5 for up to 100 epochs ...
  Epoch    1 | loss 0.7014 | val_auc 0.4578 *
  Epoch    2 | loss 0.6900 | val_auc 0.4768 *
  Epoch    3 | loss 0.6879 | val_auc 0.4841 *
  Epoch   10 | loss 0.6729 | val_auc 0.5907 *
  Epoch   20 | loss 0.6429 | val_auc 0.6433
  Epoch   30 | loss 0.6140 | val_auc 0.6833
  Epoch   40 | loss 0.6064 | val_auc 0.7154 *
  Epoch   50 | loss 0.5848 | val_auc 0.7246
  Epoch   60 | loss 0.5685 | val_auc 0.7328
  Epoch   70 | loss 0.5589 | val_auc 0.7448 *
  Epoch   80 | loss 0.5381 | val_auc 0.7474 *
  Epoch   90 | loss 0.5505 | val_auc 0.7524
  Epoch  100 | loss 0.5187 | val_auc 0.7639 *

============================================================
  BACE_gcn_max_seed5
  train_auc=0.8578  val_auc=0.7639  test_auc=0.7568  (best epoch 100)
  Saved → results/BACE_gcn_max_seed5_metrics.json
============================================================
