Task 2: BBBP / gcn / mean / seed 1
[run_single] device=cpu  model=gcn  readout=mean  seed=1
Dataset: BBBP  |  2039 molecules  |  1 task(s)
Loaded existing scaffold split from ./data/splits/BBBP_scaffold_seed1.json
Split  train=1631  val=203  test=205
Model: gcn  |  readout=mean  |  params=42,625

Training BBBP_gcn_mean_seed1 for up to 100 epochs ...
  Epoch    1 | loss 0.5732 | val_auc 0.5775 *
  Epoch    2 | loss 0.5461 | val_auc 0.8902 *
  Epoch    3 | loss 0.5462 | val_auc 0.8779
  Epoch   10 | loss 0.5102 | val_auc 0.8988 *
  Epoch   20 | loss 0.4944 | val_auc 0.9124
  Epoch   30 | loss 0.4835 | val_auc 0.9187
  Epoch   40 | loss 0.4744 | val_auc 0.9225
  Epoch   50 | loss 0.4650 | val_auc 0.9278
  Epoch   60 | loss 0.4700 | val_auc 0.9243
  Epoch   70 | loss 0.4225 | val_auc 0.9321
  Early stopping at epoch 75  (best val_auc=0.9441 at epoch 55)

============================================================
  BBBP_gcn_mean_seed1
  train_auc=0.8083  val_auc=0.9441  test_auc=0.9279  (best epoch 55)
  Saved → results/BBBP_gcn_mean_seed1_metrics.json
============================================================
