Task 61: BACE / gin / max / seed 0
[run_single] device=cuda  model=gin  readout=max  seed=0
Dataset: BACE  |  1513 molecules  |  1 task(s)
Loaded existing scaffold split from ./data/splits/BACE_scaffold_seed0.json
Split  train=1209  val=151  test=153
Model: gin  |  readout=max  |  params=92,932

Training BACE_gin_max_seed0 for up to 100 epochs ...
  Epoch    1 | loss 0.6791 | val_auc 0.6331 *
  Epoch    2 | loss 0.6486 | val_auc 0.6836 *
  Epoch    3 | loss 0.6349 | val_auc 0.7098 *
  Epoch   10 | loss 0.5369 | val_auc 0.8042 *
  Epoch   20 | loss 0.4478 | val_auc 0.7791
  Epoch   30 | loss 0.4229 | val_auc 0.8333
  Epoch   40 | loss 0.3777 | val_auc 0.8081
  Epoch   50 | loss 0.3562 | val_auc 0.8256
  Epoch   60 | loss 0.3275 | val_auc 0.8471
  Epoch   70 | loss 0.3222 | val_auc 0.8514
  Epoch   80 | loss 0.2994 | val_auc 0.8353
  Epoch   90 | loss 0.3225 | val_auc 0.8747
  Epoch  100 | loss 0.2803 | val_auc 0.8602

============================================================
  BACE_gin_max_seed0
  train_auc=0.9686  val_auc=0.8849  test_auc=0.8664  (best epoch 91)
  Saved → results/BACE_gin_max_seed0_metrics.json
============================================================
