Task 43: BACE / graphsage / max / seed 0
[run_single] device=cuda  model=graphsage  readout=max  seed=0
Dataset: BACE  |  1513 molecules  |  1 task(s)
Loaded existing scaffold split from ./data/splits/BACE_scaffold_seed0.json
Split  train=1210  val=151  test=152
Model: graphsage  |  readout=max  |  params=76,545

Training BACE_graphsage_max_seed0 for up to 100 epochs ...
  Epoch    1 | loss 0.7031 | val_auc 0.5368 *
  Epoch    2 | loss 0.6906 | val_auc 0.5108
  Epoch    3 | loss 0.6957 | val_auc 0.4969
  Epoch   10 | loss 0.6690 | val_auc 0.5535
  Epoch   20 | loss 0.6458 | val_auc 0.6124
  Epoch   30 | loss 0.5981 | val_auc 0.7145 *
  Epoch   40 | loss 0.5651 | val_auc 0.7333
  Epoch   50 | loss 0.5554 | val_auc 0.7375
  Epoch   60 | loss 0.5165 | val_auc 0.7647
  Epoch   70 | loss 0.5296 | val_auc 0.7848
  Epoch   80 | loss 0.5095 | val_auc 0.7782
  Epoch   90 | loss 0.5034 | val_auc 0.8048
  Epoch  100 | loss 0.4795 | val_auc 0.8167

============================================================
  BACE_graphsage_max_seed0
  train_auc=0.8795  val_auc=0.8384  test_auc=0.7385  (best epoch 95)
  Saved → results/BACE_graphsage_max_seed0_metrics.json
============================================================
