Task 42: BBBP / gin / mean / seed 1
[run_single] device=cuda  model=gin  readout=mean  seed=1
Dataset: BBBP  |  2039 molecules  |  1 task(s)
  class balance — train: 0.77 pos  val: 0.77 pos  test: 0.76 pos
Saved scaffold split (1631/203/205) to ./data/splits/BBBP_scaffold_seed1.json
Split  train=1631  val=203  test=205
Model: gin  |  readout=mean  |  params=92,932

Training BBBP_gin_mean_seed1 for up to 100 epochs ...
  Epoch    1 | loss 0.5383 | val_auc 0.9149 *
  Epoch    2 | loss 0.4865 | val_auc 0.8183
  Epoch    3 | loss 0.4688 | val_auc 0.8999
  Epoch   10 | loss 0.3570 | val_auc 0.9306
  Epoch   20 | loss 0.3180 | val_auc 0.9266
  Epoch   30 | loss 0.2836 | val_auc 0.9131
  Epoch   40 | loss 0.2489 | val_auc 0.9216
  Early stopping at epoch 41  (best val_auc=0.9502 at epoch 21)

============================================================
  BBBP_gin_mean_seed1
  train_auc=0.9253  val_auc=0.9502  test_auc=0.9589  (best epoch 21)
  Saved → results/BBBP_gin_mean_seed1_metrics.json
============================================================
