Task 42: BACE / graphsage / sum / seed 2
[run_single] device=cuda  model=graphsage  readout=sum  seed=2
Dataset: BACE  |  1513 molecules  |  1 task(s)
Loaded existing scaffold split from ./data/splits/BACE_scaffold_seed2.json
Split  train=1210  val=151  test=152
Model: graphsage  |  readout=sum  |  params=76,545

Training BACE_graphsage_sum_seed2 for up to 100 epochs ...
  Epoch    1 | loss 0.9995 | val_auc 0.6363 *
  Epoch    2 | loss 0.7004 | val_auc 0.6489 *
  Epoch    3 | loss 0.6876 | val_auc 0.6425
  Epoch   10 | loss 0.6871 | val_auc 0.6492
  Epoch   20 | loss 0.6783 | val_auc 0.6435
  Epoch   30 | loss 0.6647 | val_auc 0.6672 *
  Epoch   40 | loss 0.6552 | val_auc 0.6944 *
  Epoch   50 | loss 0.6519 | val_auc 0.7312
  Epoch   60 | loss 0.6257 | val_auc 0.7489 *
  Epoch   70 | loss 0.5883 | val_auc 0.7454
  Epoch   80 | loss 0.5551 | val_auc 0.7102
  Epoch   90 | loss 0.5402 | val_auc 0.7578
  Epoch  100 | loss 0.5231 | val_auc 0.7277

============================================================
  BACE_graphsage_sum_seed2
  train_auc=0.8609  val_auc=0.7892  test_auc=0.8195  (best epoch 97)
  Saved → results/BACE_graphsage_sum_seed2_metrics.json
============================================================
