Task 48: BACE / graphsage / attention / seed 2
[run_single] device=cuda  model=graphsage  readout=attention  seed=2
Dataset: BACE  |  1513 molecules  |  1 task(s)
Loaded existing scaffold split from ./data/splits/BACE_scaffold_seed2.json
Split  train=1210  val=151  test=152
Model: graphsage  |  readout=attention  |  params=93,186

Training BACE_graphsage_attention_seed2 for up to 100 epochs ...
  Epoch    1 | loss 0.7002 | val_auc 0.5134 *
  Epoch    2 | loss 0.6920 | val_auc 0.5331 *
  Epoch    3 | loss 0.6953 | val_auc 0.5331
  Epoch   10 | loss 0.6724 | val_auc 0.6108 *
  Epoch   20 | loss 0.6451 | val_auc 0.5953
  Epoch   30 | loss 0.6258 | val_auc 0.5344
  Epoch   40 | loss 0.6052 | val_auc 0.5680
  Early stopping at epoch 43  (best val_auc=0.6390 at epoch 23)

============================================================
  BACE_graphsage_attention_seed2
  train_auc=0.6923  val_auc=0.6390  test_auc=0.5708  (best epoch 23)
  Saved → results/BACE_graphsage_attention_seed2_metrics.json
============================================================
