Task 145: BBBP / graphsage / max / seed 4
[run_single] device=cuda  model=graphsage  readout=max  seed=4
Dataset: BBBP  |  2039 molecules  |  1 task(s)
Loaded existing scaffold split from ./data/splits/BBBP_scaffold_seed4.json
Split  train=1631  val=203  test=205
Model: graphsage  |  readout=max  |  params=76,545

Training BBBP_graphsage_max_seed4 for up to 100 epochs ...
  Epoch    1 | loss 0.5649 | val_auc 0.3088 *
  Epoch    2 | loss 0.5516 | val_auc 0.7308 *
  Epoch    3 | loss 0.5431 | val_auc 0.5404
  Epoch   10 | loss 0.5102 | val_auc 0.8395 *
  Epoch   20 | loss 0.5005 | val_auc 0.8884
  Epoch   30 | loss 0.4663 | val_auc 0.9333 *
  Epoch   40 | loss 0.4210 | val_auc 0.9366
  Epoch   50 | loss 0.3961 | val_auc 0.9403
  Early stopping at epoch 51  (best val_auc=0.9469 at epoch 31)

============================================================
  BBBP_graphsage_max_seed4
  train_auc=0.8173  val_auc=0.9469  test_auc=0.9007  (best epoch 31)
  Saved → results/BBBP_graphsage_max_seed4_metrics.json
============================================================
