Task 66: BACE / gin / max / seed 5
[run_single] device=cuda  model=gin  readout=max  seed=5
Dataset: BACE  |  1513 molecules  |  1 task(s)
Loaded existing scaffold split from ./data/splits/BACE_scaffold_seed5.json
Split  train=1209  val=151  test=153
Model: gin  |  readout=max  |  params=92,932

Training BACE_gin_max_seed5 for up to 100 epochs ...
  Epoch    1 | loss 0.6794 | val_auc 0.5855 *
  Epoch    2 | loss 0.6449 | val_auc 0.5852
  Epoch    3 | loss 0.6220 | val_auc 0.6622 *
  Epoch   10 | loss 0.5260 | val_auc 0.7153
  Epoch   20 | loss 0.4432 | val_auc 0.8063 *
  Epoch   30 | loss 0.4189 | val_auc 0.8363 *
  Epoch   40 | loss 0.3849 | val_auc 0.8547 *
  Epoch   50 | loss 0.3755 | val_auc 0.8547
  Epoch   60 | loss 0.3638 | val_auc 0.8378
  Epoch   70 | loss 0.3104 | val_auc 0.8544
  Epoch   80 | loss 0.3173 | val_auc 0.8505
  Epoch   90 | loss 0.3166 | val_auc 0.8105
  Early stopping at epoch 95  (best val_auc=0.8738 at epoch 75)

============================================================
  BACE_gin_max_seed5
  train_auc=0.9535  val_auc=0.8738  test_auc=0.8413  (best epoch 75)
  Saved → results/BACE_gin_max_seed5_metrics.json
============================================================
