Task 23: BACE / gcn / max / seed 2
[run_single] device=cuda  model=gcn  readout=max  seed=2
Dataset: BACE  |  1513 molecules  |  1 task(s)
Loaded existing scaffold split from ./data/splits/BACE_scaffold_seed2.json
Split  train=1209  val=151  test=153
Model: gcn  |  readout=max  |  params=42,625

Training BACE_gcn_max_seed2 for up to 100 epochs ...
  Epoch    1 | loss 0.6975 | val_auc 0.5430 *
  Epoch    2 | loss 0.6922 | val_auc 0.5764 *
  Epoch    3 | loss 0.6856 | val_auc 0.5438
  Epoch   10 | loss 0.6649 | val_auc 0.6288 *
  Epoch   20 | loss 0.6073 | val_auc 0.7093 *
  Epoch   30 | loss 0.6043 | val_auc 0.7024
  Epoch   40 | loss 0.5720 | val_auc 0.7248
  Epoch   50 | loss 0.5642 | val_auc 0.7418
  Epoch   60 | loss 0.5364 | val_auc 0.7474
  Early stopping at epoch 67  (best val_auc=0.7688 at epoch 47)

============================================================
  BACE_gcn_max_seed2
  train_auc=0.8006  val_auc=0.7688  test_auc=0.7478  (best epoch 47)
  Saved → results/BACE_gcn_max_seed2_metrics.json
============================================================
