Task 101: BACE / graphsage / max / seed 5
[run_single] device=cuda  model=graphsage  readout=max  seed=5
Dataset: BACE  |  1513 molecules  |  1 task(s)
Loaded existing scaffold split from ./data/splits/BACE_scaffold_seed5.json
Split  train=1210  val=151  test=152
Model: graphsage  |  readout=max  |  params=76,545

Training BACE_graphsage_max_seed5 for up to 100 epochs ...
  Epoch    1 | loss 0.7024 | val_auc 0.5151 *
  Epoch    2 | loss 0.6894 | val_auc 0.5106
  Epoch    3 | loss 0.6938 | val_auc 0.4868
  Epoch   10 | loss 0.6668 | val_auc 0.5398
  Epoch   20 | loss 0.6580 | val_auc 0.5781
  Epoch   30 | loss 0.6350 | val_auc 0.6487
  Epoch   40 | loss 0.5935 | val_auc 0.7234 *
  Epoch   50 | loss 0.5373 | val_auc 0.7022
  Epoch   60 | loss 0.5293 | val_auc 0.7263
  Epoch   70 | loss 0.5165 | val_auc 0.7661 *
  Epoch   80 | loss 0.5032 | val_auc 0.7750 *
  Epoch   90 | loss 0.4994 | val_auc 0.7565
  Epoch  100 | loss 0.4844 | val_auc 0.7750

============================================================
  BACE_graphsage_max_seed5
  train_auc=0.8700  val_auc=0.8078  test_auc=0.8294  (best epoch 95)
  Saved → results/BACE_graphsage_max_seed5_metrics.json
============================================================
