Task 7: BACE / gcn / mean / seed 9
[run_single] device=cuda  model=gcn  readout=mean  seed=9
Dataset: BACE  |  1513 molecules  |  1 task(s)
  class balance — train: 0.52 pos  val: 0.21 pos  test: 0.21 pos
Saved scaffold split (1210/151/152) to ./data/splits/BACE_scaffold_seed9.json
Split  train=1210  val=151  test=152
Model: gcn  |  readout=mean  |  params=42,625

Training BACE_gcn_mean_seed9 for up to 100 epochs ...
  Epoch    1 | loss 0.6956 | val_auc 0.5132 *
  Epoch    2 | loss 0.6919 | val_auc 0.5124
  Epoch    3 | loss 0.6944 | val_auc 0.4761
  Epoch   10 | loss 0.6831 | val_auc 0.5470 *
  Epoch   20 | loss 0.6645 | val_auc 0.5177
  Epoch   30 | loss 0.6599 | val_auc 0.5134
  Epoch   40 | loss 0.6438 | val_auc 0.5651
  Epoch   50 | loss 0.6296 | val_auc 0.6409 *
  Epoch   60 | loss 0.6265 | val_auc 0.6831 *
  Epoch   70 | loss 0.6211 | val_auc 0.6742
  Epoch   80 | loss 0.5961 | val_auc 0.6669
  Epoch   90 | loss 0.5889 | val_auc 0.6804
  Epoch  100 | loss 0.5719 | val_auc 0.7097

============================================================
  BACE_gcn_mean_seed9
  train_auc=0.7925  val_auc=0.8016  test_auc=0.6620  (best epoch 96)
  Saved → results/BACE_gcn_mean_seed9_metrics.json
============================================================
