Task 29: BACE / gin / mean / seed 3
[run_single] device=cuda  model=gin  readout=mean  seed=3
Dataset: BACE  |  1513 molecules  |  1 task(s)
Loaded existing scaffold split from ./data/splits/BACE_scaffold_seed3.json
Split  train=1210  val=151  test=152
Model: gin  |  readout=mean  |  params=92,932

Training BACE_gin_mean_seed3 for up to 100 epochs ...
  Epoch    1 | loss 0.6809 | val_auc 0.5782 *
  Epoch    2 | loss 0.6453 | val_auc 0.6156 *
  Epoch    3 | loss 0.6161 | val_auc 0.6237 *
  Epoch   10 | loss 0.4964 | val_auc 0.7188 *
  Epoch   20 | loss 0.4646 | val_auc 0.7317
  Epoch   30 | loss 0.4374 | val_auc 0.8046 *
  Epoch   40 | loss 0.4145 | val_auc 0.7879
  Epoch   50 | loss 0.3905 | val_auc 0.8019
  Epoch   60 | loss 0.3888 | val_auc 0.8242
  Epoch   70 | loss 0.3771 | val_auc 0.8500
  Epoch   80 | loss 0.3485 | val_auc 0.8309
  Epoch   90 | loss 0.3390 | val_auc 0.8793 *
  Epoch  100 | loss 0.3257 | val_auc 0.8441

============================================================
  BACE_gin_mean_seed3
  train_auc=0.9531  val_auc=0.8892  test_auc=0.8474  (best epoch 94)
  Saved → results/BACE_gin_mean_seed3_metrics.json
============================================================
