Task 91: BBBP / gat / sum / seed 0
[run_single] device=cuda  model=gat  readout=sum  seed=0
Dataset: BBBP  |  2039 molecules  |  1 task(s)
Loaded existing scaffold split from ./data/splits/BBBP_scaffold_seed0.json
Split  train=1631  val=203  test=205
Model: gat  |  readout=sum  |  params=43,393

Training BBBP_gat_sum_seed0 for up to 100 epochs ...
  Epoch    1 | loss 0.9984 | val_auc 0.1600 *
  Epoch    2 | loss 0.6422 | val_auc 0.1690 *
  Epoch    3 | loss 0.6239 | val_auc 0.1987 *
  Epoch   10 | loss 0.5993 | val_auc 0.8676 *
  Epoch   20 | loss 0.5658 | val_auc 0.8779
  Epoch   30 | loss 0.5547 | val_auc 0.9272
  Epoch   40 | loss 0.5228 | val_auc 0.9445 *
  Epoch   50 | loss 0.5190 | val_auc 0.9330
  Epoch   60 | loss 0.5170 | val_auc 0.9358
  Early stopping at epoch 60  (best val_auc=0.9445 at epoch 40)

============================================================
  BBBP_gat_sum_seed0
  train_auc=0.7061  val_auc=0.9445  test_auc=0.7967  (best epoch 40)
  Saved → results/BBBP_gat_sum_seed0_metrics.json
============================================================
