Task 23: BACE / gin / attention / seed 1
[run_single] device=cuda  model=gin  readout=attention  seed=1
Dataset: BACE  |  1513 molecules  |  1 task(s)
Loaded existing scaffold split from ./data/splits/BACE_scaffold_seed1.json
Split  train=1210  val=151  test=152
Model: gin  |  readout=attention  |  params=109,573

Training BACE_gin_attention_seed1 for up to 100 epochs ...
  Epoch    1 | loss 0.6893 | val_auc 0.6140 *
  Epoch    2 | loss 0.6612 | val_auc 0.6680 *
  Epoch    3 | loss 0.6354 | val_auc 0.6570
  Epoch   10 | loss 0.5454 | val_auc 0.7661 *
  Epoch   20 | loss 0.4736 | val_auc 0.8207 *
  Epoch   30 | loss 0.4406 | val_auc 0.7954
  Epoch   40 | loss 0.4163 | val_auc 0.8226
  Epoch   50 | loss 0.4031 | val_auc 0.7863
  Early stopping at epoch 55  (best val_auc=0.8387 at epoch 35)

============================================================
  BACE_gin_attention_seed1
  train_auc=0.8651  val_auc=0.8387  test_auc=0.7628  (best epoch 35)
  Saved → results/BACE_gin_attention_seed1_metrics.json
============================================================
