Task 10: BACE / gcn / attention / seed 0
[run_single] device=cuda  model=gcn  readout=attention  seed=0
Dataset: BACE  |  1513 molecules  |  1 task(s)
Loaded existing scaffold split from ./data/splits/BACE_scaffold_seed0.json
Split  train=1210  val=151  test=152
Model: gcn  |  readout=attention  |  params=59,266

Training BACE_gcn_attention_seed0 for up to 100 epochs ...
  Epoch    1 | loss 0.6965 | val_auc 0.5422 *
  Epoch    2 | loss 0.6956 | val_auc 0.5220
  Epoch    3 | loss 0.6939 | val_auc 0.5374
  Epoch   10 | loss 0.6862 | val_auc 0.5954 *
  Epoch   20 | loss 0.6411 | val_auc 0.5970 *
  Epoch   30 | loss 0.6362 | val_auc 0.5977 *
  Epoch   40 | loss 0.6218 | val_auc 0.6712 *
  Epoch   50 | loss 0.6248 | val_auc 0.6132
  Epoch   60 | loss 0.6199 | val_auc 0.6026
  Epoch   70 | loss 0.6072 | val_auc 0.7020
  Epoch   80 | loss 0.5938 | val_auc 0.7157
  Epoch   90 | loss 0.5880 | val_auc 0.7097
  Epoch  100 | loss 0.5869 | val_auc 0.7372

============================================================
  BACE_gcn_attention_seed0
  train_auc=0.7519  val_auc=0.7391  test_auc=0.6728  (best epoch 84)
  Saved → results/BACE_gcn_attention_seed0_metrics.json
============================================================
