Task 83: BACE / gat / attention / seed 8
[run_single] device=cuda  model=gat  readout=attention  seed=8
Dataset: BACE  |  1513 molecules  |  1 task(s)
Loaded existing scaffold split from ./data/splits/BACE_scaffold_seed8.json
Split  train=1210  val=151  test=152
Model: gat  |  readout=attention  |  params=60,034

Training BACE_gat_attention_seed8 for up to 100 epochs ...
  Epoch    1 | loss 0.6940 | val_auc 0.5489 *
  Epoch    2 | loss 0.6953 | val_auc 0.5739 *
  Epoch    3 | loss 0.6941 | val_auc 0.5621
  Epoch   10 | loss 0.6936 | val_auc 0.5492
  Epoch   20 | loss 0.6782 | val_auc 0.5815 *
  Epoch   30 | loss 0.6752 | val_auc 0.5930 *
  Epoch   40 | loss 0.6592 | val_auc 0.5935
  Epoch   50 | loss 0.6466 | val_auc 0.6087
  Epoch   60 | loss 0.6420 | val_auc 0.6095
  Epoch   70 | loss 0.6362 | val_auc 0.5677
  Epoch   80 | loss 0.6273 | val_auc 0.6254
  Epoch   90 | loss 0.6135 | val_auc 0.6177
  Epoch  100 | loss 0.6128 | val_auc 0.6224

============================================================
  BACE_gat_attention_seed8
  train_auc=0.7180  val_auc=0.6485  test_auc=0.7349  (best epoch 87)
  Saved → results/BACE_gat_attention_seed8_metrics.json
============================================================
