Task 121: BBBP / graphsage / mean / seed 0
[run_single] device=cuda  model=graphsage  readout=mean  seed=0
Dataset: BBBP  |  2039 molecules  |  1 task(s)
Loaded existing scaffold split from ./data/splits/BBBP_scaffold_seed0.json
Split  train=1631  val=203  test=205
Model: graphsage  |  readout=mean  |  params=76,545

Training BBBP_graphsage_mean_seed0 for up to 100 epochs ...
  Epoch    1 | loss 0.5657 | val_auc 0.6399 *
  Epoch    2 | loss 0.5473 | val_auc 0.8762 *
  Epoch    3 | loss 0.5438 | val_auc 0.9272 *
  Epoch   10 | loss 0.5105 | val_auc 0.9461 *
  Epoch   20 | loss 0.4760 | val_auc 0.9546
  Epoch   30 | loss 0.4522 | val_auc 0.9536
  Epoch   40 | loss 0.4300 | val_auc 0.9399
  Epoch   50 | loss 0.3924 | val_auc 0.9452
  Early stopping at epoch 53  (best val_auc=0.9649 at epoch 33)

============================================================
  BBBP_graphsage_mean_seed0
  train_auc=0.8264  val_auc=0.9649  test_auc=0.8776  (best epoch 33)
  Saved → results/BBBP_graphsage_mean_seed0_metrics.json
============================================================
