Task 46: BACE / gin / max / seed 6
[run_single] device=cuda  model=gin  readout=max  seed=6
Dataset: BACE  |  1513 molecules  |  1 task(s)
Loaded existing scaffold split from ./data/splits/BACE_scaffold_seed6.json
Split  train=1210  val=151  test=152
Model: gin  |  readout=max  |  params=92,932

Training BACE_gin_max_seed6 for up to 100 epochs ...
  Epoch    1 | loss 0.6974 | val_auc 0.6524 *
  Epoch    2 | loss 0.6682 | val_auc 0.6401
  Epoch    3 | loss 0.6353 | val_auc 0.6728 *
  Epoch   10 | loss 0.5442 | val_auc 0.6433
  Epoch   20 | loss 0.4889 | val_auc 0.7091
  Epoch   30 | loss 0.4414 | val_auc 0.7242
  Epoch   40 | loss 0.3898 | val_auc 0.7142
  Epoch   50 | loss 0.3891 | val_auc 0.7452
  Epoch   60 | loss 0.3592 | val_auc 0.7554
  Epoch   70 | loss 0.3465 | val_auc 0.7194
  Epoch   80 | loss 0.3172 | val_auc 0.7629
  Epoch   90 | loss 0.3205 | val_auc 0.6613
  Epoch  100 | loss 0.3082 | val_auc 0.7438

============================================================
  BACE_gin_max_seed6
  train_auc=0.9489  val_auc=0.7691  test_auc=0.8310  (best epoch 85)
  Saved → results/BACE_gin_max_seed6_metrics.json
============================================================
