Task 139: BBBP / graphsage / sum / seed 8
[run_single] device=cuda  model=graphsage  readout=sum  seed=8
Dataset: BBBP  |  2039 molecules  |  1 task(s)
Loaded existing scaffold split from ./data/splits/BBBP_scaffold_seed8.json
Split  train=1631  val=203  test=205
Model: graphsage  |  readout=sum  |  params=76,545

Training BBBP_graphsage_sum_seed8 for up to 100 epochs ...
  Epoch    1 | loss 0.9972 | val_auc 0.1383 *
  Epoch    2 | loss 0.6246 | val_auc 0.2179 *
  Epoch    3 | loss 0.6100 | val_auc 0.1969
  Epoch   10 | loss 0.5653 | val_auc 0.7008 *
  Epoch   20 | loss 0.5334 | val_auc 0.8699 *
  Epoch   30 | loss 0.4865 | val_auc 0.8803
  Epoch   40 | loss 0.4539 | val_auc 0.8897
  Epoch   50 | loss 0.4368 | val_auc 0.8984
  Early stopping at epoch 57  (best val_auc=0.9656 at epoch 37)

============================================================
  BBBP_graphsage_sum_seed8
  train_auc=0.8061  val_auc=0.9656  test_auc=0.9496  (best epoch 37)
  Saved → results/BBBP_graphsage_sum_seed8_metrics.json
============================================================
