Task 8: BACE / gcn / max / seed 1
[run_single] device=cuda  model=gcn  readout=max  seed=1
Dataset: BACE  |  1513 molecules  |  1 task(s)
  class balance — train: 0.52 pos  val: 0.21 pos  test: 0.21 pos
Saved scaffold split (1210/151/152) to ./data/splits/BACE_scaffold_seed1.json
Split  train=1210  val=151  test=152
Model: gcn  |  readout=max  |  params=42,625

Training BACE_gcn_max_seed1 for up to 100 epochs ...
  Epoch    1 | loss 0.7012 | val_auc 0.5978 *
  Epoch    2 | loss 0.6929 | val_auc 0.5164
  Epoch    3 | loss 0.6921 | val_auc 0.5399
  Epoch   10 | loss 0.6768 | val_auc 0.5405
  Epoch   20 | loss 0.6452 | val_auc 0.5820
  Epoch   30 | loss 0.6258 | val_auc 0.6605 *
  Epoch   40 | loss 0.6026 | val_auc 0.7043
  Epoch   50 | loss 0.5903 | val_auc 0.7117
  Epoch   60 | loss 0.5805 | val_auc 0.7118
  Epoch   70 | loss 0.5658 | val_auc 0.7116
  Early stopping at epoch 77  (best val_auc=0.7339 at epoch 57)

============================================================
  BACE_gcn_max_seed1
  train_auc=0.8067  val_auc=0.7339  test_auc=0.7323  (best epoch 57)
  Saved → results/BACE_gcn_max_seed1_metrics.json
============================================================
