Task 47: BACE / gin / max / seed 7
[run_single] device=cuda  model=gin  readout=max  seed=7
Dataset: BACE  |  1513 molecules  |  1 task(s)
Loaded existing scaffold split from ./data/splits/BACE_scaffold_seed7.json
Split  train=1210  val=151  test=152
Model: gin  |  readout=max  |  params=92,932

Training BACE_gin_max_seed7 for up to 100 epochs ...
  Epoch    1 | loss 0.6964 | val_auc 0.7013 *
  Epoch    2 | loss 0.6698 | val_auc 0.6957
  Epoch    3 | loss 0.6479 | val_auc 0.7562 *
  Epoch   10 | loss 0.5226 | val_auc 0.8202 *
  Epoch   20 | loss 0.4604 | val_auc 0.8333
  Epoch   30 | loss 0.4206 | val_auc 0.8613 *
  Epoch   40 | loss 0.3733 | val_auc 0.8228
  Epoch   50 | loss 0.3563 | val_auc 0.8121
  Epoch   60 | loss 0.3285 | val_auc 0.8296
  Epoch   70 | loss 0.3234 | val_auc 0.8669
  Epoch   80 | loss 0.2950 | val_auc 0.8718
  Early stopping at epoch 81  (best val_auc=0.8909 at epoch 61)

============================================================
  BACE_gin_max_seed7
  train_auc=0.9533  val_auc=0.8909  test_auc=0.7628  (best epoch 61)
  Saved → results/BACE_gin_max_seed7_metrics.json
============================================================
