Task 39: BACE / gin / sum / seed 6
[run_single] device=cuda  model=gin  readout=sum  seed=6
Dataset: BACE  |  1513 molecules  |  1 task(s)
Loaded existing scaffold split from ./data/splits/BACE_scaffold_seed6.json
Split  train=1210  val=151  test=152
Model: gin  |  readout=sum  |  params=92,932

Training BACE_gin_sum_seed6 for up to 100 epochs ...
  Epoch    1 | loss 0.7614 | val_auc 0.6798 *
  Epoch    2 | loss 0.6562 | val_auc 0.7043 *
  Epoch    3 | loss 0.6326 | val_auc 0.7435 *
  Epoch   10 | loss 0.5734 | val_auc 0.7156
  Epoch   20 | loss 0.5048 | val_auc 0.7167
  Epoch   30 | loss 0.4519 | val_auc 0.7524
  Epoch   40 | loss 0.4295 | val_auc 0.7535
  Epoch   50 | loss 0.3993 | val_auc 0.7398
  Early stopping at epoch 54  (best val_auc=0.7903 at epoch 34)

============================================================
  BACE_gin_sum_seed6
  train_auc=0.8978  val_auc=0.7903  test_auc=0.8440  (best epoch 34)
  Saved → results/BACE_gin_sum_seed6_metrics.json
============================================================
