Task 51: BACE / gin / attention / seed 4
[run_single] device=cuda  model=gin  readout=attention  seed=4
Dataset: BACE  |  1513 molecules  |  1 task(s)
Loaded existing scaffold split from ./data/splits/BACE_scaffold_seed4.json
Split  train=1210  val=151  test=152
Model: gin  |  readout=attention  |  params=109,573

Training BACE_gin_attention_seed4 for up to 100 epochs ...
  Epoch    1 | loss 0.6868 | val_auc 0.6159 *
  Epoch    2 | loss 0.6571 | val_auc 0.6425 *
  Epoch    3 | loss 0.6383 | val_auc 0.6349
  Epoch   10 | loss 0.5316 | val_auc 0.7202 *
  Epoch   20 | loss 0.4630 | val_auc 0.7296
  Epoch   30 | loss 0.4406 | val_auc 0.7685 *
  Epoch   40 | loss 0.4132 | val_auc 0.8118 *
  Epoch   50 | loss 0.3914 | val_auc 0.7917
  Epoch   60 | loss 0.3816 | val_auc 0.7968
  Epoch   70 | loss 0.3728 | val_auc 0.7935
  Epoch   80 | loss 0.3454 | val_auc 0.8239
  Epoch   90 | loss 0.3455 | val_auc 0.8030
  Epoch  100 | loss 0.3005 | val_auc 0.8035

============================================================
  BACE_gin_attention_seed4
  train_auc=0.9465  val_auc=0.8414  test_auc=0.8510  (best epoch 93)
  Saved → results/BACE_gin_attention_seed4_metrics.json
============================================================
