Task 98: BBBP / gat / sum / seed 7
[run_single] device=cuda  model=gat  readout=sum  seed=7
Dataset: BBBP  |  2039 molecules  |  1 task(s)
Loaded existing scaffold split from ./data/splits/BBBP_scaffold_seed7.json
Split  train=1631  val=203  test=205
Model: gat  |  readout=sum  |  params=43,393

Training BBBP_gat_sum_seed7 for up to 100 epochs ...
  Epoch    1 | loss 0.9125 | val_auc 0.2570 *
  Epoch    2 | loss 0.6279 | val_auc 0.2014
  Epoch    3 | loss 0.6087 | val_auc 0.2274
  Epoch   10 | loss 0.5713 | val_auc 0.6604
  Epoch   20 | loss 0.5403 | val_auc 0.8376 *
  Epoch   30 | loss 0.5312 | val_auc 0.8219
  Epoch   40 | loss 0.5077 | val_auc 0.8444
  Epoch   50 | loss 0.5020 | val_auc 0.8186
  Epoch   60 | loss 0.4830 | val_auc 0.8476
  Early stopping at epoch 62  (best val_auc=0.8809 at epoch 42)

============================================================
  BBBP_gat_sum_seed7
  train_auc=0.7678  val_auc=0.8809  test_auc=0.9069  (best epoch 42)
  Saved → results/BBBP_gat_sum_seed7_metrics.json
============================================================
