Task 40: BACE / gcn / attention / seed 9
[run_single] device=cuda  model=gcn  readout=attention  seed=9
Dataset: BACE  |  1513 molecules  |  1 task(s)
Loaded existing scaffold split from ./data/splits/BACE_scaffold_seed9.json
Split  train=1209  val=151  test=153
Model: gcn  |  readout=attention  |  params=59,266

Training BACE_gcn_attention_seed9 for up to 100 epochs ...
  Epoch    1 | loss 0.6941 | val_auc 0.5794 *
  Epoch    2 | loss 0.6898 | val_auc 0.5589
  Epoch    3 | loss 0.6905 | val_auc 0.5684
  Epoch   10 | loss 0.6838 | val_auc 0.5914 *
  Epoch   20 | loss 0.6551 | val_auc 0.6211
  Epoch   30 | loss 0.6500 | val_auc 0.5885
  Epoch   40 | loss 0.6329 | val_auc 0.6214
  Early stopping at epoch 41  (best val_auc=0.6281 at epoch 21)

============================================================
  BACE_gcn_attention_seed9
  train_auc=0.6784  val_auc=0.6281  test_auc=0.6452  (best epoch 21)
  Saved → results/BACE_gcn_attention_seed9_metrics.json
============================================================
