Task 31: BACE / gat / max / seed 0
[run_single] device=cuda  model=gat  readout=max  seed=0
Dataset: BACE  |  1513 molecules  |  1 task(s)
Loaded existing scaffold split from ./data/splits/BACE_scaffold_seed0.json
Split  train=1210  val=151  test=152
Model: gat  |  readout=max  |  params=43,393

Training BACE_gat_max_seed0 for up to 100 epochs ...
  Epoch    1 | loss 0.7130 | val_auc 0.5280 *
  Epoch    2 | loss 0.6958 | val_auc 0.4973
  Epoch    3 | loss 0.6903 | val_auc 0.4656
  Epoch   10 | loss 0.6822 | val_auc 0.5575
  Epoch   20 | loss 0.6692 | val_auc 0.5780
  Epoch   30 | loss 0.6774 | val_auc 0.6097
  Epoch   40 | loss 0.6527 | val_auc 0.6621
  Epoch   50 | loss 0.6164 | val_auc 0.7167 *
  Epoch   60 | loss 0.6087 | val_auc 0.7250
  Epoch   70 | loss 0.5767 | val_auc 0.7277
  Epoch   80 | loss 0.5912 | val_auc 0.7683
  Epoch   90 | loss 0.5863 | val_auc 0.7685
  Epoch  100 | loss 0.5615 | val_auc 0.7747

============================================================
  BACE_gat_max_seed0
  train_auc=0.8261  val_auc=0.7806  test_auc=0.6749  (best epoch 92)
  Saved → results/BACE_gat_max_seed0_metrics.json
============================================================
