Task 111: BACE / gat / attention / seed 0
[run_single] device=cuda  model=gat  readout=attention  seed=0
Dataset: BACE  |  1513 molecules  |  1 task(s)
Loaded existing scaffold split from ./data/splits/BACE_scaffold_seed0.json
Split  train=1209  val=151  test=153
Model: gat  |  readout=attention  |  params=60,034

Training BACE_gat_attention_seed0 for up to 100 epochs ...
  Epoch    1 | loss 0.6949 | val_auc 0.5962 *
  Epoch    2 | loss 0.6915 | val_auc 0.6025 *
  Epoch    3 | loss 0.6893 | val_auc 0.5532
  Epoch   10 | loss 0.6861 | val_auc 0.5993
  Epoch   20 | loss 0.6533 | val_auc 0.6730 *
  Epoch   30 | loss 0.6384 | val_auc 0.6767
  Epoch   40 | loss 0.6101 | val_auc 0.6805
  Epoch   50 | loss 0.5877 | val_auc 0.6881
  Epoch   60 | loss 0.5767 | val_auc 0.6511
  Epoch   70 | loss 0.5727 | val_auc 0.6366
  Early stopping at epoch 77  (best val_auc=0.7174 at epoch 57)

============================================================
  BACE_gat_attention_seed0
  train_auc=0.7696  val_auc=0.7174  test_auc=0.6742  (best epoch 57)
  Saved → results/BACE_gat_attention_seed0_metrics.json
============================================================
