Task 18: BACE / gin / sum / seed 2
[run_single] device=cuda  model=gin  readout=sum  seed=2
Dataset: BACE  |  1513 molecules  |  1 task(s)
Loaded existing scaffold split from ./data/splits/BACE_scaffold_seed2.json
Split  train=1210  val=151  test=152
Model: gin  |  readout=sum  |  params=92,932

Training BACE_gin_sum_seed2 for up to 100 epochs ...
  Epoch    1 | loss 0.7318 | val_auc 0.6589 *
  Epoch    2 | loss 0.6575 | val_auc 0.5839
  Epoch    3 | loss 0.6438 | val_auc 0.6989 *
  Epoch   10 | loss 0.5541 | val_auc 0.6395
  Epoch   20 | loss 0.4989 | val_auc 0.7040
  Epoch   30 | loss 0.4454 | val_auc 0.7683
  Epoch   40 | loss 0.4252 | val_auc 0.7820
  Epoch   50 | loss 0.3768 | val_auc 0.7739
  Epoch   60 | loss 0.3477 | val_auc 0.7944
  Epoch   70 | loss 0.3547 | val_auc 0.7734
  Epoch   80 | loss 0.3589 | val_auc 0.8199
  Epoch   90 | loss 0.3182 | val_auc 0.8349
  Epoch  100 | loss 0.3319 | val_auc 0.8043

============================================================
  BACE_gin_sum_seed2
  train_auc=0.9549  val_auc=0.8441  test_auc=0.8391  (best epoch 92)
  Saved → results/BACE_gin_sum_seed2_metrics.json
============================================================
