Task 38: BACE / graphsage / mean / seed 1
[run_single] device=cuda  model=graphsage  readout=mean  seed=1
Dataset: BACE  |  1513 molecules  |  1 task(s)
Loaded existing scaffold split from ./data/splits/BACE_scaffold_seed1.json
Split  train=1210  val=151  test=152
Model: graphsage  |  readout=mean  |  params=76,545

Training BACE_graphsage_mean_seed1 for up to 100 epochs ...
  Epoch    1 | loss 0.6953 | val_auc 0.4898 *
  Epoch    2 | loss 0.6937 | val_auc 0.5005 *
  Epoch    3 | loss 0.6964 | val_auc 0.5315 *
  Epoch   10 | loss 0.6785 | val_auc 0.4680
  Epoch   20 | loss 0.6642 | val_auc 0.5293
  Epoch   30 | loss 0.6417 | val_auc 0.5798 *
  Epoch   40 | loss 0.6046 | val_auc 0.6882 *
  Epoch   50 | loss 0.5664 | val_auc 0.7116 *
  Epoch   60 | loss 0.5426 | val_auc 0.7223
  Epoch   70 | loss 0.5158 | val_auc 0.7401
  Epoch   80 | loss 0.5211 | val_auc 0.7516
  Early stopping at epoch 87  (best val_auc=0.7833 at epoch 67)

============================================================
  BACE_graphsage_mean_seed1
  train_auc=0.8338  val_auc=0.7833  test_auc=0.7560  (best epoch 67)
  Saved → results/BACE_graphsage_mean_seed1_metrics.json
============================================================
