Task 80: BBBP / gin / attention / seed 9
[run_single] device=cuda  model=gin  readout=attention  seed=9
Dataset: BBBP  |  2039 molecules  |  1 task(s)
Loaded existing scaffold split from ./data/splits/BBBP_scaffold_seed9.json
Split  train=1631  val=203  test=205
Model: gin  |  readout=attention  |  params=109,573

Training BBBP_gin_attention_seed9 for up to 100 epochs ...
  Epoch    1 | loss 0.5650 | val_auc 0.7383 *
  Epoch    2 | loss 0.4876 | val_auc 0.8811 *
  Epoch    3 | loss 0.4599 | val_auc 0.8927 *
  Epoch   10 | loss 0.3748 | val_auc 0.9427 *
  Epoch   20 | loss 0.3133 | val_auc 0.9422
  Epoch   30 | loss 0.2859 | val_auc 0.9214
  Epoch   40 | loss 0.2752 | val_auc 0.9332
  Early stopping at epoch 44  (best val_auc=0.9534 at epoch 24)

============================================================
  BBBP_gin_attention_seed9
  train_auc=0.9277  val_auc=0.9534  test_auc=0.9469  (best epoch 24)
  Saved → results/BBBP_gin_attention_seed9_metrics.json
============================================================
