Task 54: BACE / gin / attention / seed 7
[run_single] device=cuda  model=gin  readout=attention  seed=7
Dataset: BACE  |  1513 molecules  |  1 task(s)
Loaded existing scaffold split from ./data/splits/BACE_scaffold_seed7.json
Split  train=1210  val=151  test=152
Model: gin  |  readout=attention  |  params=109,573

Training BACE_gin_attention_seed7 for up to 100 epochs ...
  Epoch    1 | loss 0.6903 | val_auc 0.6860 *
  Epoch    2 | loss 0.6614 | val_auc 0.7366 *
  Epoch    3 | loss 0.6363 | val_auc 0.7487 *
  Epoch   10 | loss 0.5555 | val_auc 0.8272 *
  Epoch   20 | loss 0.4807 | val_auc 0.8605 *
  Epoch   30 | loss 0.4339 | val_auc 0.8535
  Epoch   40 | loss 0.4038 | val_auc 0.8169
  Epoch   50 | loss 0.3808 | val_auc 0.8164
  Epoch   60 | loss 0.3558 | val_auc 0.8333
  Epoch   70 | loss 0.3647 | val_auc 0.8602
  Early stopping at epoch 75  (best val_auc=0.8938 at epoch 55)

============================================================
  BACE_gin_attention_seed7
  train_auc=0.9275  val_auc=0.8938  test_auc=0.7503  (best epoch 55)
  Saved → results/BACE_gin_attention_seed7_metrics.json
============================================================
