Task 43: BACE / gin / max / seed 3
[run_single] device=cuda  model=gin  readout=max  seed=3
Dataset: BACE  |  1513 molecules  |  1 task(s)
Loaded existing scaffold split from ./data/splits/BACE_scaffold_seed3.json
Split  train=1210  val=151  test=152
Model: gin  |  readout=max  |  params=92,932

Training BACE_gin_max_seed3 for up to 100 epochs ...
  Epoch    1 | loss 0.6939 | val_auc 0.5597 *
  Epoch    2 | loss 0.6663 | val_auc 0.6175 *
  Epoch    3 | loss 0.6456 | val_auc 0.6390 *
  Epoch   10 | loss 0.5310 | val_auc 0.6495
  Epoch   20 | loss 0.4794 | val_auc 0.7382
  Epoch   30 | loss 0.4515 | val_auc 0.7567
  Epoch   40 | loss 0.4026 | val_auc 0.7914
  Epoch   50 | loss 0.3622 | val_auc 0.7954
  Epoch   60 | loss 0.3583 | val_auc 0.7944
  Epoch   70 | loss 0.3555 | val_auc 0.8126
  Epoch   80 | loss 0.3197 | val_auc 0.7648
  Early stopping at epoch 89  (best val_auc=0.8452 at epoch 69)

============================================================
  BACE_gin_max_seed3
  train_auc=0.9469  val_auc=0.8452  test_auc=0.8172  (best epoch 69)
  Saved → results/BACE_gin_max_seed3_metrics.json
============================================================
