Task 73: BACE / gat / max / seed 5
[run_single] device=cuda  model=gat  readout=max  seed=5
Dataset: BACE  |  1513 molecules  |  1 task(s)
Loaded existing scaffold split from ./data/splits/BACE_scaffold_seed5.json
Split  train=1210  val=151  test=152
Model: gat  |  readout=max  |  params=43,393

Training BACE_gat_max_seed5 for up to 100 epochs ...
  Epoch    1 | loss 0.7078 | val_auc 0.5239 *
  Epoch    2 | loss 0.6881 | val_auc 0.5599 *
  Epoch    3 | loss 0.6881 | val_auc 0.5957 *
  Epoch   10 | loss 0.6771 | val_auc 0.5926
  Epoch   20 | loss 0.6750 | val_auc 0.6269 *
  Epoch   30 | loss 0.6545 | val_auc 0.6349
  Epoch   40 | loss 0.6584 | val_auc 0.6524
  Epoch   50 | loss 0.6298 | val_auc 0.7223 *
  Epoch   60 | loss 0.6151 | val_auc 0.6739
  Epoch   70 | loss 0.5973 | val_auc 0.6872
  Early stopping at epoch 71  (best val_auc=0.7341 at epoch 51)

============================================================
  BACE_gat_max_seed5
  train_auc=0.7669  val_auc=0.7341  test_auc=0.6742  (best epoch 51)
  Saved → results/BACE_gat_max_seed5_metrics.json
============================================================
