Task 158: BBBP / graphsage / attention / seed 7
[run_single] device=cuda  model=graphsage  readout=attention  seed=7
Dataset: BBBP  |  2039 molecules  |  1 task(s)
Loaded existing scaffold split from ./data/splits/BBBP_scaffold_seed7.json
Split  train=1631  val=203  test=205
Model: graphsage  |  readout=attention  |  params=93,186

Training BBBP_graphsage_attention_seed7 for up to 100 epochs ...
  Epoch    1 | loss 0.5606 | val_auc 0.6057 *
  Epoch    2 | loss 0.5539 | val_auc 0.7676 *
  Epoch    3 | loss 0.5444 | val_auc 0.8526 *
  Epoch   10 | loss 0.5057 | val_auc 0.8436
  Epoch   20 | loss 0.4828 | val_auc 0.8815
  Epoch   30 | loss 0.4699 | val_auc 0.8948
  Epoch   40 | loss 0.4312 | val_auc 0.9006
  Epoch   50 | loss 0.4077 | val_auc 0.9228
  Epoch   60 | loss 0.3671 | val_auc 0.9153
  Epoch   70 | loss 0.3452 | val_auc 0.9103
  Early stopping at epoch 71  (best val_auc=0.9292 at epoch 51)

============================================================
  BBBP_graphsage_attention_seed7
  train_auc=0.8781  val_auc=0.9292  test_auc=0.9205  (best epoch 51)
  Saved → results/BBBP_graphsage_attention_seed7_metrics.json
============================================================
