Task 48: BACE / gin / max / seed 8
[run_single] device=cuda  model=gin  readout=max  seed=8
Dataset: BACE  |  1513 molecules  |  1 task(s)
Loaded existing scaffold split from ./data/splits/BACE_scaffold_seed8.json
Split  train=1210  val=151  test=152
Model: gin  |  readout=max  |  params=92,932

Training BACE_gin_max_seed8 for up to 100 epochs ...
  Epoch    1 | loss 0.6982 | val_auc 0.4930 *
  Epoch    2 | loss 0.6766 | val_auc 0.6556 *
  Epoch    3 | loss 0.6475 | val_auc 0.6970 *
  Epoch   10 | loss 0.5492 | val_auc 0.7151 *
  Epoch   20 | loss 0.4701 | val_auc 0.7253
  Epoch   30 | loss 0.4247 | val_auc 0.7134
  Epoch   40 | loss 0.3989 | val_auc 0.7597
  Epoch   50 | loss 0.3854 | val_auc 0.7691
  Epoch   60 | loss 0.3618 | val_auc 0.7739
  Epoch   70 | loss 0.3387 | val_auc 0.7898
  Epoch   80 | loss 0.3534 | val_auc 0.7675
  Early stopping at epoch 85  (best val_auc=0.8151 at epoch 65)

============================================================
  BACE_gin_max_seed8
  train_auc=0.9459  val_auc=0.8151  test_auc=0.8732  (best epoch 65)
  Saved → results/BACE_gin_max_seed8_metrics.json
============================================================
