Task 73: BBBP / gin / attention / seed 2
[run_single] device=cpu  model=gin  readout=attention  seed=2
Dataset: BBBP  |  2039 molecules  |  1 task(s)
Loaded existing scaffold split from ./data/splits/BBBP_scaffold_seed2.json
Split  train=1631  val=203  test=205
Model: gin  |  readout=attention  |  params=109,573

Training BBBP_gin_attention_seed2 for up to 100 epochs ...
  Epoch    1 | loss 0.5463 | val_auc 0.8669 *
  Epoch    2 | loss 0.4840 | val_auc 0.8951 *
  Epoch    3 | loss 0.4559 | val_auc 0.9304 *
  Epoch   10 | loss 0.3583 | val_auc 0.9386 *
  Epoch   20 | loss 0.3147 | val_auc 0.9430
  Epoch   30 | loss 0.2925 | val_auc 0.9482 *
  Epoch   40 | loss 0.2754 | val_auc 0.9429
  Epoch   50 | loss 0.2630 | val_auc 0.9424
  Early stopping at epoch 53  (best val_auc=0.9561 at epoch 33)

============================================================
  BBBP_gin_attention_seed2
  train_auc=0.9480  val_auc=0.9561  test_auc=0.9273  (best epoch 33)
  Saved → results/BBBP_gin_attention_seed2_metrics.json
============================================================
