Task 33: BACE / gin / mean / seed 7
[run_single] device=cuda  model=gin  readout=mean  seed=7
Dataset: BACE  |  1513 molecules  |  1 task(s)
Loaded existing scaffold split from ./data/splits/BACE_scaffold_seed7.json
Split  train=1210  val=151  test=152
Model: gin  |  readout=mean  |  params=92,932

Training BACE_gin_mean_seed7 for up to 100 epochs ...
  Epoch    1 | loss 0.6872 | val_auc 0.7430 *
  Epoch    2 | loss 0.6408 | val_auc 0.6981
  Epoch    3 | loss 0.6215 | val_auc 0.7524 *
  Epoch   10 | loss 0.5224 | val_auc 0.8516
  Epoch   20 | loss 0.4554 | val_auc 0.8707
  Epoch   30 | loss 0.4166 | val_auc 0.8823
  Epoch   40 | loss 0.3987 | val_auc 0.8188
  Early stopping at epoch 44  (best val_auc=0.8935 at epoch 24)

============================================================
  BACE_gin_mean_seed7
  train_auc=0.9049  val_auc=0.8935  test_auc=0.7617  (best epoch 24)
  Saved → results/BACE_gin_mean_seed7_metrics.json
============================================================
