Task 13: BBBP / gcn / sum / seed 2
[run_single] device=cuda  model=gcn  readout=sum  seed=2
Dataset: BBBP  |  2039 molecules  |  1 task(s)
  class balance — train: 0.77 pos  val: 0.77 pos  test: 0.76 pos
Saved scaffold split (1631/203/205) to ./data/splits/BBBP_scaffold_seed2.json
Split  train=1631  val=203  test=205
Model: gcn  |  readout=sum  |  params=42,625

Training BBBP_gcn_sum_seed2 for up to 100 epochs ...
  Epoch    1 | loss 0.7137 | val_auc 0.2747 *
  Epoch    2 | loss 0.6337 | val_auc 0.1939
  Epoch    3 | loss 0.6068 | val_auc 0.3576 *
  Epoch   10 | loss 0.5551 | val_auc 0.8279
  Epoch   20 | loss 0.5148 | val_auc 0.8831
  Epoch   30 | loss 0.4861 | val_auc 0.8833
  Epoch   40 | loss 0.4597 | val_auc 0.9281
  Epoch   50 | loss 0.4266 | val_auc 0.9592
  Epoch   60 | loss 0.4244 | val_auc 0.9521
  Early stopping at epoch 67  (best val_auc=0.9682 at epoch 47)

============================================================
  BBBP_gcn_sum_seed2
  train_auc=0.8023  val_auc=0.9682  test_auc=0.9525  (best epoch 47)
  Saved → results/BBBP_gcn_sum_seed2_metrics.json
============================================================
