Task 6: BBBP / gcn / mean / seed 5
[run_single] device=cuda  model=gcn  readout=mean  seed=5
Dataset: BBBP  |  2039 molecules  |  1 task(s)
  class balance — train: 0.77 pos  val: 0.77 pos  test: 0.76 pos
Saved scaffold split (1631/203/205) to ./data/splits/BBBP_scaffold_seed5.json
Split  train=1631  val=203  test=205
Model: gcn  |  readout=mean  |  params=42,625

Training BBBP_gcn_mean_seed5 for up to 100 epochs ...
  Epoch    1 | loss 0.5578 | val_auc 0.6227 *
  Epoch    2 | loss 0.5490 | val_auc 0.8753 *
  Epoch    3 | loss 0.5481 | val_auc 0.8815 *
  Epoch   10 | loss 0.5164 | val_auc 0.8981 *
  Epoch   20 | loss 0.4987 | val_auc 0.9272
  Epoch   30 | loss 0.4912 | val_auc 0.9374 *
  Epoch   40 | loss 0.4897 | val_auc 0.9378
  Epoch   50 | loss 0.4732 | val_auc 0.9478
  Epoch   60 | loss 0.4322 | val_auc 0.9461
  Epoch   70 | loss 0.4198 | val_auc 0.9405
  Early stopping at epoch 75  (best val_auc=0.9671 at epoch 55)

============================================================
  BBBP_gcn_mean_seed5
  train_auc=0.8028  val_auc=0.9671  test_auc=0.9110  (best epoch 55)
  Saved → results/BBBP_gcn_mean_seed5_metrics.json
============================================================
