Task 33: BBBP / gcn / attention / seed 2
[run_single] device=cuda  model=gcn  readout=attention  seed=2
Dataset: BBBP  |  2039 molecules  |  1 task(s)
  class balance — train: 0.77 pos  val: 0.77 pos  test: 0.76 pos
Saved scaffold split (1631/203/205) to ./data/splits/BBBP_scaffold_seed2.json
Split  train=1631  val=203  test=205
Model: gcn  |  readout=attention  |  params=59,266

Training BBBP_gcn_attention_seed2 for up to 100 epochs ...
  Epoch    1 | loss 0.5736 | val_auc 0.5736 *
  Epoch    2 | loss 0.5474 | val_auc 0.8369 *
  Epoch    3 | loss 0.5417 | val_auc 0.8463 *
  Epoch   10 | loss 0.4996 | val_auc 0.9126
  Epoch   20 | loss 0.4757 | val_auc 0.9333 *
  Epoch   30 | loss 0.4630 | val_auc 0.9373
  Epoch   40 | loss 0.4605 | val_auc 0.9487 *
  Epoch   50 | loss 0.4286 | val_auc 0.9444
  Epoch   60 | loss 0.4209 | val_auc 0.9472
  Early stopping at epoch 68  (best val_auc=0.9532 at epoch 48)

============================================================
  BBBP_gcn_attention_seed2
  train_auc=0.8140  val_auc=0.9532  test_auc=0.8910  (best epoch 48)
  Saved → results/BBBP_gcn_attention_seed2_metrics.json
============================================================
