Task 23: BACE / gcn / attention / seed 4
[run_single] device=cuda  model=gcn  readout=attention  seed=4
Dataset: BACE  |  1513 molecules  |  1 task(s)
Loaded existing scaffold split from ./data/splits/BACE_scaffold_seed4.json
Split  train=1210  val=151  test=152
Model: gcn  |  readout=attention  |  params=59,266

Training BACE_gcn_attention_seed4 for up to 100 epochs ...
  Epoch    1 | loss 0.6953 | val_auc 0.5315 *
  Epoch    2 | loss 0.6925 | val_auc 0.5411 *
  Epoch    3 | loss 0.6928 | val_auc 0.5290
  Epoch   10 | loss 0.6823 | val_auc 0.5086
  Epoch   20 | loss 0.6702 | val_auc 0.5758 *
  Epoch   30 | loss 0.6446 | val_auc 0.6082
  Epoch   40 | loss 0.6280 | val_auc 0.6040
  Early stopping at epoch 49  (best val_auc=0.6433 at epoch 29)

============================================================
  BACE_gcn_attention_seed4
  train_auc=0.6854  val_auc=0.6433  test_auc=0.5621  (best epoch 29)
  Saved → results/BACE_gcn_attention_seed4_metrics.json
============================================================
