Task 132: BBBP / graphsage / sum / seed 1
[run_single] device=cuda  model=graphsage  readout=sum  seed=1
Dataset: BBBP  |  2039 molecules  |  1 task(s)
Loaded existing scaffold split from ./data/splits/BBBP_scaffold_seed1.json
Split  train=1631  val=203  test=205
Model: graphsage  |  readout=sum  |  params=76,545

Training BBBP_graphsage_sum_seed1 for up to 100 epochs ...
  Epoch    1 | loss 0.9338 | val_auc 0.1690 *
  Epoch    2 | loss 0.6277 | val_auc 0.2019 *
  Epoch    3 | loss 0.6134 | val_auc 0.2443 *
  Epoch   10 | loss 0.5677 | val_auc 0.7462
  Epoch   20 | loss 0.5391 | val_auc 0.8449
  Epoch   30 | loss 0.5143 | val_auc 0.8766
  Epoch   40 | loss 0.4743 | val_auc 0.9138
  Epoch   50 | loss 0.4398 | val_auc 0.9343
  Epoch   60 | loss 0.4071 | val_auc 0.9074
  Early stopping at epoch 63  (best val_auc=0.9490 at epoch 43)

============================================================
  BBBP_graphsage_sum_seed1
  train_auc=0.8280  val_auc=0.9490  test_auc=0.9318  (best epoch 43)
  Saved → results/BBBP_graphsage_sum_seed1_metrics.json
============================================================
