Task 95: BBBP / gat / sum / seed 4
[run_single] device=cuda  model=gat  readout=sum  seed=4
Dataset: BBBP  |  2039 molecules  |  1 task(s)
Loaded existing scaffold split from ./data/splits/BBBP_scaffold_seed4.json
Split  train=1631  val=203  test=205
Model: gat  |  readout=sum  |  params=43,393

Training BBBP_gat_sum_seed4 for up to 100 epochs ...
  Epoch    1 | loss 0.7466 | val_auc 0.1874 *
  Epoch    2 | loss 0.6168 | val_auc 0.2364 *
  Epoch    3 | loss 0.6132 | val_auc 0.2066
  Epoch   10 | loss 0.5687 | val_auc 0.8516 *
  Epoch   20 | loss 0.5481 | val_auc 0.8718
  Epoch   30 | loss 0.5179 | val_auc 0.8472
  Epoch   40 | loss 0.5031 | val_auc 0.8933
  Epoch   50 | loss 0.5007 | val_auc 0.8985 *
  Epoch   60 | loss 0.4865 | val_auc 0.9013
  Epoch   70 | loss 0.4588 | val_auc 0.9115
  Epoch   80 | loss 0.4511 | val_auc 0.9366
  Epoch   90 | loss 0.4342 | val_auc 0.9287
  Epoch  100 | loss 0.4230 | val_auc 0.9300

============================================================
  BBBP_gat_sum_seed4
  train_auc=0.8455  val_auc=0.9505  test_auc=0.8965  (best epoch 96)
  Saved → results/BBBP_gat_sum_seed4_metrics.json
============================================================
