Task 79: BACE / gat / attention / seed 4
[run_single] device=cuda  model=gat  readout=attention  seed=4
Dataset: BACE  |  1513 molecules  |  1 task(s)
Loaded existing scaffold split from ./data/splits/BACE_scaffold_seed4.json
Split  train=1210  val=151  test=152
Model: gat  |  readout=attention  |  params=60,034

Training BACE_gat_attention_seed4 for up to 100 epochs ...
  Epoch    1 | loss 0.6986 | val_auc 0.5175 *
  Epoch    2 | loss 0.6872 | val_auc 0.5081
  Epoch    3 | loss 0.6873 | val_auc 0.5247 *
  Epoch   10 | loss 0.6722 | val_auc 0.5358 *
  Epoch   20 | loss 0.6598 | val_auc 0.5602
  Epoch   30 | loss 0.6464 | val_auc 0.5648
  Epoch   40 | loss 0.6405 | val_auc 0.5519
  Early stopping at epoch 44  (best val_auc=0.6151 at epoch 24)

============================================================
  BACE_gat_attention_seed4
  train_auc=0.6271  val_auc=0.6151  test_auc=0.5635  (best epoch 24)
  Saved → results/BACE_gat_attention_seed4_metrics.json
============================================================
