Task 72: BACE / gin / attention / seed 1
[run_single] device=cuda  model=gin  readout=attention  seed=1
Dataset: BACE  |  1513 molecules  |  1 task(s)
Loaded existing scaffold split from ./data/splits/BACE_scaffold_seed1.json
Split  train=1209  val=151  test=153
Model: gin  |  readout=attention  |  params=109,573

Training BACE_gin_attention_seed1 for up to 100 epochs ...
  Epoch    1 | loss 0.6838 | val_auc 0.5937 *
  Epoch    2 | loss 0.6519 | val_auc 0.5956 *
  Epoch    3 | loss 0.6267 | val_auc 0.6679 *
  Epoch   10 | loss 0.5403 | val_auc 0.7688
  Epoch   20 | loss 0.4879 | val_auc 0.7743
  Epoch   30 | loss 0.4412 | val_auc 0.8167
  Epoch   40 | loss 0.4368 | val_auc 0.8476
  Epoch   50 | loss 0.3913 | val_auc 0.8689
  Epoch   60 | loss 0.3808 | val_auc 0.8747
  Early stopping at epoch 69  (best val_auc=0.8961 at epoch 49)

============================================================
  BACE_gin_attention_seed1
  train_auc=0.9103  val_auc=0.8961  test_auc=0.8017  (best epoch 49)
  Saved → results/BACE_gin_attention_seed1_metrics.json
============================================================
