Task 115: BBBP / gat / attention / seed 4
[run_single] device=cuda  model=gat  readout=attention  seed=4
Dataset: BBBP  |  2039 molecules  |  1 task(s)
Loaded existing scaffold split from ./data/splits/BBBP_scaffold_seed4.json
Split  train=1631  val=203  test=205
Model: gat  |  readout=attention  |  params=60,034

Training BBBP_gat_attention_seed4 for up to 100 epochs ...
  Epoch    1 | loss 0.5716 | val_auc 0.8032 *
  Epoch    2 | loss 0.5500 | val_auc 0.8426 *
  Epoch    3 | loss 0.5516 | val_auc 0.8553 *
  Epoch   10 | loss 0.5070 | val_auc 0.8987
  Epoch   20 | loss 0.4723 | val_auc 0.9058
  Epoch   30 | loss 0.4525 | val_auc 0.9187
  Epoch   40 | loss 0.4332 | val_auc 0.9333 *
  Epoch   50 | loss 0.4209 | val_auc 0.9328
  Epoch   60 | loss 0.4205 | val_auc 0.9236
  Epoch   70 | loss 0.3975 | val_auc 0.9354
  Epoch   80 | loss 0.3838 | val_auc 0.9344
  Epoch   90 | loss 0.3675 | val_auc 0.9435
  Epoch  100 | loss 0.3713 | val_auc 0.9285

============================================================
  BBBP_gat_attention_seed4
  train_auc=0.8799  val_auc=0.9493  test_auc=0.9007  (best epoch 89)
  Saved → results/BBBP_gat_attention_seed4_metrics.json
============================================================
