Task 135: BBBP / graphsage / sum / seed 4
[run_single] device=cuda  model=graphsage  readout=sum  seed=4
Dataset: BBBP  |  2039 molecules  |  1 task(s)
Loaded existing scaffold split from ./data/splits/BBBP_scaffold_seed4.json
Split  train=1631  val=203  test=205
Model: graphsage  |  readout=sum  |  params=76,545

Training BBBP_graphsage_sum_seed4 for up to 100 epochs ...
  Epoch    1 | loss 1.0559 | val_auc 0.1278 *
  Epoch    2 | loss 0.6240 | val_auc 0.3129 *
  Epoch    3 | loss 0.6147 | val_auc 0.3812 *
  Epoch   10 | loss 0.5590 | val_auc 0.8024
  Epoch   20 | loss 0.5520 | val_auc 0.8246
  Epoch   30 | loss 0.4928 | val_auc 0.9003
  Epoch   40 | loss 0.4444 | val_auc 0.9468 *
  Epoch   50 | loss 0.4170 | val_auc 0.9583 *
  Epoch   60 | loss 0.4032 | val_auc 0.9281
  Epoch   70 | loss 0.3823 | val_auc 0.9531
  Early stopping at epoch 70  (best val_auc=0.9583 at epoch 50)

============================================================
  BBBP_graphsage_sum_seed4
  train_auc=0.8527  val_auc=0.9583  test_auc=0.9059  (best epoch 50)
  Saved → results/BBBP_graphsage_sum_seed4_metrics.json
============================================================
