Task 151: BACE / graphsage / attention / seed 0
[run_single] device=cuda  model=graphsage  readout=attention  seed=0
Dataset: BACE  |  1513 molecules  |  1 task(s)
Loaded existing scaffold split from ./data/splits/BACE_scaffold_seed0.json
Split  train=1209  val=151  test=153
Model: graphsage  |  readout=attention  |  params=93,186

Training BACE_graphsage_attention_seed0 for up to 100 epochs ...
  Epoch    1 | loss 0.6949 | val_auc 0.5969 *
  Epoch    2 | loss 0.6889 | val_auc 0.6124 *
  Epoch    3 | loss 0.6893 | val_auc 0.6212 *
  Epoch   10 | loss 0.6764 | val_auc 0.6290 *
  Epoch   20 | loss 0.6580 | val_auc 0.6642
  Epoch   30 | loss 0.6191 | val_auc 0.7160
  Epoch   40 | loss 0.6054 | val_auc 0.7280
  Epoch   50 | loss 0.5821 | val_auc 0.7446
  Epoch   60 | loss 0.5735 | val_auc 0.7365
  Early stopping at epoch 61  (best val_auc=0.7508 at epoch 41)

============================================================
  BACE_graphsage_attention_seed0
  train_auc=0.7542  val_auc=0.7508  test_auc=0.6184  (best epoch 41)
  Saved → results/BACE_graphsage_attention_seed0_metrics.json
============================================================
