Task 15: BBBP / gcn / sum / seed 4
[run_single] device=cuda  model=gcn  readout=sum  seed=4
Dataset: BBBP  |  2039 molecules  |  1 task(s)
Loaded existing scaffold split from ./data/splits/BBBP_scaffold_seed4.json
Split  train=1631  val=203  test=205
Model: gcn  |  readout=sum  |  params=42,625

Training BBBP_gcn_sum_seed4 for up to 100 epochs ...
  Epoch    1 | loss 0.7703 | val_auc 0.2294 *
  Epoch    2 | loss 0.6293 | val_auc 0.3294 *
  Epoch    3 | loss 0.6087 | val_auc 0.2849
  Epoch   10 | loss 0.5542 | val_auc 0.7975
  Epoch   20 | loss 0.5168 | val_auc 0.9142
  Epoch   30 | loss 0.4956 | val_auc 0.9349 *
  Epoch   40 | loss 0.4863 | val_auc 0.8924
  Epoch   50 | loss 0.4608 | val_auc 0.9568
  Epoch   60 | loss 0.4164 | val_auc 0.9534
  Epoch   70 | loss 0.4109 | val_auc 0.9520
  Early stopping at epoch 71  (best val_auc=0.9636 at epoch 51)

============================================================
  BBBP_gcn_sum_seed4
  train_auc=0.8146  val_auc=0.9636  test_auc=0.9250  (best epoch 51)
  Saved → results/BBBP_gcn_sum_seed4_metrics.json
============================================================
