Task 4: BACE / gcn / mean / seed 6
[run_single] device=cuda  model=gcn  readout=mean  seed=6
Dataset: BACE  |  1513 molecules  |  1 task(s)
  class balance — train: 0.52 pos  val: 0.21 pos  test: 0.21 pos
Saved scaffold split (1210/151/152) to ./data/splits/BACE_scaffold_seed6.json
Split  train=1210  val=151  test=152
Model: gcn  |  readout=mean  |  params=42,625

Training BACE_gcn_mean_seed6 for up to 100 epochs ...
  Epoch    1 | loss 0.6943 | val_auc 0.4817 *
  Epoch    2 | loss 0.6954 | val_auc 0.4595
  Epoch    3 | loss 0.6944 | val_auc 0.5293 *
  Epoch   10 | loss 0.6910 | val_auc 0.5602
  Epoch   20 | loss 0.6690 | val_auc 0.5648
  Epoch   30 | loss 0.6532 | val_auc 0.5583
  Epoch   40 | loss 0.6383 | val_auc 0.5815
  Epoch   50 | loss 0.6121 | val_auc 0.6210
  Epoch   60 | loss 0.6055 | val_auc 0.6675
  Epoch   70 | loss 0.5962 | val_auc 0.6659
  Epoch   80 | loss 0.5882 | val_auc 0.6817 *
  Epoch   90 | loss 0.5861 | val_auc 0.6868
  Epoch  100 | loss 0.5702 | val_auc 0.7065

============================================================
  BACE_gcn_mean_seed6
  train_auc=0.7802  val_auc=0.7148  test_auc=0.6849  (best epoch 96)
  Saved → results/BACE_gcn_mean_seed6_metrics.json
============================================================
