Task 33: BACE / gat / max / seed 2
[run_single] device=cuda  model=gat  readout=max  seed=2
Dataset: BACE  |  1513 molecules  |  1 task(s)
Loaded existing scaffold split from ./data/splits/BACE_scaffold_seed2.json
Split  train=1210  val=151  test=152
Model: gat  |  readout=max  |  params=43,393

Training BACE_gat_max_seed2 for up to 100 epochs ...
  Epoch    1 | loss 0.7100 | val_auc 0.5258 *
  Epoch    2 | loss 0.6915 | val_auc 0.5457 *
  Epoch    3 | loss 0.6914 | val_auc 0.6129 *
  Epoch   10 | loss 0.6894 | val_auc 0.6215 *
  Epoch   20 | loss 0.6565 | val_auc 0.6168
  Epoch   30 | loss 0.6576 | val_auc 0.6621 *
  Epoch   40 | loss 0.6429 | val_auc 0.6466
  Epoch   50 | loss 0.6364 | val_auc 0.6419
  Epoch   60 | loss 0.6182 | val_auc 0.6677
  Epoch   70 | loss 0.6020 | val_auc 0.6981
  Epoch   80 | loss 0.5828 | val_auc 0.6513
  Epoch   90 | loss 0.5779 | val_auc 0.6804
  Early stopping at epoch 92  (best val_auc=0.7054 at epoch 72)

============================================================
  BACE_gat_max_seed2
  train_auc=0.7934  val_auc=0.7054  test_auc=0.7297  (best epoch 72)
  Saved → results/BACE_gat_max_seed2_metrics.json
============================================================
