Task 72: BACE / gat / max / seed 4
[run_single] device=cuda  model=gat  readout=max  seed=4
Dataset: BACE  |  1513 molecules  |  1 task(s)
Loaded existing scaffold split from ./data/splits/BACE_scaffold_seed4.json
Split  train=1210  val=151  test=152
Model: gat  |  readout=max  |  params=43,393

Training BACE_gat_max_seed4 for up to 100 epochs ...
  Epoch    1 | loss 0.7118 | val_auc 0.4626 *
  Epoch    2 | loss 0.6968 | val_auc 0.4409
  Epoch    3 | loss 0.6876 | val_auc 0.5185 *
  Epoch   10 | loss 0.6757 | val_auc 0.5492
  Epoch   20 | loss 0.6637 | val_auc 0.6511 *
  Epoch   30 | loss 0.6341 | val_auc 0.6804
  Epoch   40 | loss 0.6234 | val_auc 0.6879
  Epoch   50 | loss 0.6047 | val_auc 0.6858
  Epoch   60 | loss 0.5968 | val_auc 0.7099
  Early stopping at epoch 62  (best val_auc=0.7134 at epoch 42)

============================================================
  BACE_gat_max_seed4
  train_auc=0.7689  val_auc=0.7134  test_auc=0.6888  (best epoch 42)
  Saved → results/BACE_gat_max_seed4_metrics.json
============================================================
