Task 3: BBBP / gcn / mean / seed 2
[run_single] device=cpu  model=gcn  readout=mean  seed=2
Dataset: BBBP  |  2039 molecules  |  1 task(s)
Loaded existing scaffold split from ./data/splits/BBBP_scaffold_seed2.json
Split  train=1631  val=203  test=205
Model: gcn  |  readout=mean  |  params=42,625

Training BBBP_gcn_mean_seed2 for up to 100 epochs ...
  Epoch    1 | loss 0.5847 | val_auc 0.4450 *
  Epoch    2 | loss 0.5472 | val_auc 0.7223 *
  Epoch    3 | loss 0.5424 | val_auc 0.8104 *
  Epoch   10 | loss 0.5176 | val_auc 0.8771 *
  Epoch   20 | loss 0.4987 | val_auc 0.9093 *
  Epoch   30 | loss 0.4879 | val_auc 0.9165
  Epoch   40 | loss 0.4596 | val_auc 0.9333 *
  Epoch   50 | loss 0.4508 | val_auc 0.9384
  Epoch   60 | loss 0.4446 | val_auc 0.9449
  Epoch   70 | loss 0.4173 | val_auc 0.9379
  Epoch   80 | loss 0.4052 | val_auc 0.9429
  Epoch   90 | loss 0.3948 | val_auc 0.9411
  Epoch  100 | loss 0.3752 | val_auc 0.9491

============================================================
  BBBP_gcn_mean_seed2
  train_auc=0.8655  val_auc=0.9573  test_auc=0.9349  (best epoch 86)
  Saved → results/BBBP_gcn_mean_seed2_metrics.json
============================================================
