Task 68: BBBP / gin / max / seed 7
[run_single] device=cuda  model=gin  readout=max  seed=7
Dataset: BBBP  |  2039 molecules  |  1 task(s)
Loaded existing scaffold split from ./data/splits/BBBP_scaffold_seed7.json
Split  train=1631  val=203  test=205
Model: gin  |  readout=max  |  params=92,932

Training BBBP_gin_max_seed7 for up to 100 epochs ...
  Epoch    1 | loss 0.5470 | val_auc 0.7407 *
  Epoch    2 | loss 0.4963 | val_auc 0.8314 *
  Epoch    3 | loss 0.4641 | val_auc 0.7909
  Epoch   10 | loss 0.3765 | val_auc 0.9190
  Epoch   20 | loss 0.3250 | val_auc 0.9280
  Epoch   30 | loss 0.2999 | val_auc 0.9307
  Epoch   40 | loss 0.2712 | val_auc 0.9202
  Epoch   50 | loss 0.2631 | val_auc 0.9430
  Early stopping at epoch 53  (best val_auc=0.9502 at epoch 33)

============================================================
  BBBP_gin_max_seed7
  train_auc=0.9347  val_auc=0.9502  test_auc=0.9483  (best epoch 33)
  Saved → results/BBBP_gin_max_seed7_metrics.json
============================================================
