Task 3: BACE / gcn / mean / seed 2
[run_single] device=cuda  model=gcn  readout=mean  seed=2
Dataset: BACE  |  1513 molecules  |  1 task(s)
  class balance — train: 0.52 pos  val: 0.21 pos  test: 0.21 pos
Saved scaffold split (1210/151/152) to ./data/splits/BACE_scaffold_seed2.json
Split  train=1210  val=151  test=152
Model: gcn  |  readout=mean  |  params=42,625

Training BACE_gcn_mean_seed2 for up to 100 epochs ...
  Epoch    1 | loss 0.6987 | val_auc 0.5192 *
  Epoch    2 | loss 0.6947 | val_auc 0.4911
  Epoch    3 | loss 0.6938 | val_auc 0.5048
  Epoch   10 | loss 0.6839 | val_auc 0.5578
  Epoch   20 | loss 0.6666 | val_auc 0.5704
  Epoch   30 | loss 0.6531 | val_auc 0.5849
  Epoch   40 | loss 0.6297 | val_auc 0.5930
  Epoch   50 | loss 0.6088 | val_auc 0.6328
  Epoch   60 | loss 0.5956 | val_auc 0.6551
  Epoch   70 | loss 0.5931 | val_auc 0.6272
  Early stopping at epoch 71  (best val_auc=0.6774 at epoch 51)

============================================================
  BACE_gcn_mean_seed2
  train_auc=0.6763  val_auc=0.6774  test_auc=0.6604  (best epoch 51)
  Saved → results/BACE_gcn_mean_seed2_metrics.json
============================================================
