Task 106: BBBP / gat / max / seed 5
[run_single] device=cuda  model=gat  readout=max  seed=5
Dataset: BBBP  |  2039 molecules  |  1 task(s)
Loaded existing scaffold split from ./data/splits/BBBP_scaffold_seed5.json
Split  train=1631  val=203  test=205
Model: gat  |  readout=max  |  params=43,393

Training BBBP_gat_max_seed5 for up to 100 epochs ...
  Epoch    1 | loss 0.6014 | val_auc 0.3988 *
  Epoch    2 | loss 0.5596 | val_auc 0.5850 *
  Epoch    3 | loss 0.5570 | val_auc 0.7141 *
  Epoch   10 | loss 0.5376 | val_auc 0.8643 *
  Epoch   20 | loss 0.5097 | val_auc 0.8794 *
  Epoch   30 | loss 0.4897 | val_auc 0.8884 *
  Epoch   40 | loss 0.4771 | val_auc 0.9029 *
  Epoch   50 | loss 0.4718 | val_auc 0.9018
  Epoch   60 | loss 0.4429 | val_auc 0.9134 *
  Epoch   70 | loss 0.4381 | val_auc 0.9269 *
  Epoch   80 | loss 0.4314 | val_auc 0.9309 *
  Epoch   90 | loss 0.4359 | val_auc 0.9292
  Epoch  100 | loss 0.4194 | val_auc 0.9281

============================================================
  BBBP_gat_max_seed5
  train_auc=0.8013  val_auc=0.9394  test_auc=0.9032  (best epoch 96)
  Saved → results/BBBP_gat_max_seed5_metrics.json
============================================================
