Task 148: BBBP / graphsage / max / seed 7
[run_single] device=cuda  model=graphsage  readout=max  seed=7
Dataset: BBBP  |  2039 molecules  |  1 task(s)
Loaded existing scaffold split from ./data/splits/BBBP_scaffold_seed7.json
Split  train=1631  val=203  test=205
Model: graphsage  |  readout=max  |  params=76,545

Training BBBP_graphsage_max_seed7 for up to 100 epochs ...
  Epoch    1 | loss 0.5700 | val_auc 0.2698 *
  Epoch    2 | loss 0.5610 | val_auc 0.4167 *
  Epoch    3 | loss 0.5507 | val_auc 0.4514 *
  Epoch   10 | loss 0.5025 | val_auc 0.8159 *
  Epoch   20 | loss 0.4820 | val_auc 0.8119
  Epoch   30 | loss 0.4541 | val_auc 0.8748 *
  Epoch   40 | loss 0.4207 | val_auc 0.9068
  Epoch   50 | loss 0.4036 | val_auc 0.9197
  Epoch   60 | loss 0.3889 | val_auc 0.9311
  Epoch   70 | loss 0.3670 | val_auc 0.9309
  Early stopping at epoch 72  (best val_auc=0.9378 at epoch 52)

============================================================
  BBBP_graphsage_max_seed7
  train_auc=0.8681  val_auc=0.9378  test_auc=0.9406  (best epoch 52)
  Saved → results/BBBP_graphsage_max_seed7_metrics.json
============================================================
