Task 38: BACE / gin / sum / seed 5
[run_single] device=cuda  model=gin  readout=sum  seed=5
Dataset: BACE  |  1513 molecules  |  1 task(s)
Loaded existing scaffold split from ./data/splits/BACE_scaffold_seed5.json
Split  train=1210  val=151  test=152
Model: gin  |  readout=sum  |  params=92,932

Training BACE_gin_sum_seed5 for up to 100 epochs ...
  Epoch    1 | loss 0.7623 | val_auc 0.6766 *
  Epoch    2 | loss 0.6514 | val_auc 0.6659
  Epoch    3 | loss 0.6337 | val_auc 0.5801
  Epoch   10 | loss 0.5494 | val_auc 0.6723
  Epoch   20 | loss 0.4648 | val_auc 0.7731
  Epoch   30 | loss 0.4301 | val_auc 0.8573 *
  Epoch   40 | loss 0.4107 | val_auc 0.6796
  Epoch   50 | loss 0.4051 | val_auc 0.8333
  Early stopping at epoch 50  (best val_auc=0.8573 at epoch 30)

============================================================
  BACE_gin_sum_seed5
  train_auc=0.9128  val_auc=0.8573  test_auc=0.8198  (best epoch 30)
  Saved → results/BACE_gin_sum_seed5_metrics.json
============================================================
