Task 56: BACE / gin / attention / seed 9
[run_single] device=cuda  model=gin  readout=attention  seed=9
Dataset: BACE  |  1513 molecules  |  1 task(s)
Loaded existing scaffold split from ./data/splits/BACE_scaffold_seed9.json
Split  train=1210  val=151  test=152
Model: gin  |  readout=attention  |  params=109,573

Training BACE_gin_attention_seed9 for up to 100 epochs ...
  Epoch    1 | loss 0.6869 | val_auc 0.6629 *
  Epoch    2 | loss 0.6534 | val_auc 0.6605
  Epoch    3 | loss 0.6304 | val_auc 0.6860 *
  Epoch   10 | loss 0.5339 | val_auc 0.8142
  Epoch   20 | loss 0.4561 | val_auc 0.8282
  Epoch   30 | loss 0.4438 | val_auc 0.8301
  Epoch   40 | loss 0.4176 | val_auc 0.8272
  Epoch   50 | loss 0.3964 | val_auc 0.8602
  Epoch   60 | loss 0.3765 | val_auc 0.8452
  Epoch   70 | loss 0.3536 | val_auc 0.8358
  Epoch   80 | loss 0.3466 | val_auc 0.8199
  Epoch   90 | loss 0.3516 | val_auc 0.8589
  Early stopping at epoch 94  (best val_auc=0.9067 at epoch 74)

============================================================
  BACE_gin_attention_seed9
  train_auc=0.9425  val_auc=0.9067  test_auc=0.8208  (best epoch 74)
  Saved → results/BACE_gin_attention_seed9_metrics.json
============================================================
