Task 141: BBBP / graphsage / max / seed 0
[run_single] device=cuda  model=graphsage  readout=max  seed=0
Dataset: BBBP  |  2039 molecules  |  1 task(s)
Loaded existing scaffold split from ./data/splits/BBBP_scaffold_seed0.json
Split  train=1631  val=203  test=205
Model: graphsage  |  readout=max  |  params=76,545

Training BBBP_graphsage_max_seed0 for up to 100 epochs ...
  Epoch    1 | loss 0.5693 | val_auc 0.5211 *
  Epoch    2 | loss 0.5567 | val_auc 0.6128 *
  Epoch    3 | loss 0.5477 | val_auc 0.7953 *
  Epoch   10 | loss 0.5063 | val_auc 0.8857 *
  Epoch   20 | loss 0.4760 | val_auc 0.9199
  Epoch   30 | loss 0.4655 | val_auc 0.9423 *
  Epoch   40 | loss 0.4296 | val_auc 0.9580 *
  Epoch   50 | loss 0.4003 | val_auc 0.9514
  Epoch   60 | loss 0.3599 | val_auc 0.9345
  Early stopping at epoch 67  (best val_auc=0.9630 at epoch 47)

============================================================
  BBBP_graphsage_max_seed0
  train_auc=0.8640  val_auc=0.9630  test_auc=0.9109  (best epoch 47)
  Saved → results/BBBP_graphsage_max_seed0_metrics.json
============================================================
