Task 78: BBBP / gin / attention / seed 7
[run_single] device=cuda  model=gin  readout=attention  seed=7
Dataset: BBBP  |  2039 molecules  |  1 task(s)
Loaded existing scaffold split from ./data/splits/BBBP_scaffold_seed7.json
Split  train=1631  val=203  test=205
Model: gin  |  readout=attention  |  params=109,573

Training BBBP_gin_attention_seed7 for up to 100 epochs ...
  Epoch    1 | loss 0.5417 | val_auc 0.8352 *
  Epoch    2 | loss 0.4806 | val_auc 0.8788 *
  Epoch    3 | loss 0.4542 | val_auc 0.9180 *
  Epoch   10 | loss 0.3579 | val_auc 0.9173
  Epoch   20 | loss 0.3131 | val_auc 0.9337
  Epoch   30 | loss 0.2831 | val_auc 0.9176
  Epoch   40 | loss 0.2597 | val_auc 0.9208
  Early stopping at epoch 43  (best val_auc=0.9495 at epoch 23)

============================================================
  BBBP_gin_attention_seed7
  train_auc=0.9219  val_auc=0.9495  test_auc=0.9488  (best epoch 23)
  Saved → results/BBBP_gin_attention_seed7_metrics.json
============================================================
