Task 157: BBBP / graphsage / attention / seed 6
[run_single] device=cuda  model=graphsage  readout=attention  seed=6
Dataset: BBBP  |  2039 molecules  |  1 task(s)
Loaded existing scaffold split from ./data/splits/BBBP_scaffold_seed6.json
Split  train=1631  val=203  test=205
Model: graphsage  |  readout=attention  |  params=93,186

Training BBBP_graphsage_attention_seed6 for up to 100 epochs ...
  Epoch    1 | loss 0.5822 | val_auc 0.5136 *
  Epoch    2 | loss 0.5502 | val_auc 0.7447 *
  Epoch    3 | loss 0.5473 | val_auc 0.8201 *
  Epoch   10 | loss 0.5134 | val_auc 0.8719 *
  Epoch   20 | loss 0.4783 | val_auc 0.8899
  Epoch   30 | loss 0.4471 | val_auc 0.9071 *
  Epoch   40 | loss 0.4096 | val_auc 0.8961
  Epoch   50 | loss 0.3824 | val_auc 0.9007
  Early stopping at epoch 55  (best val_auc=0.9208 at epoch 35)

============================================================
  BBBP_graphsage_attention_seed6
  train_auc=0.8607  val_auc=0.9208  test_auc=0.9328  (best epoch 35)
  Saved → results/BBBP_graphsage_attention_seed6_metrics.json
============================================================
