Task 45: BBBP / gin / mean / seed 4
[run_single] device=cuda  model=gin  readout=mean  seed=4
Dataset: BBBP  |  2039 molecules  |  1 task(s)
Loaded existing scaffold split from ./data/splits/BBBP_scaffold_seed4.json
Split  train=1631  val=203  test=205
Model: gin  |  readout=mean  |  params=92,932

Training BBBP_gin_mean_seed4 for up to 100 epochs ...
  Epoch    1 | loss 0.5588 | val_auc 0.8651 *
  Epoch    2 | loss 0.4909 | val_auc 0.8275
  Epoch    3 | loss 0.4731 | val_auc 0.9186 *
  Epoch   10 | loss 0.3653 | val_auc 0.9333
  Epoch   20 | loss 0.3140 | val_auc 0.9450
  Epoch   30 | loss 0.2858 | val_auc 0.9529
  Epoch   40 | loss 0.2820 | val_auc 0.8318
  Early stopping at epoch 43  (best val_auc=0.9662 at epoch 23)

============================================================
  BBBP_gin_mean_seed4
  train_auc=0.9360  val_auc=0.9662  test_auc=0.9254  (best epoch 23)
  Saved → results/BBBP_gin_mean_seed4_metrics.json
============================================================
