Task 16: BBBP / gcn / sum / seed 5
[run_single] device=cuda  model=gcn  readout=sum  seed=5
Dataset: BBBP  |  2039 molecules  |  1 task(s)
Loaded existing scaffold split from ./data/splits/BBBP_scaffold_seed5.json
Split  train=1631  val=203  test=205
Model: gcn  |  readout=sum  |  params=42,625

Training BBBP_gcn_sum_seed5 for up to 100 epochs ...
  Epoch    1 | loss 0.7855 | val_auc 0.1935 *
  Epoch    2 | loss 0.6094 | val_auc 0.4918 *
  Epoch    3 | loss 0.6073 | val_auc 0.2696
  Epoch   10 | loss 0.5584 | val_auc 0.6833
  Epoch   20 | loss 0.5278 | val_auc 0.8370
  Epoch   30 | loss 0.5109 | val_auc 0.8857
  Epoch   40 | loss 0.4821 | val_auc 0.9453 *
  Epoch   50 | loss 0.4458 | val_auc 0.9142
  Epoch   60 | loss 0.4433 | val_auc 0.9339
  Epoch   70 | loss 0.3998 | val_auc 0.9208
  Early stopping at epoch 71  (best val_auc=0.9595 at epoch 51)

============================================================
  BBBP_gcn_sum_seed5
  train_auc=0.8198  val_auc=0.9595  test_auc=0.9045  (best epoch 51)
  Saved → results/BBBP_gcn_sum_seed5_metrics.json
============================================================
