Task 19: BACE / gcn / sum / seed 8
[run_single] device=cuda  model=gcn  readout=sum  seed=8
Dataset: BACE  |  1513 molecules  |  1 task(s)
  class balance — train: 0.46 pos  val: 0.46 pos  test: 0.46 pos
Saved scaffold split (1209/151/153) to ./data/splits/BACE_scaffold_seed8.json
Split  train=1209  val=151  test=153
Model: gcn  |  readout=sum  |  params=42,625

Training BACE_gcn_sum_seed8 for up to 100 epochs ...
  Epoch    1 | loss 0.9416 | val_auc 0.6455 *
  Epoch    2 | loss 0.6967 | val_auc 0.6009
  Epoch    3 | loss 0.6946 | val_auc 0.6645 *
  Epoch   10 | loss 0.6889 | val_auc 0.4933
  Epoch   20 | loss 0.6848 | val_auc 0.6403
  Epoch   30 | loss 0.6761 | val_auc 0.5979
  Epoch   40 | loss 0.6565 | val_auc 0.5573
  Early stopping at epoch 41  (best val_auc=0.6752 at epoch 21)

============================================================
  BACE_gcn_sum_seed8
  train_auc=0.7339  val_auc=0.6752  test_auc=0.6523  (best epoch 21)
  Saved → results/BACE_gcn_sum_seed8_metrics.json
============================================================
