Task 30: BACE / gin / mean / seed 4
[run_single] device=cuda  model=gin  readout=mean  seed=4
Dataset: BACE  |  1513 molecules  |  1 task(s)
Loaded existing scaffold split from ./data/splits/BACE_scaffold_seed4.json
Split  train=1210  val=151  test=152
Model: gin  |  readout=mean  |  params=92,932

Training BACE_gin_mean_seed4 for up to 100 epochs ...
  Epoch    1 | loss 0.6900 | val_auc 0.5640 *
  Epoch    2 | loss 0.6582 | val_auc 0.5860 *
  Epoch    3 | loss 0.6197 | val_auc 0.5997 *
  Epoch   10 | loss 0.5058 | val_auc 0.7175
  Epoch   20 | loss 0.4696 | val_auc 0.7296
  Epoch   30 | loss 0.4284 | val_auc 0.7954
  Epoch   40 | loss 0.4078 | val_auc 0.7892
  Epoch   50 | loss 0.3932 | val_auc 0.8140
  Early stopping at epoch 58  (best val_auc=0.8333 at epoch 38)

============================================================
  BACE_gin_mean_seed4
  train_auc=0.9199  val_auc=0.8333  test_auc=0.8083  (best epoch 38)
  Saved → results/BACE_gin_mean_seed4_metrics.json
============================================================
