Task 138: BACE / graphsage / sum / seed 7
[run_single] device=cuda  model=graphsage  readout=sum  seed=7
Dataset: BACE  |  1513 molecules  |  1 task(s)
Loaded existing scaffold split from ./data/splits/BACE_scaffold_seed7.json
Split  train=1209  val=151  test=153
Model: graphsage  |  readout=sum  |  params=76,545

Training BACE_graphsage_sum_seed7 for up to 100 epochs ...
  Epoch    1 | loss 0.9834 | val_auc 0.5007 *
  Epoch    2 | loss 0.7092 | val_auc 0.4141
  Epoch    3 | loss 0.6962 | val_auc 0.4037
  Epoch   10 | loss 0.6918 | val_auc 0.5353
  Epoch   20 | loss 0.6908 | val_auc 0.5695
  Epoch   30 | loss 0.6910 | val_auc 0.5900
  Epoch   40 | loss 0.6660 | val_auc 0.5659
  Epoch   50 | loss 0.6515 | val_auc 0.6341 *
  Epoch   60 | loss 0.6205 | val_auc 0.7050 *
  Epoch   70 | loss 0.5847 | val_auc 0.6704
  Epoch   80 | loss 0.5598 | val_auc 0.7572
  Epoch   90 | loss 0.5327 | val_auc 0.7665
  Epoch  100 | loss 0.5193 | val_auc 0.7757

============================================================
  BACE_graphsage_sum_seed7
  train_auc=0.8421  val_auc=0.8061  test_auc=0.8028  (best epoch 95)
  Saved → results/BACE_graphsage_sum_seed7_metrics.json
============================================================
