Task 82: BACE / gat / mean / seed 1
[run_single] device=cuda  model=gat  readout=mean  seed=1
Dataset: BACE  |  1513 molecules  |  1 task(s)
Loaded existing scaffold split from ./data/splits/BACE_scaffold_seed1.json
Split  train=1209  val=151  test=153
Model: gat  |  readout=mean  |  params=43,393

Training BACE_gat_mean_seed1 for up to 100 epochs ...
  Epoch    1 | loss 0.6948 | val_auc 0.5437 *
  Epoch    2 | loss 0.6893 | val_auc 0.5375
  Epoch    3 | loss 0.6931 | val_auc 0.5569 *
  Epoch   10 | loss 0.6754 | val_auc 0.5290
  Epoch   20 | loss 0.6446 | val_auc 0.5387
  Epoch   30 | loss 0.6012 | val_auc 0.5889
  Epoch   40 | loss 0.5848 | val_auc 0.5772
  Epoch   50 | loss 0.5631 | val_auc 0.6824
  Epoch   60 | loss 0.5404 | val_auc 0.6895
  Epoch   70 | loss 0.5491 | val_auc 0.6324
  Epoch   80 | loss 0.5282 | val_auc 0.7215
  Epoch   90 | loss 0.5270 | val_auc 0.7211
  Epoch  100 | loss 0.5201 | val_auc 0.7349

============================================================
  BACE_gat_mean_seed1
  train_auc=0.8643  val_auc=0.7686  test_auc=0.8057  (best epoch 99)
  Saved → results/BACE_gat_mean_seed1_metrics.json
============================================================
