Task 36: BBBP / gcn / attention / seed 5
[run_single] device=cuda  model=gcn  readout=attention  seed=5
Dataset: BBBP  |  2039 molecules  |  1 task(s)
Loaded existing scaffold split from ./data/splits/BBBP_scaffold_seed5.json
Split  train=1631  val=203  test=205
Model: gcn  |  readout=attention  |  params=59,266

Training BBBP_gcn_attention_seed5 for up to 100 epochs ...
  Epoch    1 | loss 0.5707 | val_auc 0.4424 *
  Epoch    2 | loss 0.5527 | val_auc 0.7717 *
  Epoch    3 | loss 0.5453 | val_auc 0.8872 *
  Epoch   10 | loss 0.5171 | val_auc 0.9240
  Epoch   20 | loss 0.4960 | val_auc 0.9359
  Epoch   30 | loss 0.4720 | val_auc 0.9452
  Epoch   40 | loss 0.4674 | val_auc 0.9543
  Epoch   50 | loss 0.4377 | val_auc 0.9516
  Epoch   60 | loss 0.4253 | val_auc 0.9598
  Epoch   70 | loss 0.4110 | val_auc 0.9394
  Early stopping at epoch 77  (best val_auc=0.9603 at epoch 57)

============================================================
  BBBP_gcn_attention_seed5
  train_auc=0.8164  val_auc=0.9603  test_auc=0.8798  (best epoch 57)
  Saved → results/BBBP_gcn_attention_seed5_metrics.json
============================================================
