Task 20: BBBP / gcn / sum / seed 9
[run_single] device=cuda  model=gcn  readout=sum  seed=9
Dataset: BBBP  |  2039 molecules  |  1 task(s)
Loaded existing scaffold split from ./data/splits/BBBP_scaffold_seed9.json
Split  train=1631  val=203  test=205
Model: gcn  |  readout=sum  |  params=42,625

Training BBBP_gcn_sum_seed9 for up to 100 epochs ...
  Epoch    1 | loss 0.7096 | val_auc 0.2710 *
  Epoch    2 | loss 0.6233 | val_auc 0.1712
  Epoch    3 | loss 0.6161 | val_auc 0.2687
  Epoch   10 | loss 0.5535 | val_auc 0.8069 *
  Epoch   20 | loss 0.5346 | val_auc 0.8095
  Epoch   30 | loss 0.5017 | val_auc 0.8524
  Epoch   40 | loss 0.4662 | val_auc 0.8978
  Epoch   50 | loss 0.4602 | val_auc 0.9393
  Epoch   60 | loss 0.4266 | val_auc 0.9283
  Early stopping at epoch 64  (best val_auc=0.9523 at epoch 44)

============================================================
  BBBP_gcn_sum_seed9
  train_auc=0.7898  val_auc=0.9523  test_auc=0.9445  (best epoch 44)
  Saved → results/BBBP_gcn_sum_seed9_metrics.json
============================================================
