Task 129: BBBP / graphsage / mean / seed 8
[run_single] device=cuda  model=graphsage  readout=mean  seed=8
Dataset: BBBP  |  2039 molecules  |  1 task(s)
Loaded existing scaffold split from ./data/splits/BBBP_scaffold_seed8.json
Split  train=1631  val=203  test=205
Model: graphsage  |  readout=mean  |  params=76,545

Training BBBP_graphsage_mean_seed8 for up to 100 epochs ...
  Epoch    1 | loss 0.5618 | val_auc 0.5267 *
  Epoch    2 | loss 0.5527 | val_auc 0.8520 *
  Epoch    3 | loss 0.5531 | val_auc 0.8575 *
  Epoch   10 | loss 0.5017 | val_auc 0.8797 *
  Epoch   20 | loss 0.4777 | val_auc 0.9002 *
  Epoch   30 | loss 0.4556 | val_auc 0.9036
  Epoch   40 | loss 0.4254 | val_auc 0.9006
  Epoch   50 | loss 0.4141 | val_auc 0.9055
  Early stopping at epoch 55  (best val_auc=0.9141 at epoch 35)

============================================================
  BBBP_graphsage_mean_seed8
  train_auc=0.8426  val_auc=0.9141  test_auc=0.9393  (best epoch 35)
  Saved → results/BBBP_graphsage_mean_seed8_metrics.json
============================================================
