Task 9: BACE / gcn / sum / seed 4
[run_single] device=cuda  model=gcn  readout=sum  seed=4
Dataset: BACE  |  1513 molecules  |  1 task(s)
  class balance — train: 0.52 pos  val: 0.21 pos  test: 0.21 pos
Saved scaffold split (1210/151/152) to ./data/splits/BACE_scaffold_seed4.json
Split  train=1210  val=151  test=152
Model: gcn  |  readout=sum  |  params=42,625

Training BACE_gcn_sum_seed4 for up to 100 epochs ...
  Epoch    1 | loss 0.7798 | val_auc 0.5970 *
  Epoch    2 | loss 0.6921 | val_auc 0.6099 *
  Epoch    3 | loss 0.6877 | val_auc 0.5930
  Epoch   10 | loss 0.6836 | val_auc 0.5449
  Epoch   20 | loss 0.6714 | val_auc 0.6245
  Epoch   30 | loss 0.6710 | val_auc 0.6081
  Early stopping at epoch 31  (best val_auc=0.6258 at epoch 11)

============================================================
  BACE_gcn_sum_seed4
  train_auc=0.7044  val_auc=0.6258  test_auc=0.6279  (best epoch 11)
  Saved → results/BACE_gcn_sum_seed4_metrics.json
============================================================
