Task 17: BACE / gcn / max / seed 5
[run_single] device=cuda  model=gcn  readout=max  seed=5
Dataset: BACE  |  1513 molecules  |  1 task(s)
Loaded existing scaffold split from ./data/splits/BACE_scaffold_seed5.json
Split  train=1210  val=151  test=152
Model: gcn  |  readout=max  |  params=42,625

Training BACE_gcn_max_seed5 for up to 100 epochs ...
  Epoch    1 | loss 0.7025 | val_auc 0.4789 *
  Epoch    2 | loss 0.6945 | val_auc 0.5723 *
  Epoch    3 | loss 0.6912 | val_auc 0.5051
  Epoch   10 | loss 0.6789 | val_auc 0.5629
  Epoch   20 | loss 0.6401 | val_auc 0.6616
  Epoch   30 | loss 0.6379 | val_auc 0.6484
  Epoch   40 | loss 0.6127 | val_auc 0.6320
  Epoch   50 | loss 0.6144 | val_auc 0.6927
  Epoch   60 | loss 0.5921 | val_auc 0.6988
  Epoch   70 | loss 0.5543 | val_auc 0.7073
  Epoch   80 | loss 0.5359 | val_auc 0.7444 *
  Epoch   90 | loss 0.5458 | val_auc 0.7707 *
  Epoch  100 | loss 0.5177 | val_auc 0.7306

============================================================
  BACE_gcn_max_seed5
  train_auc=0.8428  val_auc=0.7707  test_auc=0.7145  (best epoch 90)
  Saved → results/BACE_gcn_max_seed5_metrics.json
============================================================
