Task 131: BBBP / graphsage / sum / seed 0
[run_single] device=cuda  model=graphsage  readout=sum  seed=0
Dataset: BBBP  |  2039 molecules  |  1 task(s)
Loaded existing scaffold split from ./data/splits/BBBP_scaffold_seed0.json
Split  train=1631  val=203  test=205
Model: graphsage  |  readout=sum  |  params=76,545

Training BBBP_graphsage_sum_seed0 for up to 100 epochs ...
  Epoch    1 | loss 0.7195 | val_auc 0.1754 *
  Epoch    2 | loss 0.6122 | val_auc 0.2623 *
  Epoch    3 | loss 0.6069 | val_auc 0.5216 *
  Epoch   10 | loss 0.5473 | val_auc 0.9184
  Epoch   20 | loss 0.5184 | val_auc 0.9300
  Epoch   30 | loss 0.4825 | val_auc 0.9731 *
  Epoch   40 | loss 0.4486 | val_auc 0.9641
  Epoch   50 | loss 0.3900 | val_auc 0.9498
  Epoch   60 | loss 0.3699 | val_auc 0.9105
  Early stopping at epoch 66  (best val_auc=0.9823 at epoch 46)

============================================================
  BBBP_graphsage_sum_seed0
  train_auc=0.8711  val_auc=0.9823  test_auc=0.8844  (best epoch 46)
  Saved → results/BBBP_graphsage_sum_seed0_metrics.json
============================================================
