Task 90: BBBP / gat / mean / seed 9
[run_single] device=cuda  model=gat  readout=mean  seed=9
Dataset: BBBP  |  2039 molecules  |  1 task(s)
Loaded existing scaffold split from ./data/splits/BBBP_scaffold_seed9.json
Split  train=1631  val=203  test=205
Model: gat  |  readout=mean  |  params=43,393

Training BBBP_gat_mean_seed9 for up to 100 epochs ...
  Epoch    1 | loss 0.5685 | val_auc 0.7066 *
  Epoch    2 | loss 0.5467 | val_auc 0.8215 *
  Epoch    3 | loss 0.5450 | val_auc 0.8591 *
  Epoch   10 | loss 0.5039 | val_auc 0.8710
  Epoch   20 | loss 0.4774 | val_auc 0.8913
  Epoch   30 | loss 0.4635 | val_auc 0.8901
  Epoch   40 | loss 0.4582 | val_auc 0.9019 *
  Epoch   50 | loss 0.4367 | val_auc 0.9003
  Epoch   60 | loss 0.4299 | val_auc 0.9003
  Epoch   70 | loss 0.4275 | val_auc 0.9049
  Epoch   80 | loss 0.4181 | val_auc 0.9008
  Early stopping at epoch 88  (best val_auc=0.9161 at epoch 68)

============================================================
  BBBP_gat_mean_seed9
  train_auc=0.8456  val_auc=0.9161  test_auc=0.9190  (best epoch 68)
  Saved → results/BBBP_gat_mean_seed9_metrics.json
============================================================
