Task 151: BBBP / graphsage / attention / seed 0
[run_single] device=cuda  model=graphsage  readout=attention  seed=0
Dataset: BBBP  |  2039 molecules  |  1 task(s)
Loaded existing scaffold split from ./data/splits/BBBP_scaffold_seed0.json
Split  train=1631  val=203  test=205
Model: graphsage  |  readout=attention  |  params=93,186

Training BBBP_graphsage_attention_seed0 for up to 100 epochs ...
  Epoch    1 | loss 0.5632 | val_auc 0.5387 *
  Epoch    2 | loss 0.5481 | val_auc 0.8642 *
  Epoch    3 | loss 0.5427 | val_auc 0.9266 *
  Epoch   10 | loss 0.5194 | val_auc 0.9594 *
  Epoch   20 | loss 0.4956 | val_auc 0.9532
  Epoch   30 | loss 0.4501 | val_auc 0.9565
  Epoch   40 | loss 0.4231 | val_auc 0.9517
  Epoch   50 | loss 0.3804 | val_auc 0.9547
  Early stopping at epoch 57  (best val_auc=0.9674 at epoch 37)

============================================================
  BBBP_graphsage_attention_seed0
  train_auc=0.8581  val_auc=0.9674  test_auc=0.9069  (best epoch 37)
  Saved → results/BBBP_graphsage_attention_seed0_metrics.json
============================================================
