Task 112: BACE / graphsage / attention / seed 9
[run_single] device=cuda  model=graphsage  readout=attention  seed=9
Dataset: BACE  |  1513 molecules  |  1 task(s)
Loaded existing scaffold split from ./data/splits/BACE_scaffold_seed9.json
Split  train=1210  val=151  test=152
Model: graphsage  |  readout=attention  |  params=93,186

Training BACE_graphsage_attention_seed9 for up to 100 epochs ...
  Epoch    1 | loss 0.6986 | val_auc 0.4707 *
  Epoch    2 | loss 0.6932 | val_auc 0.5509 *
  Epoch    3 | loss 0.6925 | val_auc 0.5336
  Epoch   10 | loss 0.6781 | val_auc 0.5470
  Epoch   20 | loss 0.6707 | val_auc 0.5616
  Epoch   30 | loss 0.6363 | val_auc 0.6298
  Epoch   40 | loss 0.6179 | val_auc 0.6341
  Epoch   50 | loss 0.5873 | val_auc 0.6809 *
  Epoch   60 | loss 0.5917 | val_auc 0.6817
  Epoch   70 | loss 0.5701 | val_auc 0.7237 *
  Epoch   80 | loss 0.5632 | val_auc 0.7048
  Epoch   90 | loss 0.5608 | val_auc 0.7210
  Epoch  100 | loss 0.5440 | val_auc 0.7468

============================================================
  BACE_graphsage_attention_seed9
  train_auc=0.7422  val_auc=0.7556  test_auc=0.6565  (best epoch 84)
  Saved → results/BACE_graphsage_attention_seed9_metrics.json
============================================================
