Task 36: BACE / gat / attention / seed 2
[run_single] device=cuda  model=gat  readout=attention  seed=2
Dataset: BACE  |  1513 molecules  |  1 task(s)
Loaded existing scaffold split from ./data/splits/BACE_scaffold_seed2.json
Split  train=1210  val=151  test=152
Model: gat  |  readout=attention  |  params=60,034

Training BACE_gat_attention_seed2 for up to 100 epochs ...
  Epoch    1 | loss 0.6956 | val_auc 0.5245 *
  Epoch    2 | loss 0.6941 | val_auc 0.5263 *
  Epoch    3 | loss 0.6941 | val_auc 0.5449 *
  Epoch   10 | loss 0.6880 | val_auc 0.5403
  Epoch   20 | loss 0.6688 | val_auc 0.5379
  Epoch   30 | loss 0.6486 | val_auc 0.6210
  Epoch   40 | loss 0.6476 | val_auc 0.6692
  Epoch   50 | loss 0.6354 | val_auc 0.6724
  Epoch   60 | loss 0.6346 | val_auc 0.6903
  Early stopping at epoch 61  (best val_auc=0.7001 at epoch 41)

============================================================
  BACE_gat_attention_seed2
  train_auc=0.6953  val_auc=0.7000  test_auc=0.6146  (best epoch 41)
  Saved → results/BACE_gat_attention_seed2_metrics.json
============================================================
