Task 24: BBBP / gcn / max / seed 3
[run_single] device=cuda  model=gcn  readout=max  seed=3
Dataset: BBBP  |  2039 molecules  |  1 task(s)
Loaded existing scaffold split from ./data/splits/BBBP_scaffold_seed3.json
Split  train=1631  val=203  test=205
Model: gcn  |  readout=max  |  params=42,625

Training BBBP_gcn_max_seed3 for up to 100 epochs ...
  Epoch    1 | loss 0.5669 | val_auc 0.2947 *
  Epoch    2 | loss 0.5501 | val_auc 0.3939 *
  Epoch    3 | loss 0.5441 | val_auc 0.4647 *
  Epoch   10 | loss 0.5038 | val_auc 0.9070
  Epoch   20 | loss 0.4909 | val_auc 0.9235
  Epoch   30 | loss 0.4673 | val_auc 0.9486
  Epoch   40 | loss 0.4599 | val_auc 0.9555
  Epoch   50 | loss 0.4647 | val_auc 0.9587
  Epoch   60 | loss 0.4296 | val_auc 0.9625
  Early stopping at epoch 68  (best val_auc=0.9782 at epoch 48)

============================================================
  BBBP_gcn_max_seed3
  train_auc=0.7984  val_auc=0.9782  test_auc=0.8539  (best epoch 48)
  Saved → results/BBBP_gcn_max_seed3_metrics.json
============================================================
