Task 64: BACE / gin / max / seed 3
[run_single] device=cuda  model=gin  readout=max  seed=3
Dataset: BACE  |  1513 molecules  |  1 task(s)
Loaded existing scaffold split from ./data/splits/BACE_scaffold_seed3.json
Split  train=1209  val=151  test=153
Model: gin  |  readout=max  |  params=92,932

Training BACE_gin_max_seed3 for up to 100 epochs ...
  Epoch    1 | loss 0.6880 | val_auc 0.6174 *
  Epoch    2 | loss 0.6550 | val_auc 0.6891 *
  Epoch    3 | loss 0.6432 | val_auc 0.6919 *
  Epoch   10 | loss 0.5367 | val_auc 0.7741 *
  Epoch   20 | loss 0.4418 | val_auc 0.8293 *
  Epoch   30 | loss 0.4102 | val_auc 0.8088
  Epoch   40 | loss 0.4044 | val_auc 0.8393
  Epoch   50 | loss 0.3494 | val_auc 0.8743
  Epoch   60 | loss 0.3663 | val_auc 0.8600
  Epoch   70 | loss 0.3420 | val_auc 0.8706
  Early stopping at epoch 77  (best val_auc=0.9031 at epoch 57)

============================================================
  BACE_gin_max_seed3
  train_auc=0.9468  val_auc=0.9031  test_auc=0.8840  (best epoch 57)
  Saved → results/BACE_gin_max_seed3_metrics.json
============================================================
