Task 55: BACE / gin / attention / seed 8
[run_single] device=cuda  model=gin  readout=attention  seed=8
Dataset: BACE  |  1513 molecules  |  1 task(s)
Loaded existing scaffold split from ./data/splits/BACE_scaffold_seed8.json
Split  train=1210  val=151  test=152
Model: gin  |  readout=attention  |  params=109,573

Training BACE_gin_attention_seed8 for up to 100 epochs ...
  Epoch    1 | loss 0.6934 | val_auc 0.6000 *
  Epoch    2 | loss 0.6659 | val_auc 0.5551
  Epoch    3 | loss 0.6397 | val_auc 0.5914
  Epoch   10 | loss 0.5737 | val_auc 0.6616
  Epoch   20 | loss 0.4989 | val_auc 0.7387
  Epoch   30 | loss 0.4236 | val_auc 0.7207
  Epoch   40 | loss 0.4097 | val_auc 0.7944
  Epoch   50 | loss 0.4029 | val_auc 0.7511
  Epoch   60 | loss 0.3812 | val_auc 0.8126
  Epoch   70 | loss 0.4000 | val_auc 0.7524
  Early stopping at epoch 76  (best val_auc=0.8328 at epoch 56)

============================================================
  BACE_gin_attention_seed8
  train_auc=0.9243  val_auc=0.8328  test_auc=0.8458  (best epoch 56)
  Saved → results/BACE_gin_attention_seed8_metrics.json
============================================================
