Task 122: BBBP / graphsage / mean / seed 1
[run_single] device=cuda  model=graphsage  readout=mean  seed=1
Dataset: BBBP  |  2039 molecules  |  1 task(s)
Loaded existing scaffold split from ./data/splits/BBBP_scaffold_seed1.json
Split  train=1631  val=203  test=205
Model: graphsage  |  readout=mean  |  params=76,545

Training BBBP_graphsage_mean_seed1 for up to 100 epochs ...
  Epoch    1 | loss 0.5904 | val_auc 0.4595 *
  Epoch    2 | loss 0.5548 | val_auc 0.7229 *
  Epoch    3 | loss 0.5487 | val_auc 0.8036 *
  Epoch   10 | loss 0.5102 | val_auc 0.8998 *
  Epoch   20 | loss 0.4934 | val_auc 0.9095 *
  Epoch   30 | loss 0.4761 | val_auc 0.9194
  Epoch   40 | loss 0.4495 | val_auc 0.9193
  Epoch   50 | loss 0.4276 | val_auc 0.9176
  Epoch   60 | loss 0.3918 | val_auc 0.9180
  Epoch   70 | loss 0.3912 | val_auc 0.9169
  Epoch   80 | loss 0.3648 | val_auc 0.9366 *
  Epoch   90 | loss 0.3383 | val_auc 0.9229
  Epoch  100 | loss 0.3418 | val_auc 0.9262
  Early stopping at epoch 100  (best val_auc=0.9366 at epoch 80)

============================================================
  BBBP_graphsage_mean_seed1
  train_auc=0.9077  val_auc=0.9366  test_auc=0.9243  (best epoch 80)
  Saved → results/BBBP_graphsage_mean_seed1_metrics.json
============================================================
