Task 30: BBBP / gcn / max / seed 9
[run_single] device=cuda  model=gcn  readout=max  seed=9
Dataset: BBBP  |  2039 molecules  |  1 task(s)
Loaded existing scaffold split from ./data/splits/BBBP_scaffold_seed9.json
Split  train=1631  val=203  test=205
Model: gcn  |  readout=max  |  params=42,625

Training BBBP_gcn_max_seed9 for up to 100 epochs ...
  Epoch    1 | loss 0.5750 | val_auc 0.3618 *
  Epoch    2 | loss 0.5606 | val_auc 0.4759 *
  Epoch    3 | loss 0.5527 | val_auc 0.5857 *
  Epoch   10 | loss 0.5238 | val_auc 0.8190 *
  Epoch   20 | loss 0.4972 | val_auc 0.8678 *
  Epoch   30 | loss 0.4753 | val_auc 0.8951 *
  Epoch   40 | loss 0.4708 | val_auc 0.9082 *
  Epoch   50 | loss 0.4681 | val_auc 0.9238 *
  Epoch   60 | loss 0.4427 | val_auc 0.9244
  Epoch   70 | loss 0.4367 | val_auc 0.9161
  Epoch   80 | loss 0.4293 | val_auc 0.9318
  Epoch   90 | loss 0.4077 | val_auc 0.9306
  Epoch  100 | loss 0.4110 | val_auc 0.9274

============================================================
  BBBP_gcn_max_seed9
  train_auc=0.8453  val_auc=0.9324  test_auc=0.8785  (best epoch 84)
  Saved → results/BBBP_gcn_max_seed9_metrics.json
============================================================
