Task 104: BACE / graphsage / max / seed 8
[run_single] device=cuda  model=graphsage  readout=max  seed=8
Dataset: BACE  |  1513 molecules  |  1 task(s)
Loaded existing scaffold split from ./data/splits/BACE_scaffold_seed8.json
Split  train=1210  val=151  test=152
Model: graphsage  |  readout=max  |  params=76,545

Training BACE_graphsage_max_seed8 for up to 100 epochs ...
  Epoch    1 | loss 0.7042 | val_auc 0.4562 *
  Epoch    2 | loss 0.7028 | val_auc 0.5629 *
  Epoch    3 | loss 0.6930 | val_auc 0.4817
  Epoch   10 | loss 0.6637 | val_auc 0.5659 *
  Epoch   20 | loss 0.6468 | val_auc 0.5868
  Epoch   30 | loss 0.5973 | val_auc 0.6223
  Epoch   40 | loss 0.5471 | val_auc 0.6398
  Epoch   50 | loss 0.5265 | val_auc 0.6242
  Epoch   60 | loss 0.5017 | val_auc 0.6747
  Epoch   70 | loss 0.4947 | val_auc 0.6691
  Epoch   80 | loss 0.4789 | val_auc 0.7156 *
  Epoch   90 | loss 0.4791 | val_auc 0.6661
  Epoch  100 | loss 0.4615 | val_auc 0.7038

============================================================
  BACE_graphsage_max_seed8
  train_auc=0.8820  val_auc=0.7355  test_auc=0.8635  (best epoch 89)
  Saved → results/BACE_graphsage_max_seed8_metrics.json
============================================================
