Task 124: BBBP / graphsage / mean / seed 3
[run_single] device=cuda  model=graphsage  readout=mean  seed=3
Dataset: BBBP  |  2039 molecules  |  1 task(s)
Loaded existing scaffold split from ./data/splits/BBBP_scaffold_seed3.json
Split  train=1631  val=203  test=205
Model: graphsage  |  readout=mean  |  params=76,545

Training BBBP_graphsage_mean_seed3 for up to 100 epochs ...
  Epoch    1 | loss 0.5597 | val_auc 0.3397 *
  Epoch    2 | loss 0.5492 | val_auc 0.9032 *
  Epoch    3 | loss 0.5494 | val_auc 0.9607 *
  Epoch   10 | loss 0.5511 | val_auc 0.9542
  Epoch   20 | loss 0.4818 | val_auc 0.9652 *
  Epoch   30 | loss 0.4768 | val_auc 0.9669
  Epoch   40 | loss 0.4455 | val_auc 0.9712
  Epoch   50 | loss 0.4170 | val_auc 0.9790
  Epoch   60 | loss 0.3890 | val_auc 0.9795
  Early stopping at epoch 64  (best val_auc=0.9828 at epoch 44)

============================================================
  BBBP_graphsage_mean_seed3
  train_auc=0.8436  val_auc=0.9828  test_auc=0.8825  (best epoch 44)
  Saved → results/BBBP_graphsage_mean_seed3_metrics.json
============================================================
